Build started 6/5/2019 6:26:35 PM.
     1>Project "C:\Users\VietNamSon\OneDrive\Desktop\Tai lieu chuong Cau Truc Cay\Cay_Nhi_Phan_Tim_Kiem\BaiTapRenLuyenXuLyCay\BaiTapRenLuyenXuLyCay.vcxproj" on node 2 (Build target(s)).
     1>ClCompile:
         C:\Program Files (x86)\Microsoft Visual Studio 11.0\VC\bin\CL.exe /c /ZI /nologo /W3 /WX- /Od /Oy- /D _MBCS /Gm /EHsc /RTC1 /MDd /GS /fp:precise /Zc:wchar_t /Zc:forScope /Fo"Debug\\" /Fd"Debug\vc110.pdb" /Gd /TP /analyze- /errorReport:prompt Source.cpp
         Source.cpp
     1>c:\users\vietnamson\onedrive\desktop\tai lieu chuong cau truc cay\cay_nhi_phan_tim_kiem\baitaprenluyenxulycay\source.cpp(180): warning C4996: 'scanf': This function or variable may be unsafe. Consider using scanf_s instead. To disable deprecation, use _CRT_SECURE_NO_WARNINGS. See online help for details.
                 c:\program files (x86)\microsoft visual studio 11.0\vc\include\stdio.h(290) : see declaration of 'scanf'
     1>c:\users\vietnamson\onedrive\desktop\tai lieu chuong cau truc cay\cay_nhi_phan_tim_kiem\baitaprenluyenxulycay\source.cpp(190): warning C4996: 'scanf': This function or variable may be unsafe. Consider using scanf_s instead. To disable deprecation, use _CRT_SECURE_NO_WARNINGS. See online help for details.
                 c:\program files (x86)\microsoft visual studio 11.0\vc\include\stdio.h(290) : see declaration of 'scanf'
     1>c:\users\vietnamson\onedrive\desktop\tai lieu chuong cau truc cay\cay_nhi_phan_tim_kiem\baitaprenluyenxulycay\source.cpp(205): warning C4996: 'scanf': This function or variable may be unsafe. Consider using scanf_s instead. To disable deprecation, use _CRT_SECURE_NO_WARNINGS. See online help for details.
                 c:\program files (x86)\microsoft visual studio 11.0\vc\include\stdio.h(290) : see declaration of 'scanf'
     1>c:\users\vietnamson\onedrive\desktop\tai lieu chuong cau truc cay\cay_nhi_phan_tim_kiem\baitaprenluyenxulycay\source.cpp(214): warning C4996: 'getch': The POSIX name for this item is deprecated. Instead, use the ISO C++ conformant name: _getch. See online help for details.
                 c:\program files (x86)\microsoft visual studio 11.0\vc\include\conio.h(131) : see declaration of 'getch'
     1>c:\users\vietnamson\onedrive\desktop\tai lieu chuong cau truc cay\cay_nhi_phan_tim_kiem\baitaprenluyenxulycay\source.cpp(246): warning C4996: 'fscanf': This function or variable may be unsafe. Consider using fscanf_s instead. To disable deprecation, use _CRT_SECURE_NO_WARNINGS. See online help for details.
                 c:\program files (x86)\microsoft visual studio 11.0\vc\include\stdio.h(237) : see declaration of 'fscanf'
     1>c:\users\vietnamson\onedrive\desktop\tai lieu chuong cau truc cay\cay_nhi_phan_tim_kiem\baitaprenluyenxulycay\source.cpp(1201): warning C4018: '<' : signed/unsigned mismatch
     1>c:\users\vietnamson\onedrive\desktop\tai lieu chuong cau truc cay\cay_nhi_phan_tim_kiem\baitaprenluyenxulycay\source.cpp(1207): warning C4018: '<' : signed/unsigned mismatch
     1>c:\users\vietnamson\onedrive\desktop\tai lieu chuong cau truc cay\cay_nhi_phan_tim_kiem\baitaprenluyenxulycay\source.cpp(1231): warning C4018: '<' : signed/unsigned mismatch
     1>c:\users\vietnamson\onedrive\desktop\tai lieu chuong cau truc cay\cay_nhi_phan_tim_kiem\baitaprenluyenxulycay\source.cpp(1237): warning C4018: '<' : signed/unsigned mismatch
     1>c:\users\vietnamson\onedrive\desktop\tai lieu chuong cau truc cay\cay_nhi_phan_tim_kiem\baitaprenluyenxulycay\source.cpp(1311): warning C4018: '<' : signed/unsigned mismatch
     1>c:\users\vietnamson\onedrive\desktop\tai lieu chuong cau truc cay\cay_nhi_phan_tim_kiem\baitaprenluyenxulycay\source.cpp(1317): warning C4018: '<' : signed/unsigned mismatch
     1>c:\users\vietnamson\onedrive\desktop\tai lieu chuong cau truc cay\cay_nhi_phan_tim_kiem\baitaprenluyenxulycay\source.cpp(1503): warning C4996: 'scanf': This function or variable may be unsafe. Consider using scanf_s instead. To disable deprecation, use _CRT_SECURE_NO_WARNINGS. See online help for details.
                 c:\program files (x86)\microsoft visual studio 11.0\vc\include\stdio.h(290) : see declaration of 'scanf'
     1>c:\users\vietnamson\onedrive\desktop\tai lieu chuong cau truc cay\cay_nhi_phan_tim_kiem\baitaprenluyenxulycay\source.cpp(1508): warning C4996: 'getch': The POSIX name for this item is deprecated. Instead, use the ISO C++ conformant name: _getch. See online help for details.
                 c:\program files (x86)\microsoft visual studio 11.0\vc\include\conio.h(131) : see declaration of 'getch'
     1>c:\users\vietnamson\onedrive\desktop\tai lieu chuong cau truc cay\cay_nhi_phan_tim_kiem\baitaprenluyenxulycay\source.cpp(1518): warning C4996: 'gets': This function or variable may be unsafe. Consider using gets_s instead. To disable deprecation, use _CRT_SECURE_NO_WARNINGS. See online help for details.
                 c:\program files (x86)\microsoft visual studio 11.0\vc\include\stdio.h(261) : see declaration of 'gets'
     1>c:\users\vietnamson\onedrive\desktop\tai lieu chuong cau truc cay\cay_nhi_phan_tim_kiem\baitaprenluyenxulycay\source.cpp(1520): warning C4996: 'fopen': This function or variable may be unsafe. Consider using fopen_s instead. To disable deprecation, use _CRT_SECURE_NO_WARNINGS. See online help for details.
                 c:\program files (x86)\microsoft visual studio 11.0\vc\include\stdio.h(218) : see declaration of 'fopen'
     1>c:\users\vietnamson\onedrive\desktop\tai lieu chuong cau truc cay\cay_nhi_phan_tim_kiem\baitaprenluyenxulycay\source.cpp(1525): warning C4996: 'getch': The POSIX name for this item is deprecated. Instead, use the ISO C++ conformant name: _getch. See online help for details.
                 c:\program files (x86)\microsoft visual studio 11.0\vc\include\conio.h(131) : see declaration of 'getch'
     1>c:\users\vietnamson\onedrive\desktop\tai lieu chuong cau truc cay\cay_nhi_phan_tim_kiem\baitaprenluyenxulycay\source.cpp(1547): warning C4996: 'scanf': This function or variable may be unsafe. Consider using scanf_s instead. To disable deprecation, use _CRT_SECURE_NO_WARNINGS. See online help for details.
                 c:\program files (x86)\microsoft visual studio 11.0\vc\include\stdio.h(290) : see declaration of 'scanf'
     1>c:\users\vietnamson\onedrive\desktop\tai lieu chuong cau truc cay\cay_nhi_phan_tim_kiem\baitaprenluyenxulycay\source.cpp(1565): warning C4996: 'scanf': This function or variable may be unsafe. Consider using scanf_s instead. To disable deprecation, use _CRT_SECURE_NO_WARNINGS. See online help for details.
                 c:\program files (x86)\microsoft visual studio 11.0\vc\include\stdio.h(290) : see declaration of 'scanf'
     1>c:\users\vietnamson\onedrive\desktop\tai lieu chuong cau truc cay\cay_nhi_phan_tim_kiem\baitaprenluyenxulycay\source.cpp(1593): warning C4996: 'scanf': This function or variable may be unsafe. Consider using scanf_s instead. To disable deprecation, use _CRT_SECURE_NO_WARNINGS. See online help for details.
                 c:\program files (x86)\microsoft visual studio 11.0\vc\include\stdio.h(290) : see declaration of 'scanf'
     1>c:\users\vietnamson\onedrive\desktop\tai lieu chuong cau truc cay\cay_nhi_phan_tim_kiem\baitaprenluyenxulycay\source.cpp(1598): warning C4996: 'getch': The POSIX name for this item is deprecated. Instead, use the ISO C++ conformant name: _getch. See online help for details.
                 c:\program files (x86)\microsoft visual studio 11.0\vc\include\conio.h(131) : see declaration of 'getch'
     1>c:\users\vietnamson\onedrive\desktop\tai lieu chuong cau truc cay\cay_nhi_phan_tim_kiem\baitaprenluyenxulycay\source.cpp(1650): warning C4996: 'getch': The POSIX name for this item is deprecated. Instead, use the ISO C++ conformant name: _getch. See online help for details.
                 c:\program files (x86)\microsoft visual studio 11.0\vc\include\conio.h(131) : see declaration of 'getch'
     1>c:\users\vietnamson\onedrive\desktop\tai lieu chuong cau truc cay\cay_nhi_phan_tim_kiem\baitaprenluyenxulycay\source.cpp(1680): warning C4996: 'scanf': This function or variable may be unsafe. Consider using scanf_s instead. To disable deprecation, use _CRT_SECURE_NO_WARNINGS. See online help for details.
                 c:\program files (x86)\microsoft visual studio 11.0\vc\include\stdio.h(290) : see declaration of 'scanf'
     1>c:\users\vietnamson\onedrive\desktop\tai lieu chuong cau truc cay\cay_nhi_phan_tim_kiem\baitaprenluyenxulycay\source.cpp(1685): warning C4996: 'getch': The POSIX name for this item is deprecated. Instead, use the ISO C++ conformant name: _getch. See online help for details.
                 c:\program files (x86)\microsoft visual studio 11.0\vc\include\conio.h(131) : see declaration of 'getch'
     1>c:\users\vietnamson\onedrive\desktop\tai lieu chuong cau truc cay\cay_nhi_phan_tim_kiem\baitaprenluyenxulycay\source.cpp(1709): warning C4996: 'scanf': This function or variable may be unsafe. Consider using scanf_s instead. To disable deprecation, use _CRT_SECURE_NO_WARNINGS. See online help for details.
                 c:\program files (x86)\microsoft visual studio 11.0\vc\include\stdio.h(290) : see declaration of 'scanf'
     1>c:\users\vietnamson\onedrive\desktop\tai lieu chuong cau truc cay\cay_nhi_phan_tim_kiem\baitaprenluyenxulycay\source.cpp(1714): warning C4996: 'scanf': This function or variable may be unsafe. Consider using scanf_s instead. To disable deprecation, use _CRT_SECURE_NO_WARNINGS. See online help for details.
                 c:\program files (x86)\microsoft visual studio 11.0\vc\include\stdio.h(290) : see declaration of 'scanf'
     1>c:\users\vietnamson\onedrive\desktop\tai lieu chuong cau truc cay\cay_nhi_phan_tim_kiem\baitaprenluyenxulycay\source.cpp(1752): warning C4996: 'getch': The POSIX name for this item is deprecated. Instead, use the ISO C++ conformant name: _getch. See online help for details.
                 c:\program files (x86)\microsoft visual studio 11.0\vc\include\conio.h(131) : see declaration of 'getch'
     1>c:\users\vietnamson\onedrive\desktop\tai lieu chuong cau truc cay\cay_nhi_phan_tim_kiem\baitaprenluyenxulycay\source.cpp(1765): warning C4996: 'getch': The POSIX name for this item is deprecated. Instead, use the ISO C++ conformant name: _getch. See online help for details.
                 c:\program files (x86)\microsoft visual studio 11.0\vc\include\conio.h(131) : see declaration of 'getch'
     1>c:\users\vietnamson\onedrive\desktop\tai lieu chuong cau truc cay\cay_nhi_phan_tim_kiem\baitaprenluyenxulycay\source.cpp(1770): warning C4996: 'getch': The POSIX name for this item is deprecated. Instead, use the ISO C++ conformant name: _getch. See online help for details.
                 c:\program files (x86)\microsoft visual studio 11.0\vc\include\conio.h(131) : see declaration of 'getch'
     1>c:\users\vietnamson\onedrive\desktop\tai lieu chuong cau truc cay\cay_nhi_phan_tim_kiem\baitaprenluyenxulycay\source.cpp(1819): warning C4996: 'getch': The POSIX name for this item is deprecated. Instead, use the ISO C++ conformant name: _getch. See online help for details.
                 c:\program files (x86)\microsoft visual studio 11.0\vc\include\conio.h(131) : see declaration of 'getch'
       Link:
         C:\Program Files (x86)\Microsoft Visual Studio 11.0\VC\bin\link.exe /ERRORREPORT:PROMPT /OUT:"C:\Users\VietNamSon\OneDrive\Desktop\Tai lieu chuong Cau Truc Cay\Cay_Nhi_Phan_Tim_Kiem\Debug\BaiTapRenLuyenXuLyCay.exe" /INCREMENTAL /NOLOGO kernel32.lib user32.lib gdi32.lib winspool.lib comdlg32.lib advapi32.lib shell32.lib ole32.lib oleaut32.lib uuid.lib odbc32.lib odbccp32.lib /MANIFEST /MANIFESTUAC:"level='asInvoker' uiAccess='false'" /manifest:embed /DEBUG /PDB:"C:\Users\VietNamSon\OneDrive\Desktop\Tai lieu chuong Cau Truc Cay\Cay_Nhi_Phan_Tim_Kiem\Debug\BaiTapRenLuyenXuLyCay.pdb" /TLBID:1 /DYNAMICBASE /NXCOMPAT /IMPLIB:"C:\Users\VietNamSon\OneDrive\Desktop\Tai lieu chuong Cau Truc Cay\Cay_Nhi_Phan_Tim_Kiem\Debug\BaiTapRenLuyenXuLyCay.lib" /MACHINE:X86 Debug\Source.obj
         BaiTapRenLuyenXuLyCay.vcxproj -> C:\Users\VietNamSon\OneDrive\Desktop\Tai lieu chuong Cau Truc Cay\Cay_Nhi_Phan_Tim_Kiem\Debug\BaiTapRenLuyenXuLyCay.exe
     1>Done Building Project "C:\Users\VietNamSon\OneDrive\Desktop\Tai lieu chuong Cau Truc Cay\Cay_Nhi_Phan_Tim_Kiem\BaiTapRenLuyenXuLyCay\BaiTapRenLuyenXuLyCay.vcxproj" (Build target(s)).

Build succeeded.

Time Elapsed 00:00:03.14
