C:\USERS\VIETNAMSON\ONEDRIVE\DESKTOP\TAI LIEU CHUONG CAU TRUC CAY\CAY_NHI_PHAN_TIM_KIEM\BAITAPRENLUYENXULYCAY\DEBUG\SOURCE.OBJ
C:\USERS\VIETNAMSON\ONEDRIVE\DESKTOP\TAI LIEU CHUONG CAU TRUC CAY\CAY_NHI_PHAN_TIM_KIEM\BAITAPRENLUYENXULYCAY\DEBUG\VC110.PDB
C:\USERS\VIETNAMSON\ONEDRIVE\DESKTOP\TAI LIEU CHUONG CAU TRUC CAY\CAY_NHI_PHAN_TIM_KIEM\DEBUG\BAITAPRENLUYENXULYCAY.ILK
C:\USERS\VIETNAMSON\ONEDRIVE\DESKTOP\TAI LIEU CHUONG CAU TRUC CAY\CAY_NHI_PHAN_TIM_KIEM\DEBUG\BAITAPRENLUYENXULYCAY.EXE
C:\USERS\VIETNAMSON\ONEDRIVE\DESKTOP\TAI LIEU CHUONG CAU TRUC CAY\CAY_NHI_PHAN_TIM_KIEM\DEBUG\BAITAPRENLUYENXULYCAY.PDB
C:\Users\VietNamSon\OneDrive\Desktop\Tai lieu chuong Cau Truc Cay\Cay_Nhi_Phan_Tim_Kiem\BaiTapRenLuyenXuLyCay\Debug\Source.obj
C:\Users\VietNamSon\OneDrive\Desktop\Tai lieu chuong Cau Truc Cay\Cay_Nhi_Phan_Tim_Kiem\BaiTapRenLuyenXuLyCay\Debug\cl.command.1.tlog
C:\Users\VietNamSon\OneDrive\Desktop\Tai lieu chuong Cau Truc Cay\Cay_Nhi_Phan_Tim_Kiem\BaiTapRenLuyenXuLyCay\Debug\CL.read.1.tlog
C:\Users\VietNamSon\OneDrive\Desktop\Tai lieu chuong Cau Truc Cay\Cay_Nhi_Phan_Tim_Kiem\BaiTapRenLuyenXuLyCay\Debug\CL.write.1.tlog
C:\Users\VietNamSon\OneDrive\Desktop\Tai lieu chuong Cau Truc Cay\Cay_Nhi_Phan_Tim_Kiem\BaiTapRenLuyenXuLyCay\Debug\link-cvtres.read.1.tlog
C:\Users\VietNamSon\OneDrive\Desktop\Tai lieu chuong Cau Truc Cay\Cay_Nhi_Phan_Tim_Kiem\BaiTapRenLuyenXuLyCay\Debug\link-cvtres.write.1.tlog
C:\Users\VietNamSon\OneDrive\Desktop\Tai lieu chuong Cau Truc Cay\Cay_Nhi_Phan_Tim_Kiem\BaiTapRenLuyenXuLyCay\Debug\link-rc.read.1.tlog
C:\Users\VietNamSon\OneDrive\Desktop\Tai lieu chuong Cau Truc Cay\Cay_Nhi_Phan_Tim_Kiem\BaiTapRenLuyenXuLyCay\Debug\link-rc.write.1.tlog
C:\Users\VietNamSon\OneDrive\Desktop\Tai lieu chuong Cau Truc Cay\Cay_Nhi_Phan_Tim_Kiem\BaiTapRenLuyenXuLyCay\Debug\link.10644-cvtres.read.1.tlog
C:\Users\VietNamSon\OneDrive\Desktop\Tai lieu chuong Cau Truc Cay\Cay_Nhi_Phan_Tim_Kiem\BaiTapRenLuyenXuLyCay\Debug\link.10644-cvtres.write.1.tlog
C:\Users\VietNamSon\OneDrive\Desktop\Tai lieu chuong Cau Truc Cay\Cay_Nhi_Phan_Tim_Kiem\BaiTapRenLuyenXuLyCay\Debug\link.10644-rc.read.1.tlog
C:\Users\VietNamSon\OneDrive\Desktop\Tai lieu chuong Cau Truc Cay\Cay_Nhi_Phan_Tim_Kiem\BaiTapRenLuyenXuLyCay\Debug\link.10644-rc.write.1.tlog
C:\Users\VietNamSon\OneDrive\Desktop\Tai lieu chuong Cau Truc Cay\Cay_Nhi_Phan_Tim_Kiem\BaiTapRenLuyenXuLyCay\Debug\link.10644.read.1.tlog
C:\Users\VietNamSon\OneDrive\Desktop\Tai lieu chuong Cau Truc Cay\Cay_Nhi_Phan_Tim_Kiem\BaiTapRenLuyenXuLyCay\Debug\link.10644.write.1.tlog
C:\Users\VietNamSon\OneDrive\Desktop\Tai lieu chuong Cau Truc Cay\Cay_Nhi_Phan_Tim_Kiem\BaiTapRenLuyenXuLyCay\Debug\link.10900-cvtres.read.1.tlog
C:\Users\VietNamSon\OneDrive\Desktop\Tai lieu chuong Cau Truc Cay\Cay_Nhi_Phan_Tim_Kiem\BaiTapRenLuyenXuLyCay\Debug\link.10900-cvtres.write.1.tlog
C:\Users\VietNamSon\OneDrive\Desktop\Tai lieu chuong Cau Truc Cay\Cay_Nhi_Phan_Tim_Kiem\BaiTapRenLuyenXuLyCay\Debug\link.10900-rc.read.1.tlog
C:\Users\VietNamSon\OneDrive\Desktop\Tai lieu chuong Cau Truc Cay\Cay_Nhi_Phan_Tim_Kiem\BaiTapRenLuyenXuLyCay\Debug\link.10900-rc.write.1.tlog
C:\Users\VietNamSon\OneDrive\Desktop\Tai lieu chuong Cau Truc Cay\Cay_Nhi_Phan_Tim_Kiem\BaiTapRenLuyenXuLyCay\Debug\link.10900.read.1.tlog
C:\Users\VietNamSon\OneDrive\Desktop\Tai lieu chuong Cau Truc Cay\Cay_Nhi_Phan_Tim_Kiem\BaiTapRenLuyenXuLyCay\Debug\link.10900.write.1.tlog
C:\Users\VietNamSon\OneDrive\Desktop\Tai lieu chuong Cau Truc Cay\Cay_Nhi_Phan_Tim_Kiem\BaiTapRenLuyenXuLyCay\Debug\link.10992-cvtres.read.1.tlog
C:\Users\VietNamSon\OneDrive\Desktop\Tai lieu chuong Cau Truc Cay\Cay_Nhi_Phan_Tim_Kiem\BaiTapRenLuyenXuLyCay\Debug\link.10992-cvtres.write.1.tlog
C:\Users\VietNamSon\OneDrive\Desktop\Tai lieu chuong Cau Truc Cay\Cay_Nhi_Phan_Tim_Kiem\BaiTapRenLuyenXuLyCay\Debug\link.10992-rc.read.1.tlog
C:\Users\VietNamSon\OneDrive\Desktop\Tai lieu chuong Cau Truc Cay\Cay_Nhi_Phan_Tim_Kiem\BaiTapRenLuyenXuLyCay\Debug\link.10992-rc.write.1.tlog
C:\Users\VietNamSon\OneDrive\Desktop\Tai lieu chuong Cau Truc Cay\Cay_Nhi_Phan_Tim_Kiem\BaiTapRenLuyenXuLyCay\Debug\link.10992.read.1.tlog
C:\Users\VietNamSon\OneDrive\Desktop\Tai lieu chuong Cau Truc Cay\Cay_Nhi_Phan_Tim_Kiem\BaiTapRenLuyenXuLyCay\Debug\link.10992.write.1.tlog
C:\Users\VietNamSon\OneDrive\Desktop\Tai lieu chuong Cau Truc Cay\Cay_Nhi_Phan_Tim_Kiem\BaiTapRenLuyenXuLyCay\Debug\link.11168-cvtres.read.1.tlog
C:\Users\VietNamSon\OneDrive\Desktop\Tai lieu chuong Cau Truc Cay\Cay_Nhi_Phan_Tim_Kiem\BaiTapRenLuyenXuLyCay\Debug\link.11168-cvtres.write.1.tlog
C:\Users\VietNamSon\OneDrive\Desktop\Tai lieu chuong Cau Truc Cay\Cay_Nhi_Phan_Tim_Kiem\BaiTapRenLuyenXuLyCay\Debug\link.11168-rc.read.1.tlog
C:\Users\VietNamSon\OneDrive\Desktop\Tai lieu chuong Cau Truc Cay\Cay_Nhi_Phan_Tim_Kiem\BaiTapRenLuyenXuLyCay\Debug\link.11168-rc.write.1.tlog
C:\Users\VietNamSon\OneDrive\Desktop\Tai lieu chuong Cau Truc Cay\Cay_Nhi_Phan_Tim_Kiem\BaiTapRenLuyenXuLyCay\Debug\link.11168.read.1.tlog
C:\Users\VietNamSon\OneDrive\Desktop\Tai lieu chuong Cau Truc Cay\Cay_Nhi_Phan_Tim_Kiem\BaiTapRenLuyenXuLyCay\Debug\link.11168.write.1.tlog
C:\Users\VietNamSon\OneDrive\Desktop\Tai lieu chuong Cau Truc Cay\Cay_Nhi_Phan_Tim_Kiem\BaiTapRenLuyenXuLyCay\Debug\link.11560-cvtres.read.1.tlog
C:\Users\VietNamSon\OneDrive\Desktop\Tai lieu chuong Cau Truc Cay\Cay_Nhi_Phan_Tim_Kiem\BaiTapRenLuyenXuLyCay\Debug\link.11560-cvtres.write.1.tlog
C:\Users\VietNamSon\OneDrive\Desktop\Tai lieu chuong Cau Truc Cay\Cay_Nhi_Phan_Tim_Kiem\BaiTapRenLuyenXuLyCay\Debug\link.11560-rc.read.1.tlog
C:\Users\VietNamSon\OneDrive\Desktop\Tai lieu chuong Cau Truc Cay\Cay_Nhi_Phan_Tim_Kiem\BaiTapRenLuyenXuLyCay\Debug\link.11560-rc.write.1.tlog
C:\Users\VietNamSon\OneDrive\Desktop\Tai lieu chuong Cau Truc Cay\Cay_Nhi_Phan_Tim_Kiem\BaiTapRenLuyenXuLyCay\Debug\link.11560.read.1.tlog
C:\Users\VietNamSon\OneDrive\Desktop\Tai lieu chuong Cau Truc Cay\Cay_Nhi_Phan_Tim_Kiem\BaiTapRenLuyenXuLyCay\Debug\link.11560.write.1.tlog
C:\Users\VietNamSon\OneDrive\Desktop\Tai lieu chuong Cau Truc Cay\Cay_Nhi_Phan_Tim_Kiem\BaiTapRenLuyenXuLyCay\Debug\link.1168-cvtres.read.1.tlog
C:\Users\VietNamSon\OneDrive\Desktop\Tai lieu chuong Cau Truc Cay\Cay_Nhi_Phan_Tim_Kiem\BaiTapRenLuyenXuLyCay\Debug\link.1168-cvtres.write.1.tlog
C:\Users\VietNamSon\OneDrive\Desktop\Tai lieu chuong Cau Truc Cay\Cay_Nhi_Phan_Tim_Kiem\BaiTapRenLuyenXuLyCay\Debug\link.1168-rc.read.1.tlog
C:\Users\VietNamSon\OneDrive\Desktop\Tai lieu chuong Cau Truc Cay\Cay_Nhi_Phan_Tim_Kiem\BaiTapRenLuyenXuLyCay\Debug\link.1168-rc.write.1.tlog
C:\Users\VietNamSon\OneDrive\Desktop\Tai lieu chuong Cau Truc Cay\Cay_Nhi_Phan_Tim_Kiem\BaiTapRenLuyenXuLyCay\Debug\link.1168.read.1.tlog
C:\Users\VietNamSon\OneDrive\Desktop\Tai lieu chuong Cau Truc Cay\Cay_Nhi_Phan_Tim_Kiem\BaiTapRenLuyenXuLyCay\Debug\link.1168.write.1.tlog
C:\Users\VietNamSon\OneDrive\Desktop\Tai lieu chuong Cau Truc Cay\Cay_Nhi_Phan_Tim_Kiem\BaiTapRenLuyenXuLyCay\Debug\link.11708-cvtres.read.1.tlog
C:\Users\VietNamSon\OneDrive\Desktop\Tai lieu chuong Cau Truc Cay\Cay_Nhi_Phan_Tim_Kiem\BaiTapRenLuyenXuLyCay\Debug\link.11708-cvtres.write.1.tlog
C:\Users\VietNamSon\OneDrive\Desktop\Tai lieu chuong Cau Truc Cay\Cay_Nhi_Phan_Tim_Kiem\BaiTapRenLuyenXuLyCay\Debug\link.11708-rc.read.1.tlog
C:\Users\VietNamSon\OneDrive\Desktop\Tai lieu chuong Cau Truc Cay\Cay_Nhi_Phan_Tim_Kiem\BaiTapRenLuyenXuLyCay\Debug\link.11708-rc.write.1.tlog
C:\Users\VietNamSon\OneDrive\Desktop\Tai lieu chuong Cau Truc Cay\Cay_Nhi_Phan_Tim_Kiem\BaiTapRenLuyenXuLyCay\Debug\link.11708.read.1.tlog
C:\Users\VietNamSon\OneDrive\Desktop\Tai lieu chuong Cau Truc Cay\Cay_Nhi_Phan_Tim_Kiem\BaiTapRenLuyenXuLyCay\Debug\link.11708.write.1.tlog
C:\Users\VietNamSon\OneDrive\Desktop\Tai lieu chuong Cau Truc Cay\Cay_Nhi_Phan_Tim_Kiem\BaiTapRenLuyenXuLyCay\Debug\link.11844-cvtres.read.1.tlog
C:\Users\VietNamSon\OneDrive\Desktop\Tai lieu chuong Cau Truc Cay\Cay_Nhi_Phan_Tim_Kiem\BaiTapRenLuyenXuLyCay\Debug\link.11844-cvtres.write.1.tlog
C:\Users\VietNamSon\OneDrive\Desktop\Tai lieu chuong Cau Truc Cay\Cay_Nhi_Phan_Tim_Kiem\BaiTapRenLuyenXuLyCay\Debug\link.11844-rc.read.1.tlog
C:\Users\VietNamSon\OneDrive\Desktop\Tai lieu chuong Cau Truc Cay\Cay_Nhi_Phan_Tim_Kiem\BaiTapRenLuyenXuLyCay\Debug\link.11844-rc.write.1.tlog
C:\Users\VietNamSon\OneDrive\Desktop\Tai lieu chuong Cau Truc Cay\Cay_Nhi_Phan_Tim_Kiem\BaiTapRenLuyenXuLyCay\Debug\link.11844.read.1.tlog
C:\Users\VietNamSon\OneDrive\Desktop\Tai lieu chuong Cau Truc Cay\Cay_Nhi_Phan_Tim_Kiem\BaiTapRenLuyenXuLyCay\Debug\link.11844.write.1.tlog
C:\Users\VietNamSon\OneDrive\Desktop\Tai lieu chuong Cau Truc Cay\Cay_Nhi_Phan_Tim_Kiem\BaiTapRenLuyenXuLyCay\Debug\link.11900-cvtres.read.1.tlog
C:\Users\VietNamSon\OneDrive\Desktop\Tai lieu chuong Cau Truc Cay\Cay_Nhi_Phan_Tim_Kiem\BaiTapRenLuyenXuLyCay\Debug\link.11900-cvtres.write.1.tlog
C:\Users\VietNamSon\OneDrive\Desktop\Tai lieu chuong Cau Truc Cay\Cay_Nhi_Phan_Tim_Kiem\BaiTapRenLuyenXuLyCay\Debug\link.11900-rc.read.1.tlog
C:\Users\VietNamSon\OneDrive\Desktop\Tai lieu chuong Cau Truc Cay\Cay_Nhi_Phan_Tim_Kiem\BaiTapRenLuyenXuLyCay\Debug\link.11900-rc.write.1.tlog
C:\Users\VietNamSon\OneDrive\Desktop\Tai lieu chuong Cau Truc Cay\Cay_Nhi_Phan_Tim_Kiem\BaiTapRenLuyenXuLyCay\Debug\link.11900.read.1.tlog
C:\Users\VietNamSon\OneDrive\Desktop\Tai lieu chuong Cau Truc Cay\Cay_Nhi_Phan_Tim_Kiem\BaiTapRenLuyenXuLyCay\Debug\link.11900.write.1.tlog
C:\Users\VietNamSon\OneDrive\Desktop\Tai lieu chuong Cau Truc Cay\Cay_Nhi_Phan_Tim_Kiem\BaiTapRenLuyenXuLyCay\Debug\link.12188-cvtres.read.1.tlog
C:\Users\VietNamSon\OneDrive\Desktop\Tai lieu chuong Cau Truc Cay\Cay_Nhi_Phan_Tim_Kiem\BaiTapRenLuyenXuLyCay\Debug\link.12188-cvtres.write.1.tlog
C:\Users\VietNamSon\OneDrive\Desktop\Tai lieu chuong Cau Truc Cay\Cay_Nhi_Phan_Tim_Kiem\BaiTapRenLuyenXuLyCay\Debug\link.12188-rc.read.1.tlog
C:\Users\VietNamSon\OneDrive\Desktop\Tai lieu chuong Cau Truc Cay\Cay_Nhi_Phan_Tim_Kiem\BaiTapRenLuyenXuLyCay\Debug\link.12188-rc.write.1.tlog
C:\Users\VietNamSon\OneDrive\Desktop\Tai lieu chuong Cau Truc Cay\Cay_Nhi_Phan_Tim_Kiem\BaiTapRenLuyenXuLyCay\Debug\link.12188.read.1.tlog
C:\Users\VietNamSon\OneDrive\Desktop\Tai lieu chuong Cau Truc Cay\Cay_Nhi_Phan_Tim_Kiem\BaiTapRenLuyenXuLyCay\Debug\link.12188.write.1.tlog
C:\Users\VietNamSon\OneDrive\Desktop\Tai lieu chuong Cau Truc Cay\Cay_Nhi_Phan_Tim_Kiem\BaiTapRenLuyenXuLyCay\Debug\link.12336-cvtres.read.1.tlog
C:\Users\VietNamSon\OneDrive\Desktop\Tai lieu chuong Cau Truc Cay\Cay_Nhi_Phan_Tim_Kiem\BaiTapRenLuyenXuLyCay\Debug\link.12336-cvtres.write.1.tlog
C:\Users\VietNamSon\OneDrive\Desktop\Tai lieu chuong Cau Truc Cay\Cay_Nhi_Phan_Tim_Kiem\BaiTapRenLuyenXuLyCay\Debug\link.12336-rc.read.1.tlog
C:\Users\VietNamSon\OneDrive\Desktop\Tai lieu chuong Cau Truc Cay\Cay_Nhi_Phan_Tim_Kiem\BaiTapRenLuyenXuLyCay\Debug\link.12336-rc.write.1.tlog
C:\Users\VietNamSon\OneDrive\Desktop\Tai lieu chuong Cau Truc Cay\Cay_Nhi_Phan_Tim_Kiem\BaiTapRenLuyenXuLyCay\Debug\link.12336.read.1.tlog
C:\Users\VietNamSon\OneDrive\Desktop\Tai lieu chuong Cau Truc Cay\Cay_Nhi_Phan_Tim_Kiem\BaiTapRenLuyenXuLyCay\Debug\link.12336.write.1.tlog
C:\Users\VietNamSon\OneDrive\Desktop\Tai lieu chuong Cau Truc Cay\Cay_Nhi_Phan_Tim_Kiem\BaiTapRenLuyenXuLyCay\Debug\link.12400-cvtres.read.1.tlog
C:\Users\VietNamSon\OneDrive\Desktop\Tai lieu chuong Cau Truc Cay\Cay_Nhi_Phan_Tim_Kiem\BaiTapRenLuyenXuLyCay\Debug\link.12400-cvtres.write.1.tlog
C:\Users\VietNamSon\OneDrive\Desktop\Tai lieu chuong Cau Truc Cay\Cay_Nhi_Phan_Tim_Kiem\BaiTapRenLuyenXuLyCay\Debug\link.12400-rc.read.1.tlog
C:\Users\VietNamSon\OneDrive\Desktop\Tai lieu chuong Cau Truc Cay\Cay_Nhi_Phan_Tim_Kiem\BaiTapRenLuyenXuLyCay\Debug\link.12400-rc.write.1.tlog
C:\Users\VietNamSon\OneDrive\Desktop\Tai lieu chuong Cau Truc Cay\Cay_Nhi_Phan_Tim_Kiem\BaiTapRenLuyenXuLyCay\Debug\link.12400.read.1.tlog
C:\Users\VietNamSon\OneDrive\Desktop\Tai lieu chuong Cau Truc Cay\Cay_Nhi_Phan_Tim_Kiem\BaiTapRenLuyenXuLyCay\Debug\link.12400.write.1.tlog
C:\Users\VietNamSon\OneDrive\Desktop\Tai lieu chuong Cau Truc Cay\Cay_Nhi_Phan_Tim_Kiem\BaiTapRenLuyenXuLyCay\Debug\link.12484-cvtres.read.1.tlog
C:\Users\VietNamSon\OneDrive\Desktop\Tai lieu chuong Cau Truc Cay\Cay_Nhi_Phan_Tim_Kiem\BaiTapRenLuyenXuLyCay\Debug\link.12484-cvtres.write.1.tlog
C:\Users\VietNamSon\OneDrive\Desktop\Tai lieu chuong Cau Truc Cay\Cay_Nhi_Phan_Tim_Kiem\BaiTapRenLuyenXuLyCay\Debug\link.12484-rc.read.1.tlog
C:\Users\VietNamSon\OneDrive\Desktop\Tai lieu chuong Cau Truc Cay\Cay_Nhi_Phan_Tim_Kiem\BaiTapRenLuyenXuLyCay\Debug\link.12484-rc.write.1.tlog
C:\Users\VietNamSon\OneDrive\Desktop\Tai lieu chuong Cau Truc Cay\Cay_Nhi_Phan_Tim_Kiem\BaiTapRenLuyenXuLyCay\Debug\link.12484.read.1.tlog
C:\Users\VietNamSon\OneDrive\Desktop\Tai lieu chuong Cau Truc Cay\Cay_Nhi_Phan_Tim_Kiem\BaiTapRenLuyenXuLyCay\Debug\link.12484.write.1.tlog
C:\Users\VietNamSon\OneDrive\Desktop\Tai lieu chuong Cau Truc Cay\Cay_Nhi_Phan_Tim_Kiem\BaiTapRenLuyenXuLyCay\Debug\link.12632-cvtres.read.1.tlog
C:\Users\VietNamSon\OneDrive\Desktop\Tai lieu chuong Cau Truc Cay\Cay_Nhi_Phan_Tim_Kiem\BaiTapRenLuyenXuLyCay\Debug\link.12632-cvtres.write.1.tlog
C:\Users\VietNamSon\OneDrive\Desktop\Tai lieu chuong Cau Truc Cay\Cay_Nhi_Phan_Tim_Kiem\BaiTapRenLuyenXuLyCay\Debug\link.12632-rc.read.1.tlog
C:\Users\VietNamSon\OneDrive\Desktop\Tai lieu chuong Cau Truc Cay\Cay_Nhi_Phan_Tim_Kiem\BaiTapRenLuyenXuLyCay\Debug\link.12632-rc.write.1.tlog
C:\Users\VietNamSon\OneDrive\Desktop\Tai lieu chuong Cau Truc Cay\Cay_Nhi_Phan_Tim_Kiem\BaiTapRenLuyenXuLyCay\Debug\link.12632.read.1.tlog
C:\Users\VietNamSon\OneDrive\Desktop\Tai lieu chuong Cau Truc Cay\Cay_Nhi_Phan_Tim_Kiem\BaiTapRenLuyenXuLyCay\Debug\link.12632.write.1.tlog
C:\Users\VietNamSon\OneDrive\Desktop\Tai lieu chuong Cau Truc Cay\Cay_Nhi_Phan_Tim_Kiem\BaiTapRenLuyenXuLyCay\Debug\link.13132-cvtres.read.1.tlog
C:\Users\VietNamSon\OneDrive\Desktop\Tai lieu chuong Cau Truc Cay\Cay_Nhi_Phan_Tim_Kiem\BaiTapRenLuyenXuLyCay\Debug\link.13132-cvtres.write.1.tlog
C:\Users\VietNamSon\OneDrive\Desktop\Tai lieu chuong Cau Truc Cay\Cay_Nhi_Phan_Tim_Kiem\BaiTapRenLuyenXuLyCay\Debug\link.13132-rc.read.1.tlog
C:\Users\VietNamSon\OneDrive\Desktop\Tai lieu chuong Cau Truc Cay\Cay_Nhi_Phan_Tim_Kiem\BaiTapRenLuyenXuLyCay\Debug\link.13132-rc.write.1.tlog
C:\Users\VietNamSon\OneDrive\Desktop\Tai lieu chuong Cau Truc Cay\Cay_Nhi_Phan_Tim_Kiem\BaiTapRenLuyenXuLyCay\Debug\link.13132.read.1.tlog
C:\Users\VietNamSon\OneDrive\Desktop\Tai lieu chuong Cau Truc Cay\Cay_Nhi_Phan_Tim_Kiem\BaiTapRenLuyenXuLyCay\Debug\link.13132.write.1.tlog
C:\Users\VietNamSon\OneDrive\Desktop\Tai lieu chuong Cau Truc Cay\Cay_Nhi_Phan_Tim_Kiem\BaiTapRenLuyenXuLyCay\Debug\link.13372-cvtres.read.1.tlog
C:\Users\VietNamSon\OneDrive\Desktop\Tai lieu chuong Cau Truc Cay\Cay_Nhi_Phan_Tim_Kiem\BaiTapRenLuyenXuLyCay\Debug\link.13372-cvtres.write.1.tlog
C:\Users\VietNamSon\OneDrive\Desktop\Tai lieu chuong Cau Truc Cay\Cay_Nhi_Phan_Tim_Kiem\BaiTapRenLuyenXuLyCay\Debug\link.13372-rc.read.1.tlog
C:\Users\VietNamSon\OneDrive\Desktop\Tai lieu chuong Cau Truc Cay\Cay_Nhi_Phan_Tim_Kiem\BaiTapRenLuyenXuLyCay\Debug\link.13372-rc.write.1.tlog
C:\Users\VietNamSon\OneDrive\Desktop\Tai lieu chuong Cau Truc Cay\Cay_Nhi_Phan_Tim_Kiem\BaiTapRenLuyenXuLyCay\Debug\link.13372.read.1.tlog
C:\Users\VietNamSon\OneDrive\Desktop\Tai lieu chuong Cau Truc Cay\Cay_Nhi_Phan_Tim_Kiem\BaiTapRenLuyenXuLyCay\Debug\link.13372.write.1.tlog
C:\Users\VietNamSon\OneDrive\Desktop\Tai lieu chuong Cau Truc Cay\Cay_Nhi_Phan_Tim_Kiem\BaiTapRenLuyenXuLyCay\Debug\link.13476-cvtres.read.1.tlog
C:\Users\VietNamSon\OneDrive\Desktop\Tai lieu chuong Cau Truc Cay\Cay_Nhi_Phan_Tim_Kiem\BaiTapRenLuyenXuLyCay\Debug\link.13476-cvtres.write.1.tlog
C:\Users\VietNamSon\OneDrive\Desktop\Tai lieu chuong Cau Truc Cay\Cay_Nhi_Phan_Tim_Kiem\BaiTapRenLuyenXuLyCay\Debug\link.13476-rc.read.1.tlog
C:\Users\VietNamSon\OneDrive\Desktop\Tai lieu chuong Cau Truc Cay\Cay_Nhi_Phan_Tim_Kiem\BaiTapRenLuyenXuLyCay\Debug\link.13476-rc.write.1.tlog
C:\Users\VietNamSon\OneDrive\Desktop\Tai lieu chuong Cau Truc Cay\Cay_Nhi_Phan_Tim_Kiem\BaiTapRenLuyenXuLyCay\Debug\link.13476.read.1.tlog
C:\Users\VietNamSon\OneDrive\Desktop\Tai lieu chuong Cau Truc Cay\Cay_Nhi_Phan_Tim_Kiem\BaiTapRenLuyenXuLyCay\Debug\link.13476.write.1.tlog
C:\Users\VietNamSon\OneDrive\Desktop\Tai lieu chuong Cau Truc Cay\Cay_Nhi_Phan_Tim_Kiem\BaiTapRenLuyenXuLyCay\Debug\link.14296-cvtres.read.1.tlog
C:\Users\VietNamSon\OneDrive\Desktop\Tai lieu chuong Cau Truc Cay\Cay_Nhi_Phan_Tim_Kiem\BaiTapRenLuyenXuLyCay\Debug\link.14296-cvtres.write.1.tlog
C:\Users\VietNamSon\OneDrive\Desktop\Tai lieu chuong Cau Truc Cay\Cay_Nhi_Phan_Tim_Kiem\BaiTapRenLuyenXuLyCay\Debug\link.14296-rc.read.1.tlog
C:\Users\VietNamSon\OneDrive\Desktop\Tai lieu chuong Cau Truc Cay\Cay_Nhi_Phan_Tim_Kiem\BaiTapRenLuyenXuLyCay\Debug\link.14296-rc.write.1.tlog
C:\Users\VietNamSon\OneDrive\Desktop\Tai lieu chuong Cau Truc Cay\Cay_Nhi_Phan_Tim_Kiem\BaiTapRenLuyenXuLyCay\Debug\link.14296.read.1.tlog
C:\Users\VietNamSon\OneDrive\Desktop\Tai lieu chuong Cau Truc Cay\Cay_Nhi_Phan_Tim_Kiem\BaiTapRenLuyenXuLyCay\Debug\link.14296.write.1.tlog
C:\Users\VietNamSon\OneDrive\Desktop\Tai lieu chuong Cau Truc Cay\Cay_Nhi_Phan_Tim_Kiem\BaiTapRenLuyenXuLyCay\Debug\link.14904-cvtres.read.1.tlog
C:\Users\VietNamSon\OneDrive\Desktop\Tai lieu chuong Cau Truc Cay\Cay_Nhi_Phan_Tim_Kiem\BaiTapRenLuyenXuLyCay\Debug\link.14904-cvtres.write.1.tlog
C:\Users\VietNamSon\OneDrive\Desktop\Tai lieu chuong Cau Truc Cay\Cay_Nhi_Phan_Tim_Kiem\BaiTapRenLuyenXuLyCay\Debug\link.14904-rc.read.1.tlog
C:\Users\VietNamSon\OneDrive\Desktop\Tai lieu chuong Cau Truc Cay\Cay_Nhi_Phan_Tim_Kiem\BaiTapRenLuyenXuLyCay\Debug\link.14904-rc.write.1.tlog
C:\Users\VietNamSon\OneDrive\Desktop\Tai lieu chuong Cau Truc Cay\Cay_Nhi_Phan_Tim_Kiem\BaiTapRenLuyenXuLyCay\Debug\link.14904.read.1.tlog
C:\Users\VietNamSon\OneDrive\Desktop\Tai lieu chuong Cau Truc Cay\Cay_Nhi_Phan_Tim_Kiem\BaiTapRenLuyenXuLyCay\Debug\link.14904.write.1.tlog
C:\Users\VietNamSon\OneDrive\Desktop\Tai lieu chuong Cau Truc Cay\Cay_Nhi_Phan_Tim_Kiem\BaiTapRenLuyenXuLyCay\Debug\link.15156-cvtres.read.1.tlog
C:\Users\VietNamSon\OneDrive\Desktop\Tai lieu chuong Cau Truc Cay\Cay_Nhi_Phan_Tim_Kiem\BaiTapRenLuyenXuLyCay\Debug\link.15156-cvtres.write.1.tlog
C:\Users\VietNamSon\OneDrive\Desktop\Tai lieu chuong Cau Truc Cay\Cay_Nhi_Phan_Tim_Kiem\BaiTapRenLuyenXuLyCay\Debug\link.15156-rc.read.1.tlog
C:\Users\VietNamSon\OneDrive\Desktop\Tai lieu chuong Cau Truc Cay\Cay_Nhi_Phan_Tim_Kiem\BaiTapRenLuyenXuLyCay\Debug\link.15156-rc.write.1.tlog
C:\Users\VietNamSon\OneDrive\Desktop\Tai lieu chuong Cau Truc Cay\Cay_Nhi_Phan_Tim_Kiem\BaiTapRenLuyenXuLyCay\Debug\link.15156.read.1.tlog
C:\Users\VietNamSon\OneDrive\Desktop\Tai lieu chuong Cau Truc Cay\Cay_Nhi_Phan_Tim_Kiem\BaiTapRenLuyenXuLyCay\Debug\link.15156.write.1.tlog
C:\Users\VietNamSon\OneDrive\Desktop\Tai lieu chuong Cau Truc Cay\Cay_Nhi_Phan_Tim_Kiem\BaiTapRenLuyenXuLyCay\Debug\link.1536-cvtres.read.1.tlog
C:\Users\VietNamSon\OneDrive\Desktop\Tai lieu chuong Cau Truc Cay\Cay_Nhi_Phan_Tim_Kiem\BaiTapRenLuyenXuLyCay\Debug\link.1536-cvtres.write.1.tlog
C:\Users\VietNamSon\OneDrive\Desktop\Tai lieu chuong Cau Truc Cay\Cay_Nhi_Phan_Tim_Kiem\BaiTapRenLuyenXuLyCay\Debug\link.1536-rc.read.1.tlog
C:\Users\VietNamSon\OneDrive\Desktop\Tai lieu chuong Cau Truc Cay\Cay_Nhi_Phan_Tim_Kiem\BaiTapRenLuyenXuLyCay\Debug\link.1536-rc.write.1.tlog
C:\Users\VietNamSon\OneDrive\Desktop\Tai lieu chuong Cau Truc Cay\Cay_Nhi_Phan_Tim_Kiem\BaiTapRenLuyenXuLyCay\Debug\link.1536.read.1.tlog
C:\Users\VietNamSon\OneDrive\Desktop\Tai lieu chuong Cau Truc Cay\Cay_Nhi_Phan_Tim_Kiem\BaiTapRenLuyenXuLyCay\Debug\link.1536.write.1.tlog
C:\Users\VietNamSon\OneDrive\Desktop\Tai lieu chuong Cau Truc Cay\Cay_Nhi_Phan_Tim_Kiem\BaiTapRenLuyenXuLyCay\Debug\link.15528-cvtres.read.1.tlog
C:\Users\VietNamSon\OneDrive\Desktop\Tai lieu chuong Cau Truc Cay\Cay_Nhi_Phan_Tim_Kiem\BaiTapRenLuyenXuLyCay\Debug\link.15528-cvtres.write.1.tlog
C:\Users\VietNamSon\OneDrive\Desktop\Tai lieu chuong Cau Truc Cay\Cay_Nhi_Phan_Tim_Kiem\BaiTapRenLuyenXuLyCay\Debug\link.15528-rc.read.1.tlog
C:\Users\VietNamSon\OneDrive\Desktop\Tai lieu chuong Cau Truc Cay\Cay_Nhi_Phan_Tim_Kiem\BaiTapRenLuyenXuLyCay\Debug\link.15528-rc.write.1.tlog
C:\Users\VietNamSon\OneDrive\Desktop\Tai lieu chuong Cau Truc Cay\Cay_Nhi_Phan_Tim_Kiem\BaiTapRenLuyenXuLyCay\Debug\link.15528.read.1.tlog
C:\Users\VietNamSon\OneDrive\Desktop\Tai lieu chuong Cau Truc Cay\Cay_Nhi_Phan_Tim_Kiem\BaiTapRenLuyenXuLyCay\Debug\link.15528.write.1.tlog
C:\Users\VietNamSon\OneDrive\Desktop\Tai lieu chuong Cau Truc Cay\Cay_Nhi_Phan_Tim_Kiem\BaiTapRenLuyenXuLyCay\Debug\link.15848-cvtres.read.1.tlog
C:\Users\VietNamSon\OneDrive\Desktop\Tai lieu chuong Cau Truc Cay\Cay_Nhi_Phan_Tim_Kiem\BaiTapRenLuyenXuLyCay\Debug\link.15848-cvtres.write.1.tlog
C:\Users\VietNamSon\OneDrive\Desktop\Tai lieu chuong Cau Truc Cay\Cay_Nhi_Phan_Tim_Kiem\BaiTapRenLuyenXuLyCay\Debug\link.15848-rc.read.1.tlog
C:\Users\VietNamSon\OneDrive\Desktop\Tai lieu chuong Cau Truc Cay\Cay_Nhi_Phan_Tim_Kiem\BaiTapRenLuyenXuLyCay\Debug\link.15848-rc.write.1.tlog
C:\Users\VietNamSon\OneDrive\Desktop\Tai lieu chuong Cau Truc Cay\Cay_Nhi_Phan_Tim_Kiem\BaiTapRenLuyenXuLyCay\Debug\link.15848.read.1.tlog
C:\Users\VietNamSon\OneDrive\Desktop\Tai lieu chuong Cau Truc Cay\Cay_Nhi_Phan_Tim_Kiem\BaiTapRenLuyenXuLyCay\Debug\link.15848.write.1.tlog
C:\Users\VietNamSon\OneDrive\Desktop\Tai lieu chuong Cau Truc Cay\Cay_Nhi_Phan_Tim_Kiem\BaiTapRenLuyenXuLyCay\Debug\link.16076-cvtres.read.1.tlog
C:\Users\VietNamSon\OneDrive\Desktop\Tai lieu chuong Cau Truc Cay\Cay_Nhi_Phan_Tim_Kiem\BaiTapRenLuyenXuLyCay\Debug\link.16076-cvtres.write.1.tlog
C:\Users\VietNamSon\OneDrive\Desktop\Tai lieu chuong Cau Truc Cay\Cay_Nhi_Phan_Tim_Kiem\BaiTapRenLuyenXuLyCay\Debug\link.16076-rc.read.1.tlog
C:\Users\VietNamSon\OneDrive\Desktop\Tai lieu chuong Cau Truc Cay\Cay_Nhi_Phan_Tim_Kiem\BaiTapRenLuyenXuLyCay\Debug\link.16076-rc.write.1.tlog
C:\Users\VietNamSon\OneDrive\Desktop\Tai lieu chuong Cau Truc Cay\Cay_Nhi_Phan_Tim_Kiem\BaiTapRenLuyenXuLyCay\Debug\link.16076.read.1.tlog
C:\Users\VietNamSon\OneDrive\Desktop\Tai lieu chuong Cau Truc Cay\Cay_Nhi_Phan_Tim_Kiem\BaiTapRenLuyenXuLyCay\Debug\link.16076.write.1.tlog
C:\Users\VietNamSon\OneDrive\Desktop\Tai lieu chuong Cau Truc Cay\Cay_Nhi_Phan_Tim_Kiem\BaiTapRenLuyenXuLyCay\Debug\link.16120-cvtres.read.1.tlog
C:\Users\VietNamSon\OneDrive\Desktop\Tai lieu chuong Cau Truc Cay\Cay_Nhi_Phan_Tim_Kiem\BaiTapRenLuyenXuLyCay\Debug\link.16120-cvtres.write.1.tlog
C:\Users\VietNamSon\OneDrive\Desktop\Tai lieu chuong Cau Truc Cay\Cay_Nhi_Phan_Tim_Kiem\BaiTapRenLuyenXuLyCay\Debug\link.16120-rc.read.1.tlog
C:\Users\VietNamSon\OneDrive\Desktop\Tai lieu chuong Cau Truc Cay\Cay_Nhi_Phan_Tim_Kiem\BaiTapRenLuyenXuLyCay\Debug\link.16120-rc.write.1.tlog
C:\Users\VietNamSon\OneDrive\Desktop\Tai lieu chuong Cau Truc Cay\Cay_Nhi_Phan_Tim_Kiem\BaiTapRenLuyenXuLyCay\Debug\link.16120.read.1.tlog
C:\Users\VietNamSon\OneDrive\Desktop\Tai lieu chuong Cau Truc Cay\Cay_Nhi_Phan_Tim_Kiem\BaiTapRenLuyenXuLyCay\Debug\link.16120.write.1.tlog
C:\Users\VietNamSon\OneDrive\Desktop\Tai lieu chuong Cau Truc Cay\Cay_Nhi_Phan_Tim_Kiem\BaiTapRenLuyenXuLyCay\Debug\link.16236-cvtres.read.1.tlog
C:\Users\VietNamSon\OneDrive\Desktop\Tai lieu chuong Cau Truc Cay\Cay_Nhi_Phan_Tim_Kiem\BaiTapRenLuyenXuLyCay\Debug\link.16236-cvtres.write.1.tlog
C:\Users\VietNamSon\OneDrive\Desktop\Tai lieu chuong Cau Truc Cay\Cay_Nhi_Phan_Tim_Kiem\BaiTapRenLuyenXuLyCay\Debug\link.16236-rc.read.1.tlog
C:\Users\VietNamSon\OneDrive\Desktop\Tai lieu chuong Cau Truc Cay\Cay_Nhi_Phan_Tim_Kiem\BaiTapRenLuyenXuLyCay\Debug\link.16236-rc.write.1.tlog
C:\Users\VietNamSon\OneDrive\Desktop\Tai lieu chuong Cau Truc Cay\Cay_Nhi_Phan_Tim_Kiem\BaiTapRenLuyenXuLyCay\Debug\link.16236.read.1.tlog
C:\Users\VietNamSon\OneDrive\Desktop\Tai lieu chuong Cau Truc Cay\Cay_Nhi_Phan_Tim_Kiem\BaiTapRenLuyenXuLyCay\Debug\link.16236.write.1.tlog
C:\Users\VietNamSon\OneDrive\Desktop\Tai lieu chuong Cau Truc Cay\Cay_Nhi_Phan_Tim_Kiem\BaiTapRenLuyenXuLyCay\Debug\link.16388-cvtres.read.1.tlog
C:\Users\VietNamSon\OneDrive\Desktop\Tai lieu chuong Cau Truc Cay\Cay_Nhi_Phan_Tim_Kiem\BaiTapRenLuyenXuLyCay\Debug\link.16388-cvtres.write.1.tlog
C:\Users\VietNamSon\OneDrive\Desktop\Tai lieu chuong Cau Truc Cay\Cay_Nhi_Phan_Tim_Kiem\BaiTapRenLuyenXuLyCay\Debug\link.16388-rc.read.1.tlog
C:\Users\VietNamSon\OneDrive\Desktop\Tai lieu chuong Cau Truc Cay\Cay_Nhi_Phan_Tim_Kiem\BaiTapRenLuyenXuLyCay\Debug\link.16388-rc.write.1.tlog
C:\Users\VietNamSon\OneDrive\Desktop\Tai lieu chuong Cau Truc Cay\Cay_Nhi_Phan_Tim_Kiem\BaiTapRenLuyenXuLyCay\Debug\link.16388.read.1.tlog
C:\Users\VietNamSon\OneDrive\Desktop\Tai lieu chuong Cau Truc Cay\Cay_Nhi_Phan_Tim_Kiem\BaiTapRenLuyenXuLyCay\Debug\link.16388.write.1.tlog
C:\Users\VietNamSon\OneDrive\Desktop\Tai lieu chuong Cau Truc Cay\Cay_Nhi_Phan_Tim_Kiem\BaiTapRenLuyenXuLyCay\Debug\link.16612-cvtres.read.1.tlog
C:\Users\VietNamSon\OneDrive\Desktop\Tai lieu chuong Cau Truc Cay\Cay_Nhi_Phan_Tim_Kiem\BaiTapRenLuyenXuLyCay\Debug\link.16612-cvtres.write.1.tlog
C:\Users\VietNamSon\OneDrive\Desktop\Tai lieu chuong Cau Truc Cay\Cay_Nhi_Phan_Tim_Kiem\BaiTapRenLuyenXuLyCay\Debug\link.16612-rc.read.1.tlog
C:\Users\VietNamSon\OneDrive\Desktop\Tai lieu chuong Cau Truc Cay\Cay_Nhi_Phan_Tim_Kiem\BaiTapRenLuyenXuLyCay\Debug\link.16612-rc.write.1.tlog
C:\Users\VietNamSon\OneDrive\Desktop\Tai lieu chuong Cau Truc Cay\Cay_Nhi_Phan_Tim_Kiem\BaiTapRenLuyenXuLyCay\Debug\link.16612.read.1.tlog
C:\Users\VietNamSon\OneDrive\Desktop\Tai lieu chuong Cau Truc Cay\Cay_Nhi_Phan_Tim_Kiem\BaiTapRenLuyenXuLyCay\Debug\link.16612.write.1.tlog
C:\Users\VietNamSon\OneDrive\Desktop\Tai lieu chuong Cau Truc Cay\Cay_Nhi_Phan_Tim_Kiem\BaiTapRenLuyenXuLyCay\Debug\link.17292-cvtres.read.1.tlog
C:\Users\VietNamSon\OneDrive\Desktop\Tai lieu chuong Cau Truc Cay\Cay_Nhi_Phan_Tim_Kiem\BaiTapRenLuyenXuLyCay\Debug\link.17292-cvtres.write.1.tlog
C:\Users\VietNamSon\OneDrive\Desktop\Tai lieu chuong Cau Truc Cay\Cay_Nhi_Phan_Tim_Kiem\BaiTapRenLuyenXuLyCay\Debug\link.17292-rc.read.1.tlog
C:\Users\VietNamSon\OneDrive\Desktop\Tai lieu chuong Cau Truc Cay\Cay_Nhi_Phan_Tim_Kiem\BaiTapRenLuyenXuLyCay\Debug\link.17292-rc.write.1.tlog
C:\Users\VietNamSon\OneDrive\Desktop\Tai lieu chuong Cau Truc Cay\Cay_Nhi_Phan_Tim_Kiem\BaiTapRenLuyenXuLyCay\Debug\link.17292.read.1.tlog
C:\Users\VietNamSon\OneDrive\Desktop\Tai lieu chuong Cau Truc Cay\Cay_Nhi_Phan_Tim_Kiem\BaiTapRenLuyenXuLyCay\Debug\link.17292.write.1.tlog
C:\Users\VietNamSon\OneDrive\Desktop\Tai lieu chuong Cau Truc Cay\Cay_Nhi_Phan_Tim_Kiem\BaiTapRenLuyenXuLyCay\Debug\link.17312-cvtres.read.1.tlog
C:\Users\VietNamSon\OneDrive\Desktop\Tai lieu chuong Cau Truc Cay\Cay_Nhi_Phan_Tim_Kiem\BaiTapRenLuyenXuLyCay\Debug\link.17312-cvtres.write.1.tlog
C:\Users\VietNamSon\OneDrive\Desktop\Tai lieu chuong Cau Truc Cay\Cay_Nhi_Phan_Tim_Kiem\BaiTapRenLuyenXuLyCay\Debug\link.17312-rc.read.1.tlog
C:\Users\VietNamSon\OneDrive\Desktop\Tai lieu chuong Cau Truc Cay\Cay_Nhi_Phan_Tim_Kiem\BaiTapRenLuyenXuLyCay\Debug\link.17312-rc.write.1.tlog
C:\Users\VietNamSon\OneDrive\Desktop\Tai lieu chuong Cau Truc Cay\Cay_Nhi_Phan_Tim_Kiem\BaiTapRenLuyenXuLyCay\Debug\link.17312.read.1.tlog
C:\Users\VietNamSon\OneDrive\Desktop\Tai lieu chuong Cau Truc Cay\Cay_Nhi_Phan_Tim_Kiem\BaiTapRenLuyenXuLyCay\Debug\link.17312.write.1.tlog
C:\Users\VietNamSon\OneDrive\Desktop\Tai lieu chuong Cau Truc Cay\Cay_Nhi_Phan_Tim_Kiem\BaiTapRenLuyenXuLyCay\Debug\link.17572-cvtres.read.1.tlog
C:\Users\VietNamSon\OneDrive\Desktop\Tai lieu chuong Cau Truc Cay\Cay_Nhi_Phan_Tim_Kiem\BaiTapRenLuyenXuLyCay\Debug\link.17572-cvtres.write.1.tlog
C:\Users\VietNamSon\OneDrive\Desktop\Tai lieu chuong Cau Truc Cay\Cay_Nhi_Phan_Tim_Kiem\BaiTapRenLuyenXuLyCay\Debug\link.17572-rc.read.1.tlog
C:\Users\VietNamSon\OneDrive\Desktop\Tai lieu chuong Cau Truc Cay\Cay_Nhi_Phan_Tim_Kiem\BaiTapRenLuyenXuLyCay\Debug\link.17572-rc.write.1.tlog
C:\Users\VietNamSon\OneDrive\Desktop\Tai lieu chuong Cau Truc Cay\Cay_Nhi_Phan_Tim_Kiem\BaiTapRenLuyenXuLyCay\Debug\link.17572.read.1.tlog
C:\Users\VietNamSon\OneDrive\Desktop\Tai lieu chuong Cau Truc Cay\Cay_Nhi_Phan_Tim_Kiem\BaiTapRenLuyenXuLyCay\Debug\link.17572.write.1.tlog
C:\Users\VietNamSon\OneDrive\Desktop\Tai lieu chuong Cau Truc Cay\Cay_Nhi_Phan_Tim_Kiem\BaiTapRenLuyenXuLyCay\Debug\link.17660-cvtres.read.1.tlog
C:\Users\VietNamSon\OneDrive\Desktop\Tai lieu chuong Cau Truc Cay\Cay_Nhi_Phan_Tim_Kiem\BaiTapRenLuyenXuLyCay\Debug\link.17660-cvtres.write.1.tlog
C:\Users\VietNamSon\OneDrive\Desktop\Tai lieu chuong Cau Truc Cay\Cay_Nhi_Phan_Tim_Kiem\BaiTapRenLuyenXuLyCay\Debug\link.17660-rc.read.1.tlog
C:\Users\VietNamSon\OneDrive\Desktop\Tai lieu chuong Cau Truc Cay\Cay_Nhi_Phan_Tim_Kiem\BaiTapRenLuyenXuLyCay\Debug\link.17660-rc.write.1.tlog
C:\Users\VietNamSon\OneDrive\Desktop\Tai lieu chuong Cau Truc Cay\Cay_Nhi_Phan_Tim_Kiem\BaiTapRenLuyenXuLyCay\Debug\link.17660.read.1.tlog
C:\Users\VietNamSon\OneDrive\Desktop\Tai lieu chuong Cau Truc Cay\Cay_Nhi_Phan_Tim_Kiem\BaiTapRenLuyenXuLyCay\Debug\link.17660.write.1.tlog
C:\Users\VietNamSon\OneDrive\Desktop\Tai lieu chuong Cau Truc Cay\Cay_Nhi_Phan_Tim_Kiem\BaiTapRenLuyenXuLyCay\Debug\link.18120-cvtres.read.1.tlog
C:\Users\VietNamSon\OneDrive\Desktop\Tai lieu chuong Cau Truc Cay\Cay_Nhi_Phan_Tim_Kiem\BaiTapRenLuyenXuLyCay\Debug\link.18120-cvtres.write.1.tlog
C:\Users\VietNamSon\OneDrive\Desktop\Tai lieu chuong Cau Truc Cay\Cay_Nhi_Phan_Tim_Kiem\BaiTapRenLuyenXuLyCay\Debug\link.18120-rc.read.1.tlog
C:\Users\VietNamSon\OneDrive\Desktop\Tai lieu chuong Cau Truc Cay\Cay_Nhi_Phan_Tim_Kiem\BaiTapRenLuyenXuLyCay\Debug\link.18120-rc.write.1.tlog
C:\Users\VietNamSon\OneDrive\Desktop\Tai lieu chuong Cau Truc Cay\Cay_Nhi_Phan_Tim_Kiem\BaiTapRenLuyenXuLyCay\Debug\link.18120.read.1.tlog
C:\Users\VietNamSon\OneDrive\Desktop\Tai lieu chuong Cau Truc Cay\Cay_Nhi_Phan_Tim_Kiem\BaiTapRenLuyenXuLyCay\Debug\link.18120.write.1.tlog
C:\Users\VietNamSon\OneDrive\Desktop\Tai lieu chuong Cau Truc Cay\Cay_Nhi_Phan_Tim_Kiem\BaiTapRenLuyenXuLyCay\Debug\link.2088-cvtres.read.1.tlog
C:\Users\VietNamSon\OneDrive\Desktop\Tai lieu chuong Cau Truc Cay\Cay_Nhi_Phan_Tim_Kiem\BaiTapRenLuyenXuLyCay\Debug\link.2088-cvtres.write.1.tlog
C:\Users\VietNamSon\OneDrive\Desktop\Tai lieu chuong Cau Truc Cay\Cay_Nhi_Phan_Tim_Kiem\BaiTapRenLuyenXuLyCay\Debug\link.2088-rc.read.1.tlog
C:\Users\VietNamSon\OneDrive\Desktop\Tai lieu chuong Cau Truc Cay\Cay_Nhi_Phan_Tim_Kiem\BaiTapRenLuyenXuLyCay\Debug\link.2088-rc.write.1.tlog
C:\Users\VietNamSon\OneDrive\Desktop\Tai lieu chuong Cau Truc Cay\Cay_Nhi_Phan_Tim_Kiem\BaiTapRenLuyenXuLyCay\Debug\link.2088.read.1.tlog
C:\Users\VietNamSon\OneDrive\Desktop\Tai lieu chuong Cau Truc Cay\Cay_Nhi_Phan_Tim_Kiem\BaiTapRenLuyenXuLyCay\Debug\link.2088.write.1.tlog
C:\Users\VietNamSon\OneDrive\Desktop\Tai lieu chuong Cau Truc Cay\Cay_Nhi_Phan_Tim_Kiem\BaiTapRenLuyenXuLyCay\Debug\link.2096-cvtres.read.1.tlog
C:\Users\VietNamSon\OneDrive\Desktop\Tai lieu chuong Cau Truc Cay\Cay_Nhi_Phan_Tim_Kiem\BaiTapRenLuyenXuLyCay\Debug\link.2096-cvtres.write.1.tlog
C:\Users\VietNamSon\OneDrive\Desktop\Tai lieu chuong Cau Truc Cay\Cay_Nhi_Phan_Tim_Kiem\BaiTapRenLuyenXuLyCay\Debug\link.2096-rc.read.1.tlog
C:\Users\VietNamSon\OneDrive\Desktop\Tai lieu chuong Cau Truc Cay\Cay_Nhi_Phan_Tim_Kiem\BaiTapRenLuyenXuLyCay\Debug\link.2096-rc.write.1.tlog
C:\Users\VietNamSon\OneDrive\Desktop\Tai lieu chuong Cau Truc Cay\Cay_Nhi_Phan_Tim_Kiem\BaiTapRenLuyenXuLyCay\Debug\link.2096.read.1.tlog
C:\Users\VietNamSon\OneDrive\Desktop\Tai lieu chuong Cau Truc Cay\Cay_Nhi_Phan_Tim_Kiem\BaiTapRenLuyenXuLyCay\Debug\link.2096.write.1.tlog
C:\Users\VietNamSon\OneDrive\Desktop\Tai lieu chuong Cau Truc Cay\Cay_Nhi_Phan_Tim_Kiem\BaiTapRenLuyenXuLyCay\Debug\link.2516-cvtres.read.1.tlog
C:\Users\VietNamSon\OneDrive\Desktop\Tai lieu chuong Cau Truc Cay\Cay_Nhi_Phan_Tim_Kiem\BaiTapRenLuyenXuLyCay\Debug\link.2516-cvtres.write.1.tlog
C:\Users\VietNamSon\OneDrive\Desktop\Tai lieu chuong Cau Truc Cay\Cay_Nhi_Phan_Tim_Kiem\BaiTapRenLuyenXuLyCay\Debug\link.2516-rc.read.1.tlog
C:\Users\VietNamSon\OneDrive\Desktop\Tai lieu chuong Cau Truc Cay\Cay_Nhi_Phan_Tim_Kiem\BaiTapRenLuyenXuLyCay\Debug\link.2516-rc.write.1.tlog
C:\Users\VietNamSon\OneDrive\Desktop\Tai lieu chuong Cau Truc Cay\Cay_Nhi_Phan_Tim_Kiem\BaiTapRenLuyenXuLyCay\Debug\link.2516.read.1.tlog
C:\Users\VietNamSon\OneDrive\Desktop\Tai lieu chuong Cau Truc Cay\Cay_Nhi_Phan_Tim_Kiem\BaiTapRenLuyenXuLyCay\Debug\link.2516.write.1.tlog
C:\Users\VietNamSon\OneDrive\Desktop\Tai lieu chuong Cau Truc Cay\Cay_Nhi_Phan_Tim_Kiem\BaiTapRenLuyenXuLyCay\Debug\link.2672-cvtres.read.1.tlog
C:\Users\VietNamSon\OneDrive\Desktop\Tai lieu chuong Cau Truc Cay\Cay_Nhi_Phan_Tim_Kiem\BaiTapRenLuyenXuLyCay\Debug\link.2672-cvtres.write.1.tlog
C:\Users\VietNamSon\OneDrive\Desktop\Tai lieu chuong Cau Truc Cay\Cay_Nhi_Phan_Tim_Kiem\BaiTapRenLuyenXuLyCay\Debug\link.2672-rc.read.1.tlog
C:\Users\VietNamSon\OneDrive\Desktop\Tai lieu chuong Cau Truc Cay\Cay_Nhi_Phan_Tim_Kiem\BaiTapRenLuyenXuLyCay\Debug\link.2672-rc.write.1.tlog
C:\Users\VietNamSon\OneDrive\Desktop\Tai lieu chuong Cau Truc Cay\Cay_Nhi_Phan_Tim_Kiem\BaiTapRenLuyenXuLyCay\Debug\link.2672.read.1.tlog
C:\Users\VietNamSon\OneDrive\Desktop\Tai lieu chuong Cau Truc Cay\Cay_Nhi_Phan_Tim_Kiem\BaiTapRenLuyenXuLyCay\Debug\link.2672.write.1.tlog
C:\Users\VietNamSon\OneDrive\Desktop\Tai lieu chuong Cau Truc Cay\Cay_Nhi_Phan_Tim_Kiem\BaiTapRenLuyenXuLyCay\Debug\link.3252-cvtres.read.1.tlog
C:\Users\VietNamSon\OneDrive\Desktop\Tai lieu chuong Cau Truc Cay\Cay_Nhi_Phan_Tim_Kiem\BaiTapRenLuyenXuLyCay\Debug\link.3252-cvtres.write.1.tlog
C:\Users\VietNamSon\OneDrive\Desktop\Tai lieu chuong Cau Truc Cay\Cay_Nhi_Phan_Tim_Kiem\BaiTapRenLuyenXuLyCay\Debug\link.3252-rc.read.1.tlog
C:\Users\VietNamSon\OneDrive\Desktop\Tai lieu chuong Cau Truc Cay\Cay_Nhi_Phan_Tim_Kiem\BaiTapRenLuyenXuLyCay\Debug\link.3252-rc.write.1.tlog
C:\Users\VietNamSon\OneDrive\Desktop\Tai lieu chuong Cau Truc Cay\Cay_Nhi_Phan_Tim_Kiem\BaiTapRenLuyenXuLyCay\Debug\link.3252.read.1.tlog
C:\Users\VietNamSon\OneDrive\Desktop\Tai lieu chuong Cau Truc Cay\Cay_Nhi_Phan_Tim_Kiem\BaiTapRenLuyenXuLyCay\Debug\link.3252.write.1.tlog
C:\Users\VietNamSon\OneDrive\Desktop\Tai lieu chuong Cau Truc Cay\Cay_Nhi_Phan_Tim_Kiem\BaiTapRenLuyenXuLyCay\Debug\link.3348-cvtres.read.1.tlog
C:\Users\VietNamSon\OneDrive\Desktop\Tai lieu chuong Cau Truc Cay\Cay_Nhi_Phan_Tim_Kiem\BaiTapRenLuyenXuLyCay\Debug\link.3348-cvtres.write.1.tlog
C:\Users\VietNamSon\OneDrive\Desktop\Tai lieu chuong Cau Truc Cay\Cay_Nhi_Phan_Tim_Kiem\BaiTapRenLuyenXuLyCay\Debug\link.3348-rc.read.1.tlog
C:\Users\VietNamSon\OneDrive\Desktop\Tai lieu chuong Cau Truc Cay\Cay_Nhi_Phan_Tim_Kiem\BaiTapRenLuyenXuLyCay\Debug\link.3348-rc.write.1.tlog
C:\Users\VietNamSon\OneDrive\Desktop\Tai lieu chuong Cau Truc Cay\Cay_Nhi_Phan_Tim_Kiem\BaiTapRenLuyenXuLyCay\Debug\link.3348.read.1.tlog
C:\Users\VietNamSon\OneDrive\Desktop\Tai lieu chuong Cau Truc Cay\Cay_Nhi_Phan_Tim_Kiem\BaiTapRenLuyenXuLyCay\Debug\link.3348.write.1.tlog
C:\Users\VietNamSon\OneDrive\Desktop\Tai lieu chuong Cau Truc Cay\Cay_Nhi_Phan_Tim_Kiem\BaiTapRenLuyenXuLyCay\Debug\link.3524-cvtres.read.1.tlog
C:\Users\VietNamSon\OneDrive\Desktop\Tai lieu chuong Cau Truc Cay\Cay_Nhi_Phan_Tim_Kiem\BaiTapRenLuyenXuLyCay\Debug\link.3524-cvtres.write.1.tlog
C:\Users\VietNamSon\OneDrive\Desktop\Tai lieu chuong Cau Truc Cay\Cay_Nhi_Phan_Tim_Kiem\BaiTapRenLuyenXuLyCay\Debug\link.3524-rc.read.1.tlog
C:\Users\VietNamSon\OneDrive\Desktop\Tai lieu chuong Cau Truc Cay\Cay_Nhi_Phan_Tim_Kiem\BaiTapRenLuyenXuLyCay\Debug\link.3524-rc.write.1.tlog
C:\Users\VietNamSon\OneDrive\Desktop\Tai lieu chuong Cau Truc Cay\Cay_Nhi_Phan_Tim_Kiem\BaiTapRenLuyenXuLyCay\Debug\link.3524.read.1.tlog
C:\Users\VietNamSon\OneDrive\Desktop\Tai lieu chuong Cau Truc Cay\Cay_Nhi_Phan_Tim_Kiem\BaiTapRenLuyenXuLyCay\Debug\link.3524.write.1.tlog
C:\Users\VietNamSon\OneDrive\Desktop\Tai lieu chuong Cau Truc Cay\Cay_Nhi_Phan_Tim_Kiem\BaiTapRenLuyenXuLyCay\Debug\link.372-cvtres.read.1.tlog
C:\Users\VietNamSon\OneDrive\Desktop\Tai lieu chuong Cau Truc Cay\Cay_Nhi_Phan_Tim_Kiem\BaiTapRenLuyenXuLyCay\Debug\link.372-cvtres.write.1.tlog
C:\Users\VietNamSon\OneDrive\Desktop\Tai lieu chuong Cau Truc Cay\Cay_Nhi_Phan_Tim_Kiem\BaiTapRenLuyenXuLyCay\Debug\link.372-rc.read.1.tlog
C:\Users\VietNamSon\OneDrive\Desktop\Tai lieu chuong Cau Truc Cay\Cay_Nhi_Phan_Tim_Kiem\BaiTapRenLuyenXuLyCay\Debug\link.372-rc.write.1.tlog
C:\Users\VietNamSon\OneDrive\Desktop\Tai lieu chuong Cau Truc Cay\Cay_Nhi_Phan_Tim_Kiem\BaiTapRenLuyenXuLyCay\Debug\link.372.read.1.tlog
C:\Users\VietNamSon\OneDrive\Desktop\Tai lieu chuong Cau Truc Cay\Cay_Nhi_Phan_Tim_Kiem\BaiTapRenLuyenXuLyCay\Debug\link.372.write.1.tlog
C:\Users\VietNamSon\OneDrive\Desktop\Tai lieu chuong Cau Truc Cay\Cay_Nhi_Phan_Tim_Kiem\BaiTapRenLuyenXuLyCay\Debug\link.4372-cvtres.read.1.tlog
C:\Users\VietNamSon\OneDrive\Desktop\Tai lieu chuong Cau Truc Cay\Cay_Nhi_Phan_Tim_Kiem\BaiTapRenLuyenXuLyCay\Debug\link.4372-cvtres.write.1.tlog
C:\Users\VietNamSon\OneDrive\Desktop\Tai lieu chuong Cau Truc Cay\Cay_Nhi_Phan_Tim_Kiem\BaiTapRenLuyenXuLyCay\Debug\link.4372-rc.read.1.tlog
C:\Users\VietNamSon\OneDrive\Desktop\Tai lieu chuong Cau Truc Cay\Cay_Nhi_Phan_Tim_Kiem\BaiTapRenLuyenXuLyCay\Debug\link.4372-rc.write.1.tlog
C:\Users\VietNamSon\OneDrive\Desktop\Tai lieu chuong Cau Truc Cay\Cay_Nhi_Phan_Tim_Kiem\BaiTapRenLuyenXuLyCay\Debug\link.4372.read.1.tlog
C:\Users\VietNamSon\OneDrive\Desktop\Tai lieu chuong Cau Truc Cay\Cay_Nhi_Phan_Tim_Kiem\BaiTapRenLuyenXuLyCay\Debug\link.4372.write.1.tlog
C:\Users\VietNamSon\OneDrive\Desktop\Tai lieu chuong Cau Truc Cay\Cay_Nhi_Phan_Tim_Kiem\BaiTapRenLuyenXuLyCay\Debug\link.4736-cvtres.read.1.tlog
C:\Users\VietNamSon\OneDrive\Desktop\Tai lieu chuong Cau Truc Cay\Cay_Nhi_Phan_Tim_Kiem\BaiTapRenLuyenXuLyCay\Debug\link.4736-cvtres.write.1.tlog
C:\Users\VietNamSon\OneDrive\Desktop\Tai lieu chuong Cau Truc Cay\Cay_Nhi_Phan_Tim_Kiem\BaiTapRenLuyenXuLyCay\Debug\link.4736-rc.read.1.tlog
C:\Users\VietNamSon\OneDrive\Desktop\Tai lieu chuong Cau Truc Cay\Cay_Nhi_Phan_Tim_Kiem\BaiTapRenLuyenXuLyCay\Debug\link.4736-rc.write.1.tlog
C:\Users\VietNamSon\OneDrive\Desktop\Tai lieu chuong Cau Truc Cay\Cay_Nhi_Phan_Tim_Kiem\BaiTapRenLuyenXuLyCay\Debug\link.4736.read.1.tlog
C:\Users\VietNamSon\OneDrive\Desktop\Tai lieu chuong Cau Truc Cay\Cay_Nhi_Phan_Tim_Kiem\BaiTapRenLuyenXuLyCay\Debug\link.4736.write.1.tlog
C:\Users\VietNamSon\OneDrive\Desktop\Tai lieu chuong Cau Truc Cay\Cay_Nhi_Phan_Tim_Kiem\BaiTapRenLuyenXuLyCay\Debug\link.4844-cvtres.read.1.tlog
C:\Users\VietNamSon\OneDrive\Desktop\Tai lieu chuong Cau Truc Cay\Cay_Nhi_Phan_Tim_Kiem\BaiTapRenLuyenXuLyCay\Debug\link.4844-cvtres.write.1.tlog
C:\Users\VietNamSon\OneDrive\Desktop\Tai lieu chuong Cau Truc Cay\Cay_Nhi_Phan_Tim_Kiem\BaiTapRenLuyenXuLyCay\Debug\link.4844-rc.read.1.tlog
C:\Users\VietNamSon\OneDrive\Desktop\Tai lieu chuong Cau Truc Cay\Cay_Nhi_Phan_Tim_Kiem\BaiTapRenLuyenXuLyCay\Debug\link.4844-rc.write.1.tlog
C:\Users\VietNamSon\OneDrive\Desktop\Tai lieu chuong Cau Truc Cay\Cay_Nhi_Phan_Tim_Kiem\BaiTapRenLuyenXuLyCay\Debug\link.4844.read.1.tlog
C:\Users\VietNamSon\OneDrive\Desktop\Tai lieu chuong Cau Truc Cay\Cay_Nhi_Phan_Tim_Kiem\BaiTapRenLuyenXuLyCay\Debug\link.4844.write.1.tlog
C:\Users\VietNamSon\OneDrive\Desktop\Tai lieu chuong Cau Truc Cay\Cay_Nhi_Phan_Tim_Kiem\BaiTapRenLuyenXuLyCay\Debug\link.4924-cvtres.read.1.tlog
C:\Users\VietNamSon\OneDrive\Desktop\Tai lieu chuong Cau Truc Cay\Cay_Nhi_Phan_Tim_Kiem\BaiTapRenLuyenXuLyCay\Debug\link.4924-cvtres.write.1.tlog
C:\Users\VietNamSon\OneDrive\Desktop\Tai lieu chuong Cau Truc Cay\Cay_Nhi_Phan_Tim_Kiem\BaiTapRenLuyenXuLyCay\Debug\link.4924-rc.read.1.tlog
C:\Users\VietNamSon\OneDrive\Desktop\Tai lieu chuong Cau Truc Cay\Cay_Nhi_Phan_Tim_Kiem\BaiTapRenLuyenXuLyCay\Debug\link.4924-rc.write.1.tlog
C:\Users\VietNamSon\OneDrive\Desktop\Tai lieu chuong Cau Truc Cay\Cay_Nhi_Phan_Tim_Kiem\BaiTapRenLuyenXuLyCay\Debug\link.4924.read.1.tlog
C:\Users\VietNamSon\OneDrive\Desktop\Tai lieu chuong Cau Truc Cay\Cay_Nhi_Phan_Tim_Kiem\BaiTapRenLuyenXuLyCay\Debug\link.4924.write.1.tlog
C:\Users\VietNamSon\OneDrive\Desktop\Tai lieu chuong Cau Truc Cay\Cay_Nhi_Phan_Tim_Kiem\BaiTapRenLuyenXuLyCay\Debug\link.5200-cvtres.read.1.tlog
C:\Users\VietNamSon\OneDrive\Desktop\Tai lieu chuong Cau Truc Cay\Cay_Nhi_Phan_Tim_Kiem\BaiTapRenLuyenXuLyCay\Debug\link.5200-cvtres.write.1.tlog
C:\Users\VietNamSon\OneDrive\Desktop\Tai lieu chuong Cau Truc Cay\Cay_Nhi_Phan_Tim_Kiem\BaiTapRenLuyenXuLyCay\Debug\link.5200-rc.read.1.tlog
C:\Users\VietNamSon\OneDrive\Desktop\Tai lieu chuong Cau Truc Cay\Cay_Nhi_Phan_Tim_Kiem\BaiTapRenLuyenXuLyCay\Debug\link.5200-rc.write.1.tlog
C:\Users\VietNamSon\OneDrive\Desktop\Tai lieu chuong Cau Truc Cay\Cay_Nhi_Phan_Tim_Kiem\BaiTapRenLuyenXuLyCay\Debug\link.5200.read.1.tlog
C:\Users\VietNamSon\OneDrive\Desktop\Tai lieu chuong Cau Truc Cay\Cay_Nhi_Phan_Tim_Kiem\BaiTapRenLuyenXuLyCay\Debug\link.5200.write.1.tlog
C:\Users\VietNamSon\OneDrive\Desktop\Tai lieu chuong Cau Truc Cay\Cay_Nhi_Phan_Tim_Kiem\BaiTapRenLuyenXuLyCay\Debug\link.5212-cvtres.read.1.tlog
C:\Users\VietNamSon\OneDrive\Desktop\Tai lieu chuong Cau Truc Cay\Cay_Nhi_Phan_Tim_Kiem\BaiTapRenLuyenXuLyCay\Debug\link.5212-cvtres.write.1.tlog
C:\Users\VietNamSon\OneDrive\Desktop\Tai lieu chuong Cau Truc Cay\Cay_Nhi_Phan_Tim_Kiem\BaiTapRenLuyenXuLyCay\Debug\link.5212-rc.read.1.tlog
C:\Users\VietNamSon\OneDrive\Desktop\Tai lieu chuong Cau Truc Cay\Cay_Nhi_Phan_Tim_Kiem\BaiTapRenLuyenXuLyCay\Debug\link.5212-rc.write.1.tlog
C:\Users\VietNamSon\OneDrive\Desktop\Tai lieu chuong Cau Truc Cay\Cay_Nhi_Phan_Tim_Kiem\BaiTapRenLuyenXuLyCay\Debug\link.5212.read.1.tlog
C:\Users\VietNamSon\OneDrive\Desktop\Tai lieu chuong Cau Truc Cay\Cay_Nhi_Phan_Tim_Kiem\BaiTapRenLuyenXuLyCay\Debug\link.5212.write.1.tlog
C:\Users\VietNamSon\OneDrive\Desktop\Tai lieu chuong Cau Truc Cay\Cay_Nhi_Phan_Tim_Kiem\BaiTapRenLuyenXuLyCay\Debug\link.5844-cvtres.read.1.tlog
C:\Users\VietNamSon\OneDrive\Desktop\Tai lieu chuong Cau Truc Cay\Cay_Nhi_Phan_Tim_Kiem\BaiTapRenLuyenXuLyCay\Debug\link.5844-cvtres.write.1.tlog
C:\Users\VietNamSon\OneDrive\Desktop\Tai lieu chuong Cau Truc Cay\Cay_Nhi_Phan_Tim_Kiem\BaiTapRenLuyenXuLyCay\Debug\link.5844-rc.read.1.tlog
C:\Users\VietNamSon\OneDrive\Desktop\Tai lieu chuong Cau Truc Cay\Cay_Nhi_Phan_Tim_Kiem\BaiTapRenLuyenXuLyCay\Debug\link.5844-rc.write.1.tlog
C:\Users\VietNamSon\OneDrive\Desktop\Tai lieu chuong Cau Truc Cay\Cay_Nhi_Phan_Tim_Kiem\BaiTapRenLuyenXuLyCay\Debug\link.5844.read.1.tlog
C:\Users\VietNamSon\OneDrive\Desktop\Tai lieu chuong Cau Truc Cay\Cay_Nhi_Phan_Tim_Kiem\BaiTapRenLuyenXuLyCay\Debug\link.5844.write.1.tlog
C:\Users\VietNamSon\OneDrive\Desktop\Tai lieu chuong Cau Truc Cay\Cay_Nhi_Phan_Tim_Kiem\BaiTapRenLuyenXuLyCay\Debug\link.5980-cvtres.read.1.tlog
C:\Users\VietNamSon\OneDrive\Desktop\Tai lieu chuong Cau Truc Cay\Cay_Nhi_Phan_Tim_Kiem\BaiTapRenLuyenXuLyCay\Debug\link.5980-cvtres.write.1.tlog
C:\Users\VietNamSon\OneDrive\Desktop\Tai lieu chuong Cau Truc Cay\Cay_Nhi_Phan_Tim_Kiem\BaiTapRenLuyenXuLyCay\Debug\link.5980-rc.read.1.tlog
C:\Users\VietNamSon\OneDrive\Desktop\Tai lieu chuong Cau Truc Cay\Cay_Nhi_Phan_Tim_Kiem\BaiTapRenLuyenXuLyCay\Debug\link.5980-rc.write.1.tlog
C:\Users\VietNamSon\OneDrive\Desktop\Tai lieu chuong Cau Truc Cay\Cay_Nhi_Phan_Tim_Kiem\BaiTapRenLuyenXuLyCay\Debug\link.5980.read.1.tlog
C:\Users\VietNamSon\OneDrive\Desktop\Tai lieu chuong Cau Truc Cay\Cay_Nhi_Phan_Tim_Kiem\BaiTapRenLuyenXuLyCay\Debug\link.5980.write.1.tlog
C:\Users\VietNamSon\OneDrive\Desktop\Tai lieu chuong Cau Truc Cay\Cay_Nhi_Phan_Tim_Kiem\BaiTapRenLuyenXuLyCay\Debug\link.620-cvtres.read.1.tlog
C:\Users\VietNamSon\OneDrive\Desktop\Tai lieu chuong Cau Truc Cay\Cay_Nhi_Phan_Tim_Kiem\BaiTapRenLuyenXuLyCay\Debug\link.620-cvtres.write.1.tlog
C:\Users\VietNamSon\OneDrive\Desktop\Tai lieu chuong Cau Truc Cay\Cay_Nhi_Phan_Tim_Kiem\BaiTapRenLuyenXuLyCay\Debug\link.620-rc.read.1.tlog
C:\Users\VietNamSon\OneDrive\Desktop\Tai lieu chuong Cau Truc Cay\Cay_Nhi_Phan_Tim_Kiem\BaiTapRenLuyenXuLyCay\Debug\link.620-rc.write.1.tlog
C:\Users\VietNamSon\OneDrive\Desktop\Tai lieu chuong Cau Truc Cay\Cay_Nhi_Phan_Tim_Kiem\BaiTapRenLuyenXuLyCay\Debug\link.620.read.1.tlog
C:\Users\VietNamSon\OneDrive\Desktop\Tai lieu chuong Cau Truc Cay\Cay_Nhi_Phan_Tim_Kiem\BaiTapRenLuyenXuLyCay\Debug\link.620.write.1.tlog
C:\Users\VietNamSon\OneDrive\Desktop\Tai lieu chuong Cau Truc Cay\Cay_Nhi_Phan_Tim_Kiem\BaiTapRenLuyenXuLyCay\Debug\link.6232-cvtres.read.1.tlog
C:\Users\VietNamSon\OneDrive\Desktop\Tai lieu chuong Cau Truc Cay\Cay_Nhi_Phan_Tim_Kiem\BaiTapRenLuyenXuLyCay\Debug\link.6232-cvtres.write.1.tlog
C:\Users\VietNamSon\OneDrive\Desktop\Tai lieu chuong Cau Truc Cay\Cay_Nhi_Phan_Tim_Kiem\BaiTapRenLuyenXuLyCay\Debug\link.6232-rc.read.1.tlog
C:\Users\VietNamSon\OneDrive\Desktop\Tai lieu chuong Cau Truc Cay\Cay_Nhi_Phan_Tim_Kiem\BaiTapRenLuyenXuLyCay\Debug\link.6232-rc.write.1.tlog
C:\Users\VietNamSon\OneDrive\Desktop\Tai lieu chuong Cau Truc Cay\Cay_Nhi_Phan_Tim_Kiem\BaiTapRenLuyenXuLyCay\Debug\link.6232.read.1.tlog
C:\Users\VietNamSon\OneDrive\Desktop\Tai lieu chuong Cau Truc Cay\Cay_Nhi_Phan_Tim_Kiem\BaiTapRenLuyenXuLyCay\Debug\link.6232.write.1.tlog
C:\Users\VietNamSon\OneDrive\Desktop\Tai lieu chuong Cau Truc Cay\Cay_Nhi_Phan_Tim_Kiem\BaiTapRenLuyenXuLyCay\Debug\link.6272-cvtres.read.1.tlog
C:\Users\VietNamSon\OneDrive\Desktop\Tai lieu chuong Cau Truc Cay\Cay_Nhi_Phan_Tim_Kiem\BaiTapRenLuyenXuLyCay\Debug\link.6272-cvtres.write.1.tlog
C:\Users\VietNamSon\OneDrive\Desktop\Tai lieu chuong Cau Truc Cay\Cay_Nhi_Phan_Tim_Kiem\BaiTapRenLuyenXuLyCay\Debug\link.6272-rc.read.1.tlog
C:\Users\VietNamSon\OneDrive\Desktop\Tai lieu chuong Cau Truc Cay\Cay_Nhi_Phan_Tim_Kiem\BaiTapRenLuyenXuLyCay\Debug\link.6272-rc.write.1.tlog
C:\Users\VietNamSon\OneDrive\Desktop\Tai lieu chuong Cau Truc Cay\Cay_Nhi_Phan_Tim_Kiem\BaiTapRenLuyenXuLyCay\Debug\link.6272.read.1.tlog
C:\Users\VietNamSon\OneDrive\Desktop\Tai lieu chuong Cau Truc Cay\Cay_Nhi_Phan_Tim_Kiem\BaiTapRenLuyenXuLyCay\Debug\link.6272.write.1.tlog
C:\Users\VietNamSon\OneDrive\Desktop\Tai lieu chuong Cau Truc Cay\Cay_Nhi_Phan_Tim_Kiem\BaiTapRenLuyenXuLyCay\Debug\link.6772-cvtres.read.1.tlog
C:\Users\VietNamSon\OneDrive\Desktop\Tai lieu chuong Cau Truc Cay\Cay_Nhi_Phan_Tim_Kiem\BaiTapRenLuyenXuLyCay\Debug\link.6772-cvtres.write.1.tlog
C:\Users\VietNamSon\OneDrive\Desktop\Tai lieu chuong Cau Truc Cay\Cay_Nhi_Phan_Tim_Kiem\BaiTapRenLuyenXuLyCay\Debug\link.6772-rc.read.1.tlog
C:\Users\VietNamSon\OneDrive\Desktop\Tai lieu chuong Cau Truc Cay\Cay_Nhi_Phan_Tim_Kiem\BaiTapRenLuyenXuLyCay\Debug\link.6772-rc.write.1.tlog
C:\Users\VietNamSon\OneDrive\Desktop\Tai lieu chuong Cau Truc Cay\Cay_Nhi_Phan_Tim_Kiem\BaiTapRenLuyenXuLyCay\Debug\link.6772.read.1.tlog
C:\Users\VietNamSon\OneDrive\Desktop\Tai lieu chuong Cau Truc Cay\Cay_Nhi_Phan_Tim_Kiem\BaiTapRenLuyenXuLyCay\Debug\link.6772.write.1.tlog
C:\Users\VietNamSon\OneDrive\Desktop\Tai lieu chuong Cau Truc Cay\Cay_Nhi_Phan_Tim_Kiem\BaiTapRenLuyenXuLyCay\Debug\link.6800-cvtres.read.1.tlog
C:\Users\VietNamSon\OneDrive\Desktop\Tai lieu chuong Cau Truc Cay\Cay_Nhi_Phan_Tim_Kiem\BaiTapRenLuyenXuLyCay\Debug\link.6800-cvtres.write.1.tlog
C:\Users\VietNamSon\OneDrive\Desktop\Tai lieu chuong Cau Truc Cay\Cay_Nhi_Phan_Tim_Kiem\BaiTapRenLuyenXuLyCay\Debug\link.6800-rc.read.1.tlog
C:\Users\VietNamSon\OneDrive\Desktop\Tai lieu chuong Cau Truc Cay\Cay_Nhi_Phan_Tim_Kiem\BaiTapRenLuyenXuLyCay\Debug\link.6800-rc.write.1.tlog
C:\Users\VietNamSon\OneDrive\Desktop\Tai lieu chuong Cau Truc Cay\Cay_Nhi_Phan_Tim_Kiem\BaiTapRenLuyenXuLyCay\Debug\link.6800.read.1.tlog
C:\Users\VietNamSon\OneDrive\Desktop\Tai lieu chuong Cau Truc Cay\Cay_Nhi_Phan_Tim_Kiem\BaiTapRenLuyenXuLyCay\Debug\link.6800.write.1.tlog
C:\Users\VietNamSon\OneDrive\Desktop\Tai lieu chuong Cau Truc Cay\Cay_Nhi_Phan_Tim_Kiem\BaiTapRenLuyenXuLyCay\Debug\link.7072-cvtres.read.1.tlog
C:\Users\VietNamSon\OneDrive\Desktop\Tai lieu chuong Cau Truc Cay\Cay_Nhi_Phan_Tim_Kiem\BaiTapRenLuyenXuLyCay\Debug\link.7072-cvtres.write.1.tlog
C:\Users\VietNamSon\OneDrive\Desktop\Tai lieu chuong Cau Truc Cay\Cay_Nhi_Phan_Tim_Kiem\BaiTapRenLuyenXuLyCay\Debug\link.7072-rc.read.1.tlog
C:\Users\VietNamSon\OneDrive\Desktop\Tai lieu chuong Cau Truc Cay\Cay_Nhi_Phan_Tim_Kiem\BaiTapRenLuyenXuLyCay\Debug\link.7072-rc.write.1.tlog
C:\Users\VietNamSon\OneDrive\Desktop\Tai lieu chuong Cau Truc Cay\Cay_Nhi_Phan_Tim_Kiem\BaiTapRenLuyenXuLyCay\Debug\link.7072.read.1.tlog
C:\Users\VietNamSon\OneDrive\Desktop\Tai lieu chuong Cau Truc Cay\Cay_Nhi_Phan_Tim_Kiem\BaiTapRenLuyenXuLyCay\Debug\link.7072.write.1.tlog
C:\Users\VietNamSon\OneDrive\Desktop\Tai lieu chuong Cau Truc Cay\Cay_Nhi_Phan_Tim_Kiem\BaiTapRenLuyenXuLyCay\Debug\link.7176-cvtres.read.1.tlog
C:\Users\VietNamSon\OneDrive\Desktop\Tai lieu chuong Cau Truc Cay\Cay_Nhi_Phan_Tim_Kiem\BaiTapRenLuyenXuLyCay\Debug\link.7176-cvtres.write.1.tlog
C:\Users\VietNamSon\OneDrive\Desktop\Tai lieu chuong Cau Truc Cay\Cay_Nhi_Phan_Tim_Kiem\BaiTapRenLuyenXuLyCay\Debug\link.7176-rc.read.1.tlog
C:\Users\VietNamSon\OneDrive\Desktop\Tai lieu chuong Cau Truc Cay\Cay_Nhi_Phan_Tim_Kiem\BaiTapRenLuyenXuLyCay\Debug\link.7176-rc.write.1.tlog
C:\Users\VietNamSon\OneDrive\Desktop\Tai lieu chuong Cau Truc Cay\Cay_Nhi_Phan_Tim_Kiem\BaiTapRenLuyenXuLyCay\Debug\link.7176.read.1.tlog
C:\Users\VietNamSon\OneDrive\Desktop\Tai lieu chuong Cau Truc Cay\Cay_Nhi_Phan_Tim_Kiem\BaiTapRenLuyenXuLyCay\Debug\link.7176.write.1.tlog
C:\Users\VietNamSon\OneDrive\Desktop\Tai lieu chuong Cau Truc Cay\Cay_Nhi_Phan_Tim_Kiem\BaiTapRenLuyenXuLyCay\Debug\link.7232-cvtres.read.1.tlog
C:\Users\VietNamSon\OneDrive\Desktop\Tai lieu chuong Cau Truc Cay\Cay_Nhi_Phan_Tim_Kiem\BaiTapRenLuyenXuLyCay\Debug\link.7232-cvtres.write.1.tlog
C:\Users\VietNamSon\OneDrive\Desktop\Tai lieu chuong Cau Truc Cay\Cay_Nhi_Phan_Tim_Kiem\BaiTapRenLuyenXuLyCay\Debug\link.7232-rc.read.1.tlog
C:\Users\VietNamSon\OneDrive\Desktop\Tai lieu chuong Cau Truc Cay\Cay_Nhi_Phan_Tim_Kiem\BaiTapRenLuyenXuLyCay\Debug\link.7232-rc.write.1.tlog
C:\Users\VietNamSon\OneDrive\Desktop\Tai lieu chuong Cau Truc Cay\Cay_Nhi_Phan_Tim_Kiem\BaiTapRenLuyenXuLyCay\Debug\link.7232.read.1.tlog
C:\Users\VietNamSon\OneDrive\Desktop\Tai lieu chuong Cau Truc Cay\Cay_Nhi_Phan_Tim_Kiem\BaiTapRenLuyenXuLyCay\Debug\link.7232.write.1.tlog
C:\Users\VietNamSon\OneDrive\Desktop\Tai lieu chuong Cau Truc Cay\Cay_Nhi_Phan_Tim_Kiem\BaiTapRenLuyenXuLyCay\Debug\link.7360-cvtres.read.1.tlog
C:\Users\VietNamSon\OneDrive\Desktop\Tai lieu chuong Cau Truc Cay\Cay_Nhi_Phan_Tim_Kiem\BaiTapRenLuyenXuLyCay\Debug\link.7360-cvtres.write.1.tlog
C:\Users\VietNamSon\OneDrive\Desktop\Tai lieu chuong Cau Truc Cay\Cay_Nhi_Phan_Tim_Kiem\BaiTapRenLuyenXuLyCay\Debug\link.7360-rc.read.1.tlog
C:\Users\VietNamSon\OneDrive\Desktop\Tai lieu chuong Cau Truc Cay\Cay_Nhi_Phan_Tim_Kiem\BaiTapRenLuyenXuLyCay\Debug\link.7360-rc.write.1.tlog
C:\Users\VietNamSon\OneDrive\Desktop\Tai lieu chuong Cau Truc Cay\Cay_Nhi_Phan_Tim_Kiem\BaiTapRenLuyenXuLyCay\Debug\link.7360.read.1.tlog
C:\Users\VietNamSon\OneDrive\Desktop\Tai lieu chuong Cau Truc Cay\Cay_Nhi_Phan_Tim_Kiem\BaiTapRenLuyenXuLyCay\Debug\link.7360.write.1.tlog
C:\Users\VietNamSon\OneDrive\Desktop\Tai lieu chuong Cau Truc Cay\Cay_Nhi_Phan_Tim_Kiem\BaiTapRenLuyenXuLyCay\Debug\link.7704-cvtres.read.1.tlog
C:\Users\VietNamSon\OneDrive\Desktop\Tai lieu chuong Cau Truc Cay\Cay_Nhi_Phan_Tim_Kiem\BaiTapRenLuyenXuLyCay\Debug\link.7704-cvtres.write.1.tlog
C:\Users\VietNamSon\OneDrive\Desktop\Tai lieu chuong Cau Truc Cay\Cay_Nhi_Phan_Tim_Kiem\BaiTapRenLuyenXuLyCay\Debug\link.7704-rc.read.1.tlog
C:\Users\VietNamSon\OneDrive\Desktop\Tai lieu chuong Cau Truc Cay\Cay_Nhi_Phan_Tim_Kiem\BaiTapRenLuyenXuLyCay\Debug\link.7704-rc.write.1.tlog
C:\Users\VietNamSon\OneDrive\Desktop\Tai lieu chuong Cau Truc Cay\Cay_Nhi_Phan_Tim_Kiem\BaiTapRenLuyenXuLyCay\Debug\link.7704.read.1.tlog
C:\Users\VietNamSon\OneDrive\Desktop\Tai lieu chuong Cau Truc Cay\Cay_Nhi_Phan_Tim_Kiem\BaiTapRenLuyenXuLyCay\Debug\link.7704.write.1.tlog
C:\Users\VietNamSon\OneDrive\Desktop\Tai lieu chuong Cau Truc Cay\Cay_Nhi_Phan_Tim_Kiem\BaiTapRenLuyenXuLyCay\Debug\link.7860-cvtres.read.1.tlog
C:\Users\VietNamSon\OneDrive\Desktop\Tai lieu chuong Cau Truc Cay\Cay_Nhi_Phan_Tim_Kiem\BaiTapRenLuyenXuLyCay\Debug\link.7860-cvtres.write.1.tlog
C:\Users\VietNamSon\OneDrive\Desktop\Tai lieu chuong Cau Truc Cay\Cay_Nhi_Phan_Tim_Kiem\BaiTapRenLuyenXuLyCay\Debug\link.7860-rc.read.1.tlog
C:\Users\VietNamSon\OneDrive\Desktop\Tai lieu chuong Cau Truc Cay\Cay_Nhi_Phan_Tim_Kiem\BaiTapRenLuyenXuLyCay\Debug\link.7860-rc.write.1.tlog
C:\Users\VietNamSon\OneDrive\Desktop\Tai lieu chuong Cau Truc Cay\Cay_Nhi_Phan_Tim_Kiem\BaiTapRenLuyenXuLyCay\Debug\link.7860.read.1.tlog
C:\Users\VietNamSon\OneDrive\Desktop\Tai lieu chuong Cau Truc Cay\Cay_Nhi_Phan_Tim_Kiem\BaiTapRenLuyenXuLyCay\Debug\link.7860.write.1.tlog
C:\Users\VietNamSon\OneDrive\Desktop\Tai lieu chuong Cau Truc Cay\Cay_Nhi_Phan_Tim_Kiem\BaiTapRenLuyenXuLyCay\Debug\link.8040-cvtres.read.1.tlog
C:\Users\VietNamSon\OneDrive\Desktop\Tai lieu chuong Cau Truc Cay\Cay_Nhi_Phan_Tim_Kiem\BaiTapRenLuyenXuLyCay\Debug\link.8040-cvtres.write.1.tlog
C:\Users\VietNamSon\OneDrive\Desktop\Tai lieu chuong Cau Truc Cay\Cay_Nhi_Phan_Tim_Kiem\BaiTapRenLuyenXuLyCay\Debug\link.8040-rc.read.1.tlog
C:\Users\VietNamSon\OneDrive\Desktop\Tai lieu chuong Cau Truc Cay\Cay_Nhi_Phan_Tim_Kiem\BaiTapRenLuyenXuLyCay\Debug\link.8040-rc.write.1.tlog
C:\Users\VietNamSon\OneDrive\Desktop\Tai lieu chuong Cau Truc Cay\Cay_Nhi_Phan_Tim_Kiem\BaiTapRenLuyenXuLyCay\Debug\link.8040.read.1.tlog
C:\Users\VietNamSon\OneDrive\Desktop\Tai lieu chuong Cau Truc Cay\Cay_Nhi_Phan_Tim_Kiem\BaiTapRenLuyenXuLyCay\Debug\link.8040.write.1.tlog
C:\Users\VietNamSon\OneDrive\Desktop\Tai lieu chuong Cau Truc Cay\Cay_Nhi_Phan_Tim_Kiem\BaiTapRenLuyenXuLyCay\Debug\link.8256-cvtres.read.1.tlog
C:\Users\VietNamSon\OneDrive\Desktop\Tai lieu chuong Cau Truc Cay\Cay_Nhi_Phan_Tim_Kiem\BaiTapRenLuyenXuLyCay\Debug\link.8256-cvtres.write.1.tlog
C:\Users\VietNamSon\OneDrive\Desktop\Tai lieu chuong Cau Truc Cay\Cay_Nhi_Phan_Tim_Kiem\BaiTapRenLuyenXuLyCay\Debug\link.8256-rc.read.1.tlog
C:\Users\VietNamSon\OneDrive\Desktop\Tai lieu chuong Cau Truc Cay\Cay_Nhi_Phan_Tim_Kiem\BaiTapRenLuyenXuLyCay\Debug\link.8256-rc.write.1.tlog
C:\Users\VietNamSon\OneDrive\Desktop\Tai lieu chuong Cau Truc Cay\Cay_Nhi_Phan_Tim_Kiem\BaiTapRenLuyenXuLyCay\Debug\link.8256.read.1.tlog
C:\Users\VietNamSon\OneDrive\Desktop\Tai lieu chuong Cau Truc Cay\Cay_Nhi_Phan_Tim_Kiem\BaiTapRenLuyenXuLyCay\Debug\link.8256.write.1.tlog
C:\Users\VietNamSon\OneDrive\Desktop\Tai lieu chuong Cau Truc Cay\Cay_Nhi_Phan_Tim_Kiem\BaiTapRenLuyenXuLyCay\Debug\link.8268-cvtres.read.1.tlog
C:\Users\VietNamSon\OneDrive\Desktop\Tai lieu chuong Cau Truc Cay\Cay_Nhi_Phan_Tim_Kiem\BaiTapRenLuyenXuLyCay\Debug\link.8268-cvtres.write.1.tlog
C:\Users\VietNamSon\OneDrive\Desktop\Tai lieu chuong Cau Truc Cay\Cay_Nhi_Phan_Tim_Kiem\BaiTapRenLuyenXuLyCay\Debug\link.8268-rc.read.1.tlog
C:\Users\VietNamSon\OneDrive\Desktop\Tai lieu chuong Cau Truc Cay\Cay_Nhi_Phan_Tim_Kiem\BaiTapRenLuyenXuLyCay\Debug\link.8268-rc.write.1.tlog
C:\Users\VietNamSon\OneDrive\Desktop\Tai lieu chuong Cau Truc Cay\Cay_Nhi_Phan_Tim_Kiem\BaiTapRenLuyenXuLyCay\Debug\link.8268.read.1.tlog
C:\Users\VietNamSon\OneDrive\Desktop\Tai lieu chuong Cau Truc Cay\Cay_Nhi_Phan_Tim_Kiem\BaiTapRenLuyenXuLyCay\Debug\link.8268.write.1.tlog
C:\Users\VietNamSon\OneDrive\Desktop\Tai lieu chuong Cau Truc Cay\Cay_Nhi_Phan_Tim_Kiem\BaiTapRenLuyenXuLyCay\Debug\link.8664-cvtres.read.1.tlog
C:\Users\VietNamSon\OneDrive\Desktop\Tai lieu chuong Cau Truc Cay\Cay_Nhi_Phan_Tim_Kiem\BaiTapRenLuyenXuLyCay\Debug\link.8664-cvtres.write.1.tlog
C:\Users\VietNamSon\OneDrive\Desktop\Tai lieu chuong Cau Truc Cay\Cay_Nhi_Phan_Tim_Kiem\BaiTapRenLuyenXuLyCay\Debug\link.8664-rc.read.1.tlog
C:\Users\VietNamSon\OneDrive\Desktop\Tai lieu chuong Cau Truc Cay\Cay_Nhi_Phan_Tim_Kiem\BaiTapRenLuyenXuLyCay\Debug\link.8664-rc.write.1.tlog
C:\Users\VietNamSon\OneDrive\Desktop\Tai lieu chuong Cau Truc Cay\Cay_Nhi_Phan_Tim_Kiem\BaiTapRenLuyenXuLyCay\Debug\link.8664.read.1.tlog
C:\Users\VietNamSon\OneDrive\Desktop\Tai lieu chuong Cau Truc Cay\Cay_Nhi_Phan_Tim_Kiem\BaiTapRenLuyenXuLyCay\Debug\link.8664.write.1.tlog
C:\Users\VietNamSon\OneDrive\Desktop\Tai lieu chuong Cau Truc Cay\Cay_Nhi_Phan_Tim_Kiem\BaiTapRenLuyenXuLyCay\Debug\link.9144-cvtres.read.1.tlog
C:\Users\VietNamSon\OneDrive\Desktop\Tai lieu chuong Cau Truc Cay\Cay_Nhi_Phan_Tim_Kiem\BaiTapRenLuyenXuLyCay\Debug\link.9144-cvtres.write.1.tlog
C:\Users\VietNamSon\OneDrive\Desktop\Tai lieu chuong Cau Truc Cay\Cay_Nhi_Phan_Tim_Kiem\BaiTapRenLuyenXuLyCay\Debug\link.9144-rc.read.1.tlog
C:\Users\VietNamSon\OneDrive\Desktop\Tai lieu chuong Cau Truc Cay\Cay_Nhi_Phan_Tim_Kiem\BaiTapRenLuyenXuLyCay\Debug\link.9144-rc.write.1.tlog
C:\Users\VietNamSon\OneDrive\Desktop\Tai lieu chuong Cau Truc Cay\Cay_Nhi_Phan_Tim_Kiem\BaiTapRenLuyenXuLyCay\Debug\link.9144.read.1.tlog
C:\Users\VietNamSon\OneDrive\Desktop\Tai lieu chuong Cau Truc Cay\Cay_Nhi_Phan_Tim_Kiem\BaiTapRenLuyenXuLyCay\Debug\link.9144.write.1.tlog
C:\Users\VietNamSon\OneDrive\Desktop\Tai lieu chuong Cau Truc Cay\Cay_Nhi_Phan_Tim_Kiem\BaiTapRenLuyenXuLyCay\Debug\link.936-cvtres.read.1.tlog
C:\Users\VietNamSon\OneDrive\Desktop\Tai lieu chuong Cau Truc Cay\Cay_Nhi_Phan_Tim_Kiem\BaiTapRenLuyenXuLyCay\Debug\link.936-cvtres.write.1.tlog
C:\Users\VietNamSon\OneDrive\Desktop\Tai lieu chuong Cau Truc Cay\Cay_Nhi_Phan_Tim_Kiem\BaiTapRenLuyenXuLyCay\Debug\link.936-rc.read.1.tlog
C:\Users\VietNamSon\OneDrive\Desktop\Tai lieu chuong Cau Truc Cay\Cay_Nhi_Phan_Tim_Kiem\BaiTapRenLuyenXuLyCay\Debug\link.936-rc.write.1.tlog
C:\Users\VietNamSon\OneDrive\Desktop\Tai lieu chuong Cau Truc Cay\Cay_Nhi_Phan_Tim_Kiem\BaiTapRenLuyenXuLyCay\Debug\link.936.read.1.tlog
C:\Users\VietNamSon\OneDrive\Desktop\Tai lieu chuong Cau Truc Cay\Cay_Nhi_Phan_Tim_Kiem\BaiTapRenLuyenXuLyCay\Debug\link.936.write.1.tlog
C:\Users\VietNamSon\OneDrive\Desktop\Tai lieu chuong Cau Truc Cay\Cay_Nhi_Phan_Tim_Kiem\BaiTapRenLuyenXuLyCay\Debug\link.9456-cvtres.read.1.tlog
C:\Users\VietNamSon\OneDrive\Desktop\Tai lieu chuong Cau Truc Cay\Cay_Nhi_Phan_Tim_Kiem\BaiTapRenLuyenXuLyCay\Debug\link.9456-cvtres.write.1.tlog
C:\Users\VietNamSon\OneDrive\Desktop\Tai lieu chuong Cau Truc Cay\Cay_Nhi_Phan_Tim_Kiem\BaiTapRenLuyenXuLyCay\Debug\link.9456-rc.read.1.tlog
C:\Users\VietNamSon\OneDrive\Desktop\Tai lieu chuong Cau Truc Cay\Cay_Nhi_Phan_Tim_Kiem\BaiTapRenLuyenXuLyCay\Debug\link.9456-rc.write.1.tlog
C:\Users\VietNamSon\OneDrive\Desktop\Tai lieu chuong Cau Truc Cay\Cay_Nhi_Phan_Tim_Kiem\BaiTapRenLuyenXuLyCay\Debug\link.9456.read.1.tlog
C:\Users\VietNamSon\OneDrive\Desktop\Tai lieu chuong Cau Truc Cay\Cay_Nhi_Phan_Tim_Kiem\BaiTapRenLuyenXuLyCay\Debug\link.9456.write.1.tlog
C:\Users\VietNamSon\OneDrive\Desktop\Tai lieu chuong Cau Truc Cay\Cay_Nhi_Phan_Tim_Kiem\BaiTapRenLuyenXuLyCay\Debug\link.9548-cvtres.read.1.tlog
C:\Users\VietNamSon\OneDrive\Desktop\Tai lieu chuong Cau Truc Cay\Cay_Nhi_Phan_Tim_Kiem\BaiTapRenLuyenXuLyCay\Debug\link.9548-cvtres.write.1.tlog
C:\Users\VietNamSon\OneDrive\Desktop\Tai lieu chuong Cau Truc Cay\Cay_Nhi_Phan_Tim_Kiem\BaiTapRenLuyenXuLyCay\Debug\link.9548-rc.read.1.tlog
C:\Users\VietNamSon\OneDrive\Desktop\Tai lieu chuong Cau Truc Cay\Cay_Nhi_Phan_Tim_Kiem\BaiTapRenLuyenXuLyCay\Debug\link.9548-rc.write.1.tlog
C:\Users\VietNamSon\OneDrive\Desktop\Tai lieu chuong Cau Truc Cay\Cay_Nhi_Phan_Tim_Kiem\BaiTapRenLuyenXuLyCay\Debug\link.9548.read.1.tlog
C:\Users\VietNamSon\OneDrive\Desktop\Tai lieu chuong Cau Truc Cay\Cay_Nhi_Phan_Tim_Kiem\BaiTapRenLuyenXuLyCay\Debug\link.9548.write.1.tlog
C:\Users\VietNamSon\OneDrive\Desktop\Tai lieu chuong Cau Truc Cay\Cay_Nhi_Phan_Tim_Kiem\BaiTapRenLuyenXuLyCay\Debug\link.command.1.tlog
C:\Users\VietNamSon\OneDrive\Desktop\Tai lieu chuong Cau Truc Cay\Cay_Nhi_Phan_Tim_Kiem\BaiTapRenLuyenXuLyCay\Debug\link.read.1.tlog
C:\Users\VietNamSon\OneDrive\Desktop\Tai lieu chuong Cau Truc Cay\Cay_Nhi_Phan_Tim_Kiem\BaiTapRenLuyenXuLyCay\Debug\link.write.1.tlog
C:\Users\VietNamSon\OneDrive\Desktop\Tai lieu chuong Cau Truc Cay\Cay_Nhi_Phan_Tim_Kiem\BaiTapRenLuyenXuLyCay\Debug\vc110.idb
C:\Users\VietNamSon\OneDrive\Desktop\Tai lieu chuong Cau Truc Cay\Cay_Nhi_Phan_Tim_Kiem\BaiTapRenLuyenXuLyCay\Debug\vc110.pdb
C:\Users\VietNamSon\OneDrive\Desktop\Tai lieu chuong Cau Truc Cay\Cay_Nhi_Phan_Tim_Kiem\Debug\BaiTapRenLuyenXuLyCay.pdb
C:\Users\VietNamSon\OneDrive\Desktop\Tai lieu chuong Cau Truc Cay\Cay_Nhi_Phan_Tim_Kiem\Debug\BaiTapRenLuyenXuLyCay.exe
C:\Users\VietNamSon\OneDrive\Desktop\Tai lieu chuong Cau Truc Cay\Cay_Nhi_Phan_Tim_Kiem\Debug\BaiTapRenLuyenXuLyCay.ilk
