Build started 5/3/2019 5:44:57 PM.
     1>Project "C:\Users\VietNamSon\OneDrive\Desktop\Tai lieu chuong Cau Truc Cay\Cay_Nhi_Phan\CayCoKieuDuLieuDoNguoiDungDinhNghia\CayCoKieuDuLieuDoNguoiDungDinhNghia.vcxproj" on node 2 (Build target(s)).
     1>ClCompile:
         C:\Program Files (x86)\Microsoft Visual Studio 11.0\VC\bin\CL.exe /c /ZI /nologo /W3 /WX- /Od /Oy- /D _MBCS /Gm /EHsc /RTC1 /MDd /GS /fp:precise /Zc:wchar_t /Zc:forScope /Fo"Debug\\" /Fd"Debug\vc110.pdb" /Gd /TP /analyze- /errorReport:prompt Source.cpp
         Source.cpp
     1>c:\users\vietnamson\onedrive\desktop\tai lieu chuong cau truc cay\cay_nhi_phan\caycokieudulieudonguoidungdinhnghia\source.cpp(186): warning C4996: 'strcpy': This function or variable may be unsafe. Consider using strcpy_s instead. To disable deprecation, use _CRT_SECURE_NO_WARNINGS. See online help for details.
                 c:\program files (x86)\microsoft visual studio 11.0\vc\include\string.h(110) : see declaration of 'strcpy'
     1>c:\users\vietnamson\onedrive\desktop\tai lieu chuong cau truc cay\cay_nhi_phan\caycokieudulieudonguoidungdinhnghia\source.cpp(187): warning C4996: 'strcpy': This function or variable may be unsafe. Consider using strcpy_s instead. To disable deprecation, use _CRT_SECURE_NO_WARNINGS. See online help for details.
                 c:\program files (x86)\microsoft visual studio 11.0\vc\include\string.h(110) : see declaration of 'strcpy'
     1>c:\users\vietnamson\onedrive\desktop\tai lieu chuong cau truc cay\cay_nhi_phan\caycokieudulieudonguoidungdinhnghia\source.cpp(191): warning C4996: 'strcpy': This function or variable may be unsafe. Consider using strcpy_s instead. To disable deprecation, use _CRT_SECURE_NO_WARNINGS. See online help for details.
                 c:\program files (x86)\microsoft visual studio 11.0\vc\include\string.h(110) : see declaration of 'strcpy'
     1>c:\users\vietnamson\onedrive\desktop\tai lieu chuong cau truc cay\cay_nhi_phan\caycokieudulieudonguoidungdinhnghia\source.cpp(197): warning C4996: 'strcpy': This function or variable may be unsafe. Consider using strcpy_s instead. To disable deprecation, use _CRT_SECURE_NO_WARNINGS. See online help for details.
                 c:\program files (x86)\microsoft visual studio 11.0\vc\include\string.h(110) : see declaration of 'strcpy'
     1>c:\users\vietnamson\onedrive\desktop\tai lieu chuong cau truc cay\cay_nhi_phan\caycokieudulieudonguoidungdinhnghia\source.cpp(198): warning C4996: 'strcpy': This function or variable may be unsafe. Consider using strcpy_s instead. To disable deprecation, use _CRT_SECURE_NO_WARNINGS. See online help for details.
                 c:\program files (x86)\microsoft visual studio 11.0\vc\include\string.h(110) : see declaration of 'strcpy'
     1>c:\users\vietnamson\onedrive\desktop\tai lieu chuong cau truc cay\cay_nhi_phan\caycokieudulieudonguoidungdinhnghia\source.cpp(202): warning C4996: 'strcpy': This function or variable may be unsafe. Consider using strcpy_s instead. To disable deprecation, use _CRT_SECURE_NO_WARNINGS. See online help for details.
                 c:\program files (x86)\microsoft visual studio 11.0\vc\include\string.h(110) : see declaration of 'strcpy'
     1>c:\users\vietnamson\onedrive\desktop\tai lieu chuong cau truc cay\cay_nhi_phan\caycokieudulieudonguoidungdinhnghia\source.cpp(208): warning C4996: 'strcpy': This function or variable may be unsafe. Consider using strcpy_s instead. To disable deprecation, use _CRT_SECURE_NO_WARNINGS. See online help for details.
                 c:\program files (x86)\microsoft visual studio 11.0\vc\include\string.h(110) : see declaration of 'strcpy'
     1>c:\users\vietnamson\onedrive\desktop\tai lieu chuong cau truc cay\cay_nhi_phan\caycokieudulieudonguoidungdinhnghia\source.cpp(209): warning C4996: 'strcpy': This function or variable may be unsafe. Consider using strcpy_s instead. To disable deprecation, use _CRT_SECURE_NO_WARNINGS. See online help for details.
                 c:\program files (x86)\microsoft visual studio 11.0\vc\include\string.h(110) : see declaration of 'strcpy'
     1>c:\users\vietnamson\onedrive\desktop\tai lieu chuong cau truc cay\cay_nhi_phan\caycokieudulieudonguoidungdinhnghia\source.cpp(213): warning C4996: 'strcpy': This function or variable may be unsafe. Consider using strcpy_s instead. To disable deprecation, use _CRT_SECURE_NO_WARNINGS. See online help for details.
                 c:\program files (x86)\microsoft visual studio 11.0\vc\include\string.h(110) : see declaration of 'strcpy'
     1>c:\users\vietnamson\onedrive\desktop\tai lieu chuong cau truc cay\cay_nhi_phan\caycokieudulieudonguoidungdinhnghia\source.cpp(219): warning C4996: 'strcpy': This function or variable may be unsafe. Consider using strcpy_s instead. To disable deprecation, use _CRT_SECURE_NO_WARNINGS. See online help for details.
                 c:\program files (x86)\microsoft visual studio 11.0\vc\include\string.h(110) : see declaration of 'strcpy'
     1>c:\users\vietnamson\onedrive\desktop\tai lieu chuong cau truc cay\cay_nhi_phan\caycokieudulieudonguoidungdinhnghia\source.cpp(220): warning C4996: 'strcpy': This function or variable may be unsafe. Consider using strcpy_s instead. To disable deprecation, use _CRT_SECURE_NO_WARNINGS. See online help for details.
                 c:\program files (x86)\microsoft visual studio 11.0\vc\include\string.h(110) : see declaration of 'strcpy'
     1>c:\users\vietnamson\onedrive\desktop\tai lieu chuong cau truc cay\cay_nhi_phan\caycokieudulieudonguoidungdinhnghia\source.cpp(224): warning C4996: 'strcpy': This function or variable may be unsafe. Consider using strcpy_s instead. To disable deprecation, use _CRT_SECURE_NO_WARNINGS. See online help for details.
                 c:\program files (x86)\microsoft visual studio 11.0\vc\include\string.h(110) : see declaration of 'strcpy'
     1>c:\users\vietnamson\onedrive\desktop\tai lieu chuong cau truc cay\cay_nhi_phan\caycokieudulieudonguoidungdinhnghia\source.cpp(230): warning C4996: 'strcpy': This function or variable may be unsafe. Consider using strcpy_s instead. To disable deprecation, use _CRT_SECURE_NO_WARNINGS. See online help for details.
                 c:\program files (x86)\microsoft visual studio 11.0\vc\include\string.h(110) : see declaration of 'strcpy'
     1>c:\users\vietnamson\onedrive\desktop\tai lieu chuong cau truc cay\cay_nhi_phan\caycokieudulieudonguoidungdinhnghia\source.cpp(231): warning C4996: 'strcpy': This function or variable may be unsafe. Consider using strcpy_s instead. To disable deprecation, use _CRT_SECURE_NO_WARNINGS. See online help for details.
                 c:\program files (x86)\microsoft visual studio 11.0\vc\include\string.h(110) : see declaration of 'strcpy'
     1>c:\users\vietnamson\onedrive\desktop\tai lieu chuong cau truc cay\cay_nhi_phan\caycokieudulieudonguoidungdinhnghia\source.cpp(235): warning C4996: 'strcpy': This function or variable may be unsafe. Consider using strcpy_s instead. To disable deprecation, use _CRT_SECURE_NO_WARNINGS. See online help for details.
                 c:\program files (x86)\microsoft visual studio 11.0\vc\include\string.h(110) : see declaration of 'strcpy'
     1>c:\users\vietnamson\onedrive\desktop\tai lieu chuong cau truc cay\cay_nhi_phan\caycokieudulieudonguoidungdinhnghia\source.cpp(256): warning C4996: 'localtime': This function or variable may be unsafe. Consider using localtime_s instead. To disable deprecation, use _CRT_SECURE_NO_WARNINGS. See online help for details.
                 c:\program files (x86)\microsoft visual studio 11.0\vc\include\time.inl(112) : see declaration of 'localtime'
     1>c:\users\vietnamson\onedrive\desktop\tai lieu chuong cau truc cay\cay_nhi_phan\caycokieudulieudonguoidungdinhnghia\source.cpp(306): warning C4996: 'getch': The POSIX name for this item is deprecated. Instead, use the ISO C++ conformant name: _getch. See online help for details.
                 c:\program files (x86)\microsoft visual studio 11.0\vc\include\conio.h(131) : see declaration of 'getch'
       Link:
         C:\Program Files (x86)\Microsoft Visual Studio 11.0\VC\bin\link.exe /ERRORREPORT:PROMPT /OUT:"C:\Users\VietNamSon\OneDrive\Desktop\Tai lieu chuong Cau Truc Cay\Cay_Nhi_Phan\Debug\CayCoKieuDuLieuDoNguoiDungDinhNghia.exe" /INCREMENTAL /NOLOGO kernel32.lib user32.lib gdi32.lib winspool.lib comdlg32.lib advapi32.lib shell32.lib ole32.lib oleaut32.lib uuid.lib odbc32.lib odbccp32.lib /MANIFEST /MANIFESTUAC:"level='asInvoker' uiAccess='false'" /manifest:embed /DEBUG /PDB:"C:\Users\VietNamSon\OneDrive\Desktop\Tai lieu chuong Cau Truc Cay\Cay_Nhi_Phan\Debug\CayCoKieuDuLieuDoNguoiDungDinhNghia.pdb" /TLBID:1 /DYNAMICBASE /NXCOMPAT /IMPLIB:"C:\Users\VietNamSon\OneDrive\Desktop\Tai lieu chuong Cau Truc Cay\Cay_Nhi_Phan\Debug\CayCoKieuDuLieuDoNguoiDungDinhNghia.lib" /MACHINE:X86 Debug\Source.obj
         CayCoKieuDuLieuDoNguoiDungDinhNghia.vcxproj -> C:\Users\VietNamSon\OneDrive\Desktop\Tai lieu chuong Cau Truc Cay\Cay_Nhi_Phan\Debug\CayCoKieuDuLieuDoNguoiDungDinhNghia.exe
     1>Done Building Project "C:\Users\VietNamSon\OneDrive\Desktop\Tai lieu chuong Cau Truc Cay\Cay_Nhi_Phan\CayCoKieuDuLieuDoNguoiDungDinhNghia\CayCoKieuDuLieuDoNguoiDungDinhNghia.vcxproj" (Build target(s)).

Build succeeded.

Time Elapsed 00:00:00.65
