C:\USERS\VIETNAMSON\ONEDRIVE\DESKTOP\TAI LIEU CHUONG CAU TRUC CAY\CAY_NHI_PHAN\BAITAPXULYCAY\DEBUG\SOURCE.OBJ
C:\USERS\VIETNAMSON\ONEDRIVE\DESKTOP\TAI LIEU CHUONG CAU TRUC CAY\CAY_NHI_PHAN\BAITAPXULYCAY\DEBUG\VC110.PDB
C:\Users\VietNamSon\OneDrive\Desktop\Tai lieu chuong Cau Truc Cay\Cay_Nhi_Phan\BaiTapXuLyCay\Debug\Source.obj
C:\Users\VietNamSon\OneDrive\Desktop\Tai lieu chuong Cau Truc Cay\Cay_Nhi_Phan\BaiTapXuLyCay\Debug\cl.command.1.tlog
C:\Users\VietNamSon\OneDrive\Desktop\Tai lieu chuong Cau Truc Cay\Cay_Nhi_Phan\BaiTapXuLyCay\Debug\CL.read.1.tlog
C:\Users\VietNamSon\OneDrive\Desktop\Tai lieu chuong Cau Truc Cay\Cay_Nhi_Phan\BaiTapXuLyCay\Debug\CL.write.1.tlog
C:\Users\VietNamSon\OneDrive\Desktop\Tai lieu chuong Cau Truc Cay\Cay_Nhi_Phan\BaiTapXuLyCay\Debug\link-cvtres.read.1.tlog
C:\Users\VietNamSon\OneDrive\Desktop\Tai lieu chuong Cau Truc Cay\Cay_Nhi_Phan\BaiTapXuLyCay\Debug\link-cvtres.write.1.tlog
C:\Users\VietNamSon\OneDrive\Desktop\Tai lieu chuong Cau Truc Cay\Cay_Nhi_Phan\BaiTapXuLyCay\Debug\link-rc.read.1.tlog
C:\Users\VietNamSon\OneDrive\Desktop\Tai lieu chuong Cau Truc Cay\Cay_Nhi_Phan\BaiTapXuLyCay\Debug\link-rc.write.1.tlog
C:\Users\VietNamSon\OneDrive\Desktop\Tai lieu chuong Cau Truc Cay\Cay_Nhi_Phan\BaiTapXuLyCay\Debug\link.10076-cvtres.read.1.tlog
C:\Users\VietNamSon\OneDrive\Desktop\Tai lieu chuong Cau Truc Cay\Cay_Nhi_Phan\BaiTapXuLyCay\Debug\link.10076-cvtres.write.1.tlog
C:\Users\VietNamSon\OneDrive\Desktop\Tai lieu chuong Cau Truc Cay\Cay_Nhi_Phan\BaiTapXuLyCay\Debug\link.10076-rc.read.1.tlog
C:\Users\VietNamSon\OneDrive\Desktop\Tai lieu chuong Cau Truc Cay\Cay_Nhi_Phan\BaiTapXuLyCay\Debug\link.10076-rc.write.1.tlog
C:\Users\VietNamSon\OneDrive\Desktop\Tai lieu chuong Cau Truc Cay\Cay_Nhi_Phan\BaiTapXuLyCay\Debug\link.10076.read.1.tlog
C:\Users\VietNamSon\OneDrive\Desktop\Tai lieu chuong Cau Truc Cay\Cay_Nhi_Phan\BaiTapXuLyCay\Debug\link.10076.write.1.tlog
C:\Users\VietNamSon\OneDrive\Desktop\Tai lieu chuong Cau Truc Cay\Cay_Nhi_Phan\BaiTapXuLyCay\Debug\link.10164-cvtres.read.1.tlog
C:\Users\VietNamSon\OneDrive\Desktop\Tai lieu chuong Cau Truc Cay\Cay_Nhi_Phan\BaiTapXuLyCay\Debug\link.10164-cvtres.write.1.tlog
C:\Users\VietNamSon\OneDrive\Desktop\Tai lieu chuong Cau Truc Cay\Cay_Nhi_Phan\BaiTapXuLyCay\Debug\link.10164-rc.read.1.tlog
C:\Users\VietNamSon\OneDrive\Desktop\Tai lieu chuong Cau Truc Cay\Cay_Nhi_Phan\BaiTapXuLyCay\Debug\link.10164-rc.write.1.tlog
C:\Users\VietNamSon\OneDrive\Desktop\Tai lieu chuong Cau Truc Cay\Cay_Nhi_Phan\BaiTapXuLyCay\Debug\link.10164.read.1.tlog
C:\Users\VietNamSon\OneDrive\Desktop\Tai lieu chuong Cau Truc Cay\Cay_Nhi_Phan\BaiTapXuLyCay\Debug\link.10164.write.1.tlog
C:\Users\VietNamSon\OneDrive\Desktop\Tai lieu chuong Cau Truc Cay\Cay_Nhi_Phan\BaiTapXuLyCay\Debug\link.10232-cvtres.read.1.tlog
C:\Users\VietNamSon\OneDrive\Desktop\Tai lieu chuong Cau Truc Cay\Cay_Nhi_Phan\BaiTapXuLyCay\Debug\link.10232-cvtres.write.1.tlog
C:\Users\VietNamSon\OneDrive\Desktop\Tai lieu chuong Cau Truc Cay\Cay_Nhi_Phan\BaiTapXuLyCay\Debug\link.10232-rc.read.1.tlog
C:\Users\VietNamSon\OneDrive\Desktop\Tai lieu chuong Cau Truc Cay\Cay_Nhi_Phan\BaiTapXuLyCay\Debug\link.10232-rc.write.1.tlog
C:\Users\VietNamSon\OneDrive\Desktop\Tai lieu chuong Cau Truc Cay\Cay_Nhi_Phan\BaiTapXuLyCay\Debug\link.10232.read.1.tlog
C:\Users\VietNamSon\OneDrive\Desktop\Tai lieu chuong Cau Truc Cay\Cay_Nhi_Phan\BaiTapXuLyCay\Debug\link.10232.write.1.tlog
C:\Users\VietNamSon\OneDrive\Desktop\Tai lieu chuong Cau Truc Cay\Cay_Nhi_Phan\BaiTapXuLyCay\Debug\link.10744-cvtres.read.1.tlog
C:\Users\VietNamSon\OneDrive\Desktop\Tai lieu chuong Cau Truc Cay\Cay_Nhi_Phan\BaiTapXuLyCay\Debug\link.10744-cvtres.write.1.tlog
C:\Users\VietNamSon\OneDrive\Desktop\Tai lieu chuong Cau Truc Cay\Cay_Nhi_Phan\BaiTapXuLyCay\Debug\link.10744-rc.read.1.tlog
C:\Users\VietNamSon\OneDrive\Desktop\Tai lieu chuong Cau Truc Cay\Cay_Nhi_Phan\BaiTapXuLyCay\Debug\link.10744-rc.write.1.tlog
C:\Users\VietNamSon\OneDrive\Desktop\Tai lieu chuong Cau Truc Cay\Cay_Nhi_Phan\BaiTapXuLyCay\Debug\link.10744.read.1.tlog
C:\Users\VietNamSon\OneDrive\Desktop\Tai lieu chuong Cau Truc Cay\Cay_Nhi_Phan\BaiTapXuLyCay\Debug\link.10744.write.1.tlog
C:\Users\VietNamSon\OneDrive\Desktop\Tai lieu chuong Cau Truc Cay\Cay_Nhi_Phan\BaiTapXuLyCay\Debug\link.10832-cvtres.read.1.tlog
C:\Users\VietNamSon\OneDrive\Desktop\Tai lieu chuong Cau Truc Cay\Cay_Nhi_Phan\BaiTapXuLyCay\Debug\link.10832-cvtres.write.1.tlog
C:\Users\VietNamSon\OneDrive\Desktop\Tai lieu chuong Cau Truc Cay\Cay_Nhi_Phan\BaiTapXuLyCay\Debug\link.10832-rc.read.1.tlog
C:\Users\VietNamSon\OneDrive\Desktop\Tai lieu chuong Cau Truc Cay\Cay_Nhi_Phan\BaiTapXuLyCay\Debug\link.10832-rc.write.1.tlog
C:\Users\VietNamSon\OneDrive\Desktop\Tai lieu chuong Cau Truc Cay\Cay_Nhi_Phan\BaiTapXuLyCay\Debug\link.10832.read.1.tlog
C:\Users\VietNamSon\OneDrive\Desktop\Tai lieu chuong Cau Truc Cay\Cay_Nhi_Phan\BaiTapXuLyCay\Debug\link.10832.write.1.tlog
C:\Users\VietNamSon\OneDrive\Desktop\Tai lieu chuong Cau Truc Cay\Cay_Nhi_Phan\BaiTapXuLyCay\Debug\link.11012-cvtres.read.1.tlog
C:\Users\VietNamSon\OneDrive\Desktop\Tai lieu chuong Cau Truc Cay\Cay_Nhi_Phan\BaiTapXuLyCay\Debug\link.11012-cvtres.write.1.tlog
C:\Users\VietNamSon\OneDrive\Desktop\Tai lieu chuong Cau Truc Cay\Cay_Nhi_Phan\BaiTapXuLyCay\Debug\link.11012-rc.read.1.tlog
C:\Users\VietNamSon\OneDrive\Desktop\Tai lieu chuong Cau Truc Cay\Cay_Nhi_Phan\BaiTapXuLyCay\Debug\link.11012-rc.write.1.tlog
C:\Users\VietNamSon\OneDrive\Desktop\Tai lieu chuong Cau Truc Cay\Cay_Nhi_Phan\BaiTapXuLyCay\Debug\link.11012.read.1.tlog
C:\Users\VietNamSon\OneDrive\Desktop\Tai lieu chuong Cau Truc Cay\Cay_Nhi_Phan\BaiTapXuLyCay\Debug\link.11012.write.1.tlog
C:\Users\VietNamSon\OneDrive\Desktop\Tai lieu chuong Cau Truc Cay\Cay_Nhi_Phan\BaiTapXuLyCay\Debug\link.11080-cvtres.read.1.tlog
C:\Users\VietNamSon\OneDrive\Desktop\Tai lieu chuong Cau Truc Cay\Cay_Nhi_Phan\BaiTapXuLyCay\Debug\link.11080-cvtres.write.1.tlog
C:\Users\VietNamSon\OneDrive\Desktop\Tai lieu chuong Cau Truc Cay\Cay_Nhi_Phan\BaiTapXuLyCay\Debug\link.11080-rc.read.1.tlog
C:\Users\VietNamSon\OneDrive\Desktop\Tai lieu chuong Cau Truc Cay\Cay_Nhi_Phan\BaiTapXuLyCay\Debug\link.11080-rc.write.1.tlog
C:\Users\VietNamSon\OneDrive\Desktop\Tai lieu chuong Cau Truc Cay\Cay_Nhi_Phan\BaiTapXuLyCay\Debug\link.11080.read.1.tlog
C:\Users\VietNamSon\OneDrive\Desktop\Tai lieu chuong Cau Truc Cay\Cay_Nhi_Phan\BaiTapXuLyCay\Debug\link.11080.write.1.tlog
C:\Users\VietNamSon\OneDrive\Desktop\Tai lieu chuong Cau Truc Cay\Cay_Nhi_Phan\BaiTapXuLyCay\Debug\link.11100-cvtres.read.1.tlog
C:\Users\VietNamSon\OneDrive\Desktop\Tai lieu chuong Cau Truc Cay\Cay_Nhi_Phan\BaiTapXuLyCay\Debug\link.11100-cvtres.write.1.tlog
C:\Users\VietNamSon\OneDrive\Desktop\Tai lieu chuong Cau Truc Cay\Cay_Nhi_Phan\BaiTapXuLyCay\Debug\link.11100-rc.read.1.tlog
C:\Users\VietNamSon\OneDrive\Desktop\Tai lieu chuong Cau Truc Cay\Cay_Nhi_Phan\BaiTapXuLyCay\Debug\link.11100-rc.write.1.tlog
C:\Users\VietNamSon\OneDrive\Desktop\Tai lieu chuong Cau Truc Cay\Cay_Nhi_Phan\BaiTapXuLyCay\Debug\link.11100.read.1.tlog
C:\Users\VietNamSon\OneDrive\Desktop\Tai lieu chuong Cau Truc Cay\Cay_Nhi_Phan\BaiTapXuLyCay\Debug\link.11100.write.1.tlog
C:\Users\VietNamSon\OneDrive\Desktop\Tai lieu chuong Cau Truc Cay\Cay_Nhi_Phan\BaiTapXuLyCay\Debug\link.11164-cvtres.read.1.tlog
C:\Users\VietNamSon\OneDrive\Desktop\Tai lieu chuong Cau Truc Cay\Cay_Nhi_Phan\BaiTapXuLyCay\Debug\link.11164-cvtres.write.1.tlog
C:\Users\VietNamSon\OneDrive\Desktop\Tai lieu chuong Cau Truc Cay\Cay_Nhi_Phan\BaiTapXuLyCay\Debug\link.11164-rc.read.1.tlog
C:\Users\VietNamSon\OneDrive\Desktop\Tai lieu chuong Cau Truc Cay\Cay_Nhi_Phan\BaiTapXuLyCay\Debug\link.11164-rc.write.1.tlog
C:\Users\VietNamSon\OneDrive\Desktop\Tai lieu chuong Cau Truc Cay\Cay_Nhi_Phan\BaiTapXuLyCay\Debug\link.11164.read.1.tlog
C:\Users\VietNamSon\OneDrive\Desktop\Tai lieu chuong Cau Truc Cay\Cay_Nhi_Phan\BaiTapXuLyCay\Debug\link.11164.write.1.tlog
C:\Users\VietNamSon\OneDrive\Desktop\Tai lieu chuong Cau Truc Cay\Cay_Nhi_Phan\BaiTapXuLyCay\Debug\link.11688-cvtres.read.1.tlog
C:\Users\VietNamSon\OneDrive\Desktop\Tai lieu chuong Cau Truc Cay\Cay_Nhi_Phan\BaiTapXuLyCay\Debug\link.11688-cvtres.write.1.tlog
C:\Users\VietNamSon\OneDrive\Desktop\Tai lieu chuong Cau Truc Cay\Cay_Nhi_Phan\BaiTapXuLyCay\Debug\link.11688-rc.read.1.tlog
C:\Users\VietNamSon\OneDrive\Desktop\Tai lieu chuong Cau Truc Cay\Cay_Nhi_Phan\BaiTapXuLyCay\Debug\link.11688-rc.write.1.tlog
C:\Users\VietNamSon\OneDrive\Desktop\Tai lieu chuong Cau Truc Cay\Cay_Nhi_Phan\BaiTapXuLyCay\Debug\link.11688.read.1.tlog
C:\Users\VietNamSon\OneDrive\Desktop\Tai lieu chuong Cau Truc Cay\Cay_Nhi_Phan\BaiTapXuLyCay\Debug\link.11688.write.1.tlog
C:\Users\VietNamSon\OneDrive\Desktop\Tai lieu chuong Cau Truc Cay\Cay_Nhi_Phan\BaiTapXuLyCay\Debug\link.12828-cvtres.read.1.tlog
C:\Users\VietNamSon\OneDrive\Desktop\Tai lieu chuong Cau Truc Cay\Cay_Nhi_Phan\BaiTapXuLyCay\Debug\link.12828-cvtres.write.1.tlog
C:\Users\VietNamSon\OneDrive\Desktop\Tai lieu chuong Cau Truc Cay\Cay_Nhi_Phan\BaiTapXuLyCay\Debug\link.12828-rc.read.1.tlog
C:\Users\VietNamSon\OneDrive\Desktop\Tai lieu chuong Cau Truc Cay\Cay_Nhi_Phan\BaiTapXuLyCay\Debug\link.12828-rc.write.1.tlog
C:\Users\VietNamSon\OneDrive\Desktop\Tai lieu chuong Cau Truc Cay\Cay_Nhi_Phan\BaiTapXuLyCay\Debug\link.12828.read.1.tlog
C:\Users\VietNamSon\OneDrive\Desktop\Tai lieu chuong Cau Truc Cay\Cay_Nhi_Phan\BaiTapXuLyCay\Debug\link.12828.write.1.tlog
C:\Users\VietNamSon\OneDrive\Desktop\Tai lieu chuong Cau Truc Cay\Cay_Nhi_Phan\BaiTapXuLyCay\Debug\link.12952-cvtres.read.1.tlog
C:\Users\VietNamSon\OneDrive\Desktop\Tai lieu chuong Cau Truc Cay\Cay_Nhi_Phan\BaiTapXuLyCay\Debug\link.12952-cvtres.write.1.tlog
C:\Users\VietNamSon\OneDrive\Desktop\Tai lieu chuong Cau Truc Cay\Cay_Nhi_Phan\BaiTapXuLyCay\Debug\link.12952-rc.read.1.tlog
C:\Users\VietNamSon\OneDrive\Desktop\Tai lieu chuong Cau Truc Cay\Cay_Nhi_Phan\BaiTapXuLyCay\Debug\link.12952-rc.write.1.tlog
C:\Users\VietNamSon\OneDrive\Desktop\Tai lieu chuong Cau Truc Cay\Cay_Nhi_Phan\BaiTapXuLyCay\Debug\link.12952.read.1.tlog
C:\Users\VietNamSon\OneDrive\Desktop\Tai lieu chuong Cau Truc Cay\Cay_Nhi_Phan\BaiTapXuLyCay\Debug\link.12952.write.1.tlog
C:\Users\VietNamSon\OneDrive\Desktop\Tai lieu chuong Cau Truc Cay\Cay_Nhi_Phan\BaiTapXuLyCay\Debug\link.13552-cvtres.read.1.tlog
C:\Users\VietNamSon\OneDrive\Desktop\Tai lieu chuong Cau Truc Cay\Cay_Nhi_Phan\BaiTapXuLyCay\Debug\link.13552-cvtres.write.1.tlog
C:\Users\VietNamSon\OneDrive\Desktop\Tai lieu chuong Cau Truc Cay\Cay_Nhi_Phan\BaiTapXuLyCay\Debug\link.13552-rc.read.1.tlog
C:\Users\VietNamSon\OneDrive\Desktop\Tai lieu chuong Cau Truc Cay\Cay_Nhi_Phan\BaiTapXuLyCay\Debug\link.13552-rc.write.1.tlog
C:\Users\VietNamSon\OneDrive\Desktop\Tai lieu chuong Cau Truc Cay\Cay_Nhi_Phan\BaiTapXuLyCay\Debug\link.13552.read.1.tlog
C:\Users\VietNamSon\OneDrive\Desktop\Tai lieu chuong Cau Truc Cay\Cay_Nhi_Phan\BaiTapXuLyCay\Debug\link.13552.write.1.tlog
C:\Users\VietNamSon\OneDrive\Desktop\Tai lieu chuong Cau Truc Cay\Cay_Nhi_Phan\BaiTapXuLyCay\Debug\link.13556-cvtres.read.1.tlog
C:\Users\VietNamSon\OneDrive\Desktop\Tai lieu chuong Cau Truc Cay\Cay_Nhi_Phan\BaiTapXuLyCay\Debug\link.13556-cvtres.write.1.tlog
C:\Users\VietNamSon\OneDrive\Desktop\Tai lieu chuong Cau Truc Cay\Cay_Nhi_Phan\BaiTapXuLyCay\Debug\link.13556-rc.read.1.tlog
C:\Users\VietNamSon\OneDrive\Desktop\Tai lieu chuong Cau Truc Cay\Cay_Nhi_Phan\BaiTapXuLyCay\Debug\link.13556-rc.write.1.tlog
C:\Users\VietNamSon\OneDrive\Desktop\Tai lieu chuong Cau Truc Cay\Cay_Nhi_Phan\BaiTapXuLyCay\Debug\link.13556.read.1.tlog
C:\Users\VietNamSon\OneDrive\Desktop\Tai lieu chuong Cau Truc Cay\Cay_Nhi_Phan\BaiTapXuLyCay\Debug\link.13556.write.1.tlog
C:\Users\VietNamSon\OneDrive\Desktop\Tai lieu chuong Cau Truc Cay\Cay_Nhi_Phan\BaiTapXuLyCay\Debug\link.13952-cvtres.read.1.tlog
C:\Users\VietNamSon\OneDrive\Desktop\Tai lieu chuong Cau Truc Cay\Cay_Nhi_Phan\BaiTapXuLyCay\Debug\link.13952-cvtres.write.1.tlog
C:\Users\VietNamSon\OneDrive\Desktop\Tai lieu chuong Cau Truc Cay\Cay_Nhi_Phan\BaiTapXuLyCay\Debug\link.13952-rc.read.1.tlog
C:\Users\VietNamSon\OneDrive\Desktop\Tai lieu chuong Cau Truc Cay\Cay_Nhi_Phan\BaiTapXuLyCay\Debug\link.13952-rc.write.1.tlog
C:\Users\VietNamSon\OneDrive\Desktop\Tai lieu chuong Cau Truc Cay\Cay_Nhi_Phan\BaiTapXuLyCay\Debug\link.13952.read.1.tlog
C:\Users\VietNamSon\OneDrive\Desktop\Tai lieu chuong Cau Truc Cay\Cay_Nhi_Phan\BaiTapXuLyCay\Debug\link.13952.write.1.tlog
C:\Users\VietNamSon\OneDrive\Desktop\Tai lieu chuong Cau Truc Cay\Cay_Nhi_Phan\BaiTapXuLyCay\Debug\link.14092-cvtres.read.1.tlog
C:\Users\VietNamSon\OneDrive\Desktop\Tai lieu chuong Cau Truc Cay\Cay_Nhi_Phan\BaiTapXuLyCay\Debug\link.14092-cvtres.write.1.tlog
C:\Users\VietNamSon\OneDrive\Desktop\Tai lieu chuong Cau Truc Cay\Cay_Nhi_Phan\BaiTapXuLyCay\Debug\link.14092-rc.read.1.tlog
C:\Users\VietNamSon\OneDrive\Desktop\Tai lieu chuong Cau Truc Cay\Cay_Nhi_Phan\BaiTapXuLyCay\Debug\link.14092-rc.write.1.tlog
C:\Users\VietNamSon\OneDrive\Desktop\Tai lieu chuong Cau Truc Cay\Cay_Nhi_Phan\BaiTapXuLyCay\Debug\link.14092.read.1.tlog
C:\Users\VietNamSon\OneDrive\Desktop\Tai lieu chuong Cau Truc Cay\Cay_Nhi_Phan\BaiTapXuLyCay\Debug\link.14092.write.1.tlog
C:\Users\VietNamSon\OneDrive\Desktop\Tai lieu chuong Cau Truc Cay\Cay_Nhi_Phan\BaiTapXuLyCay\Debug\link.1432-cvtres.read.1.tlog
C:\Users\VietNamSon\OneDrive\Desktop\Tai lieu chuong Cau Truc Cay\Cay_Nhi_Phan\BaiTapXuLyCay\Debug\link.1432-cvtres.write.1.tlog
C:\Users\VietNamSon\OneDrive\Desktop\Tai lieu chuong Cau Truc Cay\Cay_Nhi_Phan\BaiTapXuLyCay\Debug\link.1432-rc.read.1.tlog
C:\Users\VietNamSon\OneDrive\Desktop\Tai lieu chuong Cau Truc Cay\Cay_Nhi_Phan\BaiTapXuLyCay\Debug\link.1432-rc.write.1.tlog
C:\Users\VietNamSon\OneDrive\Desktop\Tai lieu chuong Cau Truc Cay\Cay_Nhi_Phan\BaiTapXuLyCay\Debug\link.1432.read.1.tlog
C:\Users\VietNamSon\OneDrive\Desktop\Tai lieu chuong Cau Truc Cay\Cay_Nhi_Phan\BaiTapXuLyCay\Debug\link.1432.write.1.tlog
C:\Users\VietNamSon\OneDrive\Desktop\Tai lieu chuong Cau Truc Cay\Cay_Nhi_Phan\BaiTapXuLyCay\Debug\link.14360-cvtres.read.1.tlog
C:\Users\VietNamSon\OneDrive\Desktop\Tai lieu chuong Cau Truc Cay\Cay_Nhi_Phan\BaiTapXuLyCay\Debug\link.14360-cvtres.write.1.tlog
C:\Users\VietNamSon\OneDrive\Desktop\Tai lieu chuong Cau Truc Cay\Cay_Nhi_Phan\BaiTapXuLyCay\Debug\link.14360-rc.read.1.tlog
C:\Users\VietNamSon\OneDrive\Desktop\Tai lieu chuong Cau Truc Cay\Cay_Nhi_Phan\BaiTapXuLyCay\Debug\link.14360-rc.write.1.tlog
C:\Users\VietNamSon\OneDrive\Desktop\Tai lieu chuong Cau Truc Cay\Cay_Nhi_Phan\BaiTapXuLyCay\Debug\link.14360.read.1.tlog
C:\Users\VietNamSon\OneDrive\Desktop\Tai lieu chuong Cau Truc Cay\Cay_Nhi_Phan\BaiTapXuLyCay\Debug\link.14360.write.1.tlog
C:\Users\VietNamSon\OneDrive\Desktop\Tai lieu chuong Cau Truc Cay\Cay_Nhi_Phan\BaiTapXuLyCay\Debug\link.14652-cvtres.read.1.tlog
C:\Users\VietNamSon\OneDrive\Desktop\Tai lieu chuong Cau Truc Cay\Cay_Nhi_Phan\BaiTapXuLyCay\Debug\link.14652-cvtres.write.1.tlog
C:\Users\VietNamSon\OneDrive\Desktop\Tai lieu chuong Cau Truc Cay\Cay_Nhi_Phan\BaiTapXuLyCay\Debug\link.14652-rc.read.1.tlog
C:\Users\VietNamSon\OneDrive\Desktop\Tai lieu chuong Cau Truc Cay\Cay_Nhi_Phan\BaiTapXuLyCay\Debug\link.14652-rc.write.1.tlog
C:\Users\VietNamSon\OneDrive\Desktop\Tai lieu chuong Cau Truc Cay\Cay_Nhi_Phan\BaiTapXuLyCay\Debug\link.14652.read.1.tlog
C:\Users\VietNamSon\OneDrive\Desktop\Tai lieu chuong Cau Truc Cay\Cay_Nhi_Phan\BaiTapXuLyCay\Debug\link.14652.write.1.tlog
C:\Users\VietNamSon\OneDrive\Desktop\Tai lieu chuong Cau Truc Cay\Cay_Nhi_Phan\BaiTapXuLyCay\Debug\link.14876-cvtres.read.1.tlog
C:\Users\VietNamSon\OneDrive\Desktop\Tai lieu chuong Cau Truc Cay\Cay_Nhi_Phan\BaiTapXuLyCay\Debug\link.14876-cvtres.write.1.tlog
C:\Users\VietNamSon\OneDrive\Desktop\Tai lieu chuong Cau Truc Cay\Cay_Nhi_Phan\BaiTapXuLyCay\Debug\link.14876-rc.read.1.tlog
C:\Users\VietNamSon\OneDrive\Desktop\Tai lieu chuong Cau Truc Cay\Cay_Nhi_Phan\BaiTapXuLyCay\Debug\link.14876-rc.write.1.tlog
C:\Users\VietNamSon\OneDrive\Desktop\Tai lieu chuong Cau Truc Cay\Cay_Nhi_Phan\BaiTapXuLyCay\Debug\link.14876.read.1.tlog
C:\Users\VietNamSon\OneDrive\Desktop\Tai lieu chuong Cau Truc Cay\Cay_Nhi_Phan\BaiTapXuLyCay\Debug\link.14876.write.1.tlog
C:\Users\VietNamSon\OneDrive\Desktop\Tai lieu chuong Cau Truc Cay\Cay_Nhi_Phan\BaiTapXuLyCay\Debug\link.15076-cvtres.read.1.tlog
C:\Users\VietNamSon\OneDrive\Desktop\Tai lieu chuong Cau Truc Cay\Cay_Nhi_Phan\BaiTapXuLyCay\Debug\link.15076-cvtres.write.1.tlog
C:\Users\VietNamSon\OneDrive\Desktop\Tai lieu chuong Cau Truc Cay\Cay_Nhi_Phan\BaiTapXuLyCay\Debug\link.15076-rc.read.1.tlog
C:\Users\VietNamSon\OneDrive\Desktop\Tai lieu chuong Cau Truc Cay\Cay_Nhi_Phan\BaiTapXuLyCay\Debug\link.15076-rc.write.1.tlog
C:\Users\VietNamSon\OneDrive\Desktop\Tai lieu chuong Cau Truc Cay\Cay_Nhi_Phan\BaiTapXuLyCay\Debug\link.15076.read.1.tlog
C:\Users\VietNamSon\OneDrive\Desktop\Tai lieu chuong Cau Truc Cay\Cay_Nhi_Phan\BaiTapXuLyCay\Debug\link.15076.write.1.tlog
C:\Users\VietNamSon\OneDrive\Desktop\Tai lieu chuong Cau Truc Cay\Cay_Nhi_Phan\BaiTapXuLyCay\Debug\link.15148-cvtres.read.1.tlog
C:\Users\VietNamSon\OneDrive\Desktop\Tai lieu chuong Cau Truc Cay\Cay_Nhi_Phan\BaiTapXuLyCay\Debug\link.15148-cvtres.write.1.tlog
C:\Users\VietNamSon\OneDrive\Desktop\Tai lieu chuong Cau Truc Cay\Cay_Nhi_Phan\BaiTapXuLyCay\Debug\link.15148-rc.read.1.tlog
C:\Users\VietNamSon\OneDrive\Desktop\Tai lieu chuong Cau Truc Cay\Cay_Nhi_Phan\BaiTapXuLyCay\Debug\link.15148-rc.write.1.tlog
C:\Users\VietNamSon\OneDrive\Desktop\Tai lieu chuong Cau Truc Cay\Cay_Nhi_Phan\BaiTapXuLyCay\Debug\link.15148.read.1.tlog
C:\Users\VietNamSon\OneDrive\Desktop\Tai lieu chuong Cau Truc Cay\Cay_Nhi_Phan\BaiTapXuLyCay\Debug\link.15148.write.1.tlog
C:\Users\VietNamSon\OneDrive\Desktop\Tai lieu chuong Cau Truc Cay\Cay_Nhi_Phan\BaiTapXuLyCay\Debug\link.15548-cvtres.read.1.tlog
C:\Users\VietNamSon\OneDrive\Desktop\Tai lieu chuong Cau Truc Cay\Cay_Nhi_Phan\BaiTapXuLyCay\Debug\link.15548-cvtres.write.1.tlog
C:\Users\VietNamSon\OneDrive\Desktop\Tai lieu chuong Cau Truc Cay\Cay_Nhi_Phan\BaiTapXuLyCay\Debug\link.15548-rc.read.1.tlog
C:\Users\VietNamSon\OneDrive\Desktop\Tai lieu chuong Cau Truc Cay\Cay_Nhi_Phan\BaiTapXuLyCay\Debug\link.15548-rc.write.1.tlog
C:\Users\VietNamSon\OneDrive\Desktop\Tai lieu chuong Cau Truc Cay\Cay_Nhi_Phan\BaiTapXuLyCay\Debug\link.15548.read.1.tlog
C:\Users\VietNamSon\OneDrive\Desktop\Tai lieu chuong Cau Truc Cay\Cay_Nhi_Phan\BaiTapXuLyCay\Debug\link.15548.write.1.tlog
C:\Users\VietNamSon\OneDrive\Desktop\Tai lieu chuong Cau Truc Cay\Cay_Nhi_Phan\BaiTapXuLyCay\Debug\link.15572-cvtres.read.1.tlog
C:\Users\VietNamSon\OneDrive\Desktop\Tai lieu chuong Cau Truc Cay\Cay_Nhi_Phan\BaiTapXuLyCay\Debug\link.15572-cvtres.write.1.tlog
C:\Users\VietNamSon\OneDrive\Desktop\Tai lieu chuong Cau Truc Cay\Cay_Nhi_Phan\BaiTapXuLyCay\Debug\link.15572-rc.read.1.tlog
C:\Users\VietNamSon\OneDrive\Desktop\Tai lieu chuong Cau Truc Cay\Cay_Nhi_Phan\BaiTapXuLyCay\Debug\link.15572-rc.write.1.tlog
C:\Users\VietNamSon\OneDrive\Desktop\Tai lieu chuong Cau Truc Cay\Cay_Nhi_Phan\BaiTapXuLyCay\Debug\link.15572.read.1.tlog
C:\Users\VietNamSon\OneDrive\Desktop\Tai lieu chuong Cau Truc Cay\Cay_Nhi_Phan\BaiTapXuLyCay\Debug\link.15572.write.1.tlog
C:\Users\VietNamSon\OneDrive\Desktop\Tai lieu chuong Cau Truc Cay\Cay_Nhi_Phan\BaiTapXuLyCay\Debug\link.15664-cvtres.read.1.tlog
C:\Users\VietNamSon\OneDrive\Desktop\Tai lieu chuong Cau Truc Cay\Cay_Nhi_Phan\BaiTapXuLyCay\Debug\link.15664-cvtres.write.1.tlog
C:\Users\VietNamSon\OneDrive\Desktop\Tai lieu chuong Cau Truc Cay\Cay_Nhi_Phan\BaiTapXuLyCay\Debug\link.15664-rc.read.1.tlog
C:\Users\VietNamSon\OneDrive\Desktop\Tai lieu chuong Cau Truc Cay\Cay_Nhi_Phan\BaiTapXuLyCay\Debug\link.15664-rc.write.1.tlog
C:\Users\VietNamSon\OneDrive\Desktop\Tai lieu chuong Cau Truc Cay\Cay_Nhi_Phan\BaiTapXuLyCay\Debug\link.15664.read.1.tlog
C:\Users\VietNamSon\OneDrive\Desktop\Tai lieu chuong Cau Truc Cay\Cay_Nhi_Phan\BaiTapXuLyCay\Debug\link.15664.write.1.tlog
C:\Users\VietNamSon\OneDrive\Desktop\Tai lieu chuong Cau Truc Cay\Cay_Nhi_Phan\BaiTapXuLyCay\Debug\link.15712-cvtres.read.1.tlog
C:\Users\VietNamSon\OneDrive\Desktop\Tai lieu chuong Cau Truc Cay\Cay_Nhi_Phan\BaiTapXuLyCay\Debug\link.15712-cvtres.write.1.tlog
C:\Users\VietNamSon\OneDrive\Desktop\Tai lieu chuong Cau Truc Cay\Cay_Nhi_Phan\BaiTapXuLyCay\Debug\link.15712-rc.read.1.tlog
C:\Users\VietNamSon\OneDrive\Desktop\Tai lieu chuong Cau Truc Cay\Cay_Nhi_Phan\BaiTapXuLyCay\Debug\link.15712-rc.write.1.tlog
C:\Users\VietNamSon\OneDrive\Desktop\Tai lieu chuong Cau Truc Cay\Cay_Nhi_Phan\BaiTapXuLyCay\Debug\link.15712.read.1.tlog
C:\Users\VietNamSon\OneDrive\Desktop\Tai lieu chuong Cau Truc Cay\Cay_Nhi_Phan\BaiTapXuLyCay\Debug\link.15712.write.1.tlog
C:\Users\VietNamSon\OneDrive\Desktop\Tai lieu chuong Cau Truc Cay\Cay_Nhi_Phan\BaiTapXuLyCay\Debug\link.15832-cvtres.read.1.tlog
C:\Users\VietNamSon\OneDrive\Desktop\Tai lieu chuong Cau Truc Cay\Cay_Nhi_Phan\BaiTapXuLyCay\Debug\link.15832-cvtres.write.1.tlog
C:\Users\VietNamSon\OneDrive\Desktop\Tai lieu chuong Cau Truc Cay\Cay_Nhi_Phan\BaiTapXuLyCay\Debug\link.15832-rc.read.1.tlog
C:\Users\VietNamSon\OneDrive\Desktop\Tai lieu chuong Cau Truc Cay\Cay_Nhi_Phan\BaiTapXuLyCay\Debug\link.15832-rc.write.1.tlog
C:\Users\VietNamSon\OneDrive\Desktop\Tai lieu chuong Cau Truc Cay\Cay_Nhi_Phan\BaiTapXuLyCay\Debug\link.15832.read.1.tlog
C:\Users\VietNamSon\OneDrive\Desktop\Tai lieu chuong Cau Truc Cay\Cay_Nhi_Phan\BaiTapXuLyCay\Debug\link.15832.write.1.tlog
C:\Users\VietNamSon\OneDrive\Desktop\Tai lieu chuong Cau Truc Cay\Cay_Nhi_Phan\BaiTapXuLyCay\Debug\link.16956-cvtres.read.1.tlog
C:\Users\VietNamSon\OneDrive\Desktop\Tai lieu chuong Cau Truc Cay\Cay_Nhi_Phan\BaiTapXuLyCay\Debug\link.16956-cvtres.write.1.tlog
C:\Users\VietNamSon\OneDrive\Desktop\Tai lieu chuong Cau Truc Cay\Cay_Nhi_Phan\BaiTapXuLyCay\Debug\link.16956-rc.read.1.tlog
C:\Users\VietNamSon\OneDrive\Desktop\Tai lieu chuong Cau Truc Cay\Cay_Nhi_Phan\BaiTapXuLyCay\Debug\link.16956-rc.write.1.tlog
C:\Users\VietNamSon\OneDrive\Desktop\Tai lieu chuong Cau Truc Cay\Cay_Nhi_Phan\BaiTapXuLyCay\Debug\link.16956.read.1.tlog
C:\Users\VietNamSon\OneDrive\Desktop\Tai lieu chuong Cau Truc Cay\Cay_Nhi_Phan\BaiTapXuLyCay\Debug\link.16956.write.1.tlog
C:\Users\VietNamSon\OneDrive\Desktop\Tai lieu chuong Cau Truc Cay\Cay_Nhi_Phan\BaiTapXuLyCay\Debug\link.1700-cvtres.read.1.tlog
C:\Users\VietNamSon\OneDrive\Desktop\Tai lieu chuong Cau Truc Cay\Cay_Nhi_Phan\BaiTapXuLyCay\Debug\link.1700-cvtres.write.1.tlog
C:\Users\VietNamSon\OneDrive\Desktop\Tai lieu chuong Cau Truc Cay\Cay_Nhi_Phan\BaiTapXuLyCay\Debug\link.1700-rc.read.1.tlog
C:\Users\VietNamSon\OneDrive\Desktop\Tai lieu chuong Cau Truc Cay\Cay_Nhi_Phan\BaiTapXuLyCay\Debug\link.1700-rc.write.1.tlog
C:\Users\VietNamSon\OneDrive\Desktop\Tai lieu chuong Cau Truc Cay\Cay_Nhi_Phan\BaiTapXuLyCay\Debug\link.1700.read.1.tlog
C:\Users\VietNamSon\OneDrive\Desktop\Tai lieu chuong Cau Truc Cay\Cay_Nhi_Phan\BaiTapXuLyCay\Debug\link.1700.write.1.tlog
C:\Users\VietNamSon\OneDrive\Desktop\Tai lieu chuong Cau Truc Cay\Cay_Nhi_Phan\BaiTapXuLyCay\Debug\link.17064-cvtres.read.1.tlog
C:\Users\VietNamSon\OneDrive\Desktop\Tai lieu chuong Cau Truc Cay\Cay_Nhi_Phan\BaiTapXuLyCay\Debug\link.17064-cvtres.write.1.tlog
C:\Users\VietNamSon\OneDrive\Desktop\Tai lieu chuong Cau Truc Cay\Cay_Nhi_Phan\BaiTapXuLyCay\Debug\link.17064-rc.read.1.tlog
C:\Users\VietNamSon\OneDrive\Desktop\Tai lieu chuong Cau Truc Cay\Cay_Nhi_Phan\BaiTapXuLyCay\Debug\link.17064-rc.write.1.tlog
C:\Users\VietNamSon\OneDrive\Desktop\Tai lieu chuong Cau Truc Cay\Cay_Nhi_Phan\BaiTapXuLyCay\Debug\link.17064.read.1.tlog
C:\Users\VietNamSon\OneDrive\Desktop\Tai lieu chuong Cau Truc Cay\Cay_Nhi_Phan\BaiTapXuLyCay\Debug\link.17064.write.1.tlog
C:\Users\VietNamSon\OneDrive\Desktop\Tai lieu chuong Cau Truc Cay\Cay_Nhi_Phan\BaiTapXuLyCay\Debug\link.17244-cvtres.read.1.tlog
C:\Users\VietNamSon\OneDrive\Desktop\Tai lieu chuong Cau Truc Cay\Cay_Nhi_Phan\BaiTapXuLyCay\Debug\link.17244-cvtres.write.1.tlog
C:\Users\VietNamSon\OneDrive\Desktop\Tai lieu chuong Cau Truc Cay\Cay_Nhi_Phan\BaiTapXuLyCay\Debug\link.17244-rc.read.1.tlog
C:\Users\VietNamSon\OneDrive\Desktop\Tai lieu chuong Cau Truc Cay\Cay_Nhi_Phan\BaiTapXuLyCay\Debug\link.17244-rc.write.1.tlog
C:\Users\VietNamSon\OneDrive\Desktop\Tai lieu chuong Cau Truc Cay\Cay_Nhi_Phan\BaiTapXuLyCay\Debug\link.17244.read.1.tlog
C:\Users\VietNamSon\OneDrive\Desktop\Tai lieu chuong Cau Truc Cay\Cay_Nhi_Phan\BaiTapXuLyCay\Debug\link.17244.write.1.tlog
C:\Users\VietNamSon\OneDrive\Desktop\Tai lieu chuong Cau Truc Cay\Cay_Nhi_Phan\BaiTapXuLyCay\Debug\link.17264-cvtres.read.1.tlog
C:\Users\VietNamSon\OneDrive\Desktop\Tai lieu chuong Cau Truc Cay\Cay_Nhi_Phan\BaiTapXuLyCay\Debug\link.17264-cvtres.write.1.tlog
C:\Users\VietNamSon\OneDrive\Desktop\Tai lieu chuong Cau Truc Cay\Cay_Nhi_Phan\BaiTapXuLyCay\Debug\link.17264-rc.read.1.tlog
C:\Users\VietNamSon\OneDrive\Desktop\Tai lieu chuong Cau Truc Cay\Cay_Nhi_Phan\BaiTapXuLyCay\Debug\link.17264-rc.write.1.tlog
C:\Users\VietNamSon\OneDrive\Desktop\Tai lieu chuong Cau Truc Cay\Cay_Nhi_Phan\BaiTapXuLyCay\Debug\link.17264.read.1.tlog
C:\Users\VietNamSon\OneDrive\Desktop\Tai lieu chuong Cau Truc Cay\Cay_Nhi_Phan\BaiTapXuLyCay\Debug\link.17264.write.1.tlog
C:\Users\VietNamSon\OneDrive\Desktop\Tai lieu chuong Cau Truc Cay\Cay_Nhi_Phan\BaiTapXuLyCay\Debug\link.1756-cvtres.read.1.tlog
C:\Users\VietNamSon\OneDrive\Desktop\Tai lieu chuong Cau Truc Cay\Cay_Nhi_Phan\BaiTapXuLyCay\Debug\link.1756-cvtres.write.1.tlog
C:\Users\VietNamSon\OneDrive\Desktop\Tai lieu chuong Cau Truc Cay\Cay_Nhi_Phan\BaiTapXuLyCay\Debug\link.1756-rc.read.1.tlog
C:\Users\VietNamSon\OneDrive\Desktop\Tai lieu chuong Cau Truc Cay\Cay_Nhi_Phan\BaiTapXuLyCay\Debug\link.1756-rc.write.1.tlog
C:\Users\VietNamSon\OneDrive\Desktop\Tai lieu chuong Cau Truc Cay\Cay_Nhi_Phan\BaiTapXuLyCay\Debug\link.1756.read.1.tlog
C:\Users\VietNamSon\OneDrive\Desktop\Tai lieu chuong Cau Truc Cay\Cay_Nhi_Phan\BaiTapXuLyCay\Debug\link.1756.write.1.tlog
C:\Users\VietNamSon\OneDrive\Desktop\Tai lieu chuong Cau Truc Cay\Cay_Nhi_Phan\BaiTapXuLyCay\Debug\link.18000-cvtres.read.1.tlog
C:\Users\VietNamSon\OneDrive\Desktop\Tai lieu chuong Cau Truc Cay\Cay_Nhi_Phan\BaiTapXuLyCay\Debug\link.18000-cvtres.write.1.tlog
C:\Users\VietNamSon\OneDrive\Desktop\Tai lieu chuong Cau Truc Cay\Cay_Nhi_Phan\BaiTapXuLyCay\Debug\link.18000-rc.read.1.tlog
C:\Users\VietNamSon\OneDrive\Desktop\Tai lieu chuong Cau Truc Cay\Cay_Nhi_Phan\BaiTapXuLyCay\Debug\link.18000-rc.write.1.tlog
C:\Users\VietNamSon\OneDrive\Desktop\Tai lieu chuong Cau Truc Cay\Cay_Nhi_Phan\BaiTapXuLyCay\Debug\link.18000.read.1.tlog
C:\Users\VietNamSon\OneDrive\Desktop\Tai lieu chuong Cau Truc Cay\Cay_Nhi_Phan\BaiTapXuLyCay\Debug\link.18000.write.1.tlog
C:\Users\VietNamSon\OneDrive\Desktop\Tai lieu chuong Cau Truc Cay\Cay_Nhi_Phan\BaiTapXuLyCay\Debug\link.18392-cvtres.read.1.tlog
C:\Users\VietNamSon\OneDrive\Desktop\Tai lieu chuong Cau Truc Cay\Cay_Nhi_Phan\BaiTapXuLyCay\Debug\link.18392-cvtres.write.1.tlog
C:\Users\VietNamSon\OneDrive\Desktop\Tai lieu chuong Cau Truc Cay\Cay_Nhi_Phan\BaiTapXuLyCay\Debug\link.18392-rc.read.1.tlog
C:\Users\VietNamSon\OneDrive\Desktop\Tai lieu chuong Cau Truc Cay\Cay_Nhi_Phan\BaiTapXuLyCay\Debug\link.18392-rc.write.1.tlog
C:\Users\VietNamSon\OneDrive\Desktop\Tai lieu chuong Cau Truc Cay\Cay_Nhi_Phan\BaiTapXuLyCay\Debug\link.18392.read.1.tlog
C:\Users\VietNamSon\OneDrive\Desktop\Tai lieu chuong Cau Truc Cay\Cay_Nhi_Phan\BaiTapXuLyCay\Debug\link.18392.write.1.tlog
C:\Users\VietNamSon\OneDrive\Desktop\Tai lieu chuong Cau Truc Cay\Cay_Nhi_Phan\BaiTapXuLyCay\Debug\link.1964-cvtres.read.1.tlog
C:\Users\VietNamSon\OneDrive\Desktop\Tai lieu chuong Cau Truc Cay\Cay_Nhi_Phan\BaiTapXuLyCay\Debug\link.1964-cvtres.write.1.tlog
C:\Users\VietNamSon\OneDrive\Desktop\Tai lieu chuong Cau Truc Cay\Cay_Nhi_Phan\BaiTapXuLyCay\Debug\link.1964-rc.read.1.tlog
C:\Users\VietNamSon\OneDrive\Desktop\Tai lieu chuong Cau Truc Cay\Cay_Nhi_Phan\BaiTapXuLyCay\Debug\link.1964-rc.write.1.tlog
C:\Users\VietNamSon\OneDrive\Desktop\Tai lieu chuong Cau Truc Cay\Cay_Nhi_Phan\BaiTapXuLyCay\Debug\link.1964.read.1.tlog
C:\Users\VietNamSon\OneDrive\Desktop\Tai lieu chuong Cau Truc Cay\Cay_Nhi_Phan\BaiTapXuLyCay\Debug\link.1964.write.1.tlog
C:\Users\VietNamSon\OneDrive\Desktop\Tai lieu chuong Cau Truc Cay\Cay_Nhi_Phan\BaiTapXuLyCay\Debug\link.2392-cvtres.read.1.tlog
C:\Users\VietNamSon\OneDrive\Desktop\Tai lieu chuong Cau Truc Cay\Cay_Nhi_Phan\BaiTapXuLyCay\Debug\link.2392-cvtres.write.1.tlog
C:\Users\VietNamSon\OneDrive\Desktop\Tai lieu chuong Cau Truc Cay\Cay_Nhi_Phan\BaiTapXuLyCay\Debug\link.2392-rc.read.1.tlog
C:\Users\VietNamSon\OneDrive\Desktop\Tai lieu chuong Cau Truc Cay\Cay_Nhi_Phan\BaiTapXuLyCay\Debug\link.2392-rc.write.1.tlog
C:\Users\VietNamSon\OneDrive\Desktop\Tai lieu chuong Cau Truc Cay\Cay_Nhi_Phan\BaiTapXuLyCay\Debug\link.2392.read.1.tlog
C:\Users\VietNamSon\OneDrive\Desktop\Tai lieu chuong Cau Truc Cay\Cay_Nhi_Phan\BaiTapXuLyCay\Debug\link.2392.write.1.tlog
C:\Users\VietNamSon\OneDrive\Desktop\Tai lieu chuong Cau Truc Cay\Cay_Nhi_Phan\BaiTapXuLyCay\Debug\link.2616-cvtres.read.1.tlog
C:\Users\VietNamSon\OneDrive\Desktop\Tai lieu chuong Cau Truc Cay\Cay_Nhi_Phan\BaiTapXuLyCay\Debug\link.2616-cvtres.write.1.tlog
C:\Users\VietNamSon\OneDrive\Desktop\Tai lieu chuong Cau Truc Cay\Cay_Nhi_Phan\BaiTapXuLyCay\Debug\link.2616-rc.read.1.tlog
C:\Users\VietNamSon\OneDrive\Desktop\Tai lieu chuong Cau Truc Cay\Cay_Nhi_Phan\BaiTapXuLyCay\Debug\link.2616-rc.write.1.tlog
C:\Users\VietNamSon\OneDrive\Desktop\Tai lieu chuong Cau Truc Cay\Cay_Nhi_Phan\BaiTapXuLyCay\Debug\link.2616.read.1.tlog
C:\Users\VietNamSon\OneDrive\Desktop\Tai lieu chuong Cau Truc Cay\Cay_Nhi_Phan\BaiTapXuLyCay\Debug\link.2616.write.1.tlog
C:\Users\VietNamSon\OneDrive\Desktop\Tai lieu chuong Cau Truc Cay\Cay_Nhi_Phan\BaiTapXuLyCay\Debug\link.2784-cvtres.read.1.tlog
C:\Users\VietNamSon\OneDrive\Desktop\Tai lieu chuong Cau Truc Cay\Cay_Nhi_Phan\BaiTapXuLyCay\Debug\link.2784-cvtres.write.1.tlog
C:\Users\VietNamSon\OneDrive\Desktop\Tai lieu chuong Cau Truc Cay\Cay_Nhi_Phan\BaiTapXuLyCay\Debug\link.2784-rc.read.1.tlog
C:\Users\VietNamSon\OneDrive\Desktop\Tai lieu chuong Cau Truc Cay\Cay_Nhi_Phan\BaiTapXuLyCay\Debug\link.2784-rc.write.1.tlog
C:\Users\VietNamSon\OneDrive\Desktop\Tai lieu chuong Cau Truc Cay\Cay_Nhi_Phan\BaiTapXuLyCay\Debug\link.2784.read.1.tlog
C:\Users\VietNamSon\OneDrive\Desktop\Tai lieu chuong Cau Truc Cay\Cay_Nhi_Phan\BaiTapXuLyCay\Debug\link.2784.write.1.tlog
C:\Users\VietNamSon\OneDrive\Desktop\Tai lieu chuong Cau Truc Cay\Cay_Nhi_Phan\BaiTapXuLyCay\Debug\link.2900-cvtres.read.1.tlog
C:\Users\VietNamSon\OneDrive\Desktop\Tai lieu chuong Cau Truc Cay\Cay_Nhi_Phan\BaiTapXuLyCay\Debug\link.2900-cvtres.write.1.tlog
C:\Users\VietNamSon\OneDrive\Desktop\Tai lieu chuong Cau Truc Cay\Cay_Nhi_Phan\BaiTapXuLyCay\Debug\link.2900-rc.read.1.tlog
C:\Users\VietNamSon\OneDrive\Desktop\Tai lieu chuong Cau Truc Cay\Cay_Nhi_Phan\BaiTapXuLyCay\Debug\link.2900-rc.write.1.tlog
C:\Users\VietNamSon\OneDrive\Desktop\Tai lieu chuong Cau Truc Cay\Cay_Nhi_Phan\BaiTapXuLyCay\Debug\link.2900.read.1.tlog
C:\Users\VietNamSon\OneDrive\Desktop\Tai lieu chuong Cau Truc Cay\Cay_Nhi_Phan\BaiTapXuLyCay\Debug\link.2900.write.1.tlog
C:\Users\VietNamSon\OneDrive\Desktop\Tai lieu chuong Cau Truc Cay\Cay_Nhi_Phan\BaiTapXuLyCay\Debug\link.3188-cvtres.read.1.tlog
C:\Users\VietNamSon\OneDrive\Desktop\Tai lieu chuong Cau Truc Cay\Cay_Nhi_Phan\BaiTapXuLyCay\Debug\link.3188-cvtres.write.1.tlog
C:\Users\VietNamSon\OneDrive\Desktop\Tai lieu chuong Cau Truc Cay\Cay_Nhi_Phan\BaiTapXuLyCay\Debug\link.3188-rc.read.1.tlog
C:\Users\VietNamSon\OneDrive\Desktop\Tai lieu chuong Cau Truc Cay\Cay_Nhi_Phan\BaiTapXuLyCay\Debug\link.3188-rc.write.1.tlog
C:\Users\VietNamSon\OneDrive\Desktop\Tai lieu chuong Cau Truc Cay\Cay_Nhi_Phan\BaiTapXuLyCay\Debug\link.3188.read.1.tlog
C:\Users\VietNamSon\OneDrive\Desktop\Tai lieu chuong Cau Truc Cay\Cay_Nhi_Phan\BaiTapXuLyCay\Debug\link.3188.write.1.tlog
C:\Users\VietNamSon\OneDrive\Desktop\Tai lieu chuong Cau Truc Cay\Cay_Nhi_Phan\BaiTapXuLyCay\Debug\link.3208-cvtres.read.1.tlog
C:\Users\VietNamSon\OneDrive\Desktop\Tai lieu chuong Cau Truc Cay\Cay_Nhi_Phan\BaiTapXuLyCay\Debug\link.3208-cvtres.write.1.tlog
C:\Users\VietNamSon\OneDrive\Desktop\Tai lieu chuong Cau Truc Cay\Cay_Nhi_Phan\BaiTapXuLyCay\Debug\link.3208-rc.read.1.tlog
C:\Users\VietNamSon\OneDrive\Desktop\Tai lieu chuong Cau Truc Cay\Cay_Nhi_Phan\BaiTapXuLyCay\Debug\link.3208-rc.write.1.tlog
C:\Users\VietNamSon\OneDrive\Desktop\Tai lieu chuong Cau Truc Cay\Cay_Nhi_Phan\BaiTapXuLyCay\Debug\link.3208.read.1.tlog
C:\Users\VietNamSon\OneDrive\Desktop\Tai lieu chuong Cau Truc Cay\Cay_Nhi_Phan\BaiTapXuLyCay\Debug\link.3208.write.1.tlog
C:\Users\VietNamSon\OneDrive\Desktop\Tai lieu chuong Cau Truc Cay\Cay_Nhi_Phan\BaiTapXuLyCay\Debug\link.3272-cvtres.read.1.tlog
C:\Users\VietNamSon\OneDrive\Desktop\Tai lieu chuong Cau Truc Cay\Cay_Nhi_Phan\BaiTapXuLyCay\Debug\link.3272-cvtres.write.1.tlog
C:\Users\VietNamSon\OneDrive\Desktop\Tai lieu chuong Cau Truc Cay\Cay_Nhi_Phan\BaiTapXuLyCay\Debug\link.3272-rc.read.1.tlog
C:\Users\VietNamSon\OneDrive\Desktop\Tai lieu chuong Cau Truc Cay\Cay_Nhi_Phan\BaiTapXuLyCay\Debug\link.3272-rc.write.1.tlog
C:\Users\VietNamSon\OneDrive\Desktop\Tai lieu chuong Cau Truc Cay\Cay_Nhi_Phan\BaiTapXuLyCay\Debug\link.3272.read.1.tlog
C:\Users\VietNamSon\OneDrive\Desktop\Tai lieu chuong Cau Truc Cay\Cay_Nhi_Phan\BaiTapXuLyCay\Debug\link.3272.write.1.tlog
C:\Users\VietNamSon\OneDrive\Desktop\Tai lieu chuong Cau Truc Cay\Cay_Nhi_Phan\BaiTapXuLyCay\Debug\link.3480-cvtres.read.1.tlog
C:\Users\VietNamSon\OneDrive\Desktop\Tai lieu chuong Cau Truc Cay\Cay_Nhi_Phan\BaiTapXuLyCay\Debug\link.3480-cvtres.write.1.tlog
C:\Users\VietNamSon\OneDrive\Desktop\Tai lieu chuong Cau Truc Cay\Cay_Nhi_Phan\BaiTapXuLyCay\Debug\link.3480-rc.read.1.tlog
C:\Users\VietNamSon\OneDrive\Desktop\Tai lieu chuong Cau Truc Cay\Cay_Nhi_Phan\BaiTapXuLyCay\Debug\link.3480-rc.write.1.tlog
C:\Users\VietNamSon\OneDrive\Desktop\Tai lieu chuong Cau Truc Cay\Cay_Nhi_Phan\BaiTapXuLyCay\Debug\link.3480.read.1.tlog
C:\Users\VietNamSon\OneDrive\Desktop\Tai lieu chuong Cau Truc Cay\Cay_Nhi_Phan\BaiTapXuLyCay\Debug\link.3480.write.1.tlog
C:\Users\VietNamSon\OneDrive\Desktop\Tai lieu chuong Cau Truc Cay\Cay_Nhi_Phan\BaiTapXuLyCay\Debug\link.3708-cvtres.read.1.tlog
C:\Users\VietNamSon\OneDrive\Desktop\Tai lieu chuong Cau Truc Cay\Cay_Nhi_Phan\BaiTapXuLyCay\Debug\link.3708-cvtres.write.1.tlog
C:\Users\VietNamSon\OneDrive\Desktop\Tai lieu chuong Cau Truc Cay\Cay_Nhi_Phan\BaiTapXuLyCay\Debug\link.3708-rc.read.1.tlog
C:\Users\VietNamSon\OneDrive\Desktop\Tai lieu chuong Cau Truc Cay\Cay_Nhi_Phan\BaiTapXuLyCay\Debug\link.3708-rc.write.1.tlog
C:\Users\VietNamSon\OneDrive\Desktop\Tai lieu chuong Cau Truc Cay\Cay_Nhi_Phan\BaiTapXuLyCay\Debug\link.3708.read.1.tlog
C:\Users\VietNamSon\OneDrive\Desktop\Tai lieu chuong Cau Truc Cay\Cay_Nhi_Phan\BaiTapXuLyCay\Debug\link.3708.write.1.tlog
C:\Users\VietNamSon\OneDrive\Desktop\Tai lieu chuong Cau Truc Cay\Cay_Nhi_Phan\BaiTapXuLyCay\Debug\link.372-cvtres.read.1.tlog
C:\Users\VietNamSon\OneDrive\Desktop\Tai lieu chuong Cau Truc Cay\Cay_Nhi_Phan\BaiTapXuLyCay\Debug\link.372-cvtres.write.1.tlog
C:\Users\VietNamSon\OneDrive\Desktop\Tai lieu chuong Cau Truc Cay\Cay_Nhi_Phan\BaiTapXuLyCay\Debug\link.372-rc.read.1.tlog
C:\Users\VietNamSon\OneDrive\Desktop\Tai lieu chuong Cau Truc Cay\Cay_Nhi_Phan\BaiTapXuLyCay\Debug\link.372-rc.write.1.tlog
C:\Users\VietNamSon\OneDrive\Desktop\Tai lieu chuong Cau Truc Cay\Cay_Nhi_Phan\BaiTapXuLyCay\Debug\link.372.read.1.tlog
C:\Users\VietNamSon\OneDrive\Desktop\Tai lieu chuong Cau Truc Cay\Cay_Nhi_Phan\BaiTapXuLyCay\Debug\link.372.write.1.tlog
C:\Users\VietNamSon\OneDrive\Desktop\Tai lieu chuong Cau Truc Cay\Cay_Nhi_Phan\BaiTapXuLyCay\Debug\link.4392-cvtres.read.1.tlog
C:\Users\VietNamSon\OneDrive\Desktop\Tai lieu chuong Cau Truc Cay\Cay_Nhi_Phan\BaiTapXuLyCay\Debug\link.4392-cvtres.write.1.tlog
C:\Users\VietNamSon\OneDrive\Desktop\Tai lieu chuong Cau Truc Cay\Cay_Nhi_Phan\BaiTapXuLyCay\Debug\link.4392-rc.read.1.tlog
C:\Users\VietNamSon\OneDrive\Desktop\Tai lieu chuong Cau Truc Cay\Cay_Nhi_Phan\BaiTapXuLyCay\Debug\link.4392-rc.write.1.tlog
C:\Users\VietNamSon\OneDrive\Desktop\Tai lieu chuong Cau Truc Cay\Cay_Nhi_Phan\BaiTapXuLyCay\Debug\link.4392.read.1.tlog
C:\Users\VietNamSon\OneDrive\Desktop\Tai lieu chuong Cau Truc Cay\Cay_Nhi_Phan\BaiTapXuLyCay\Debug\link.4392.write.1.tlog
C:\Users\VietNamSon\OneDrive\Desktop\Tai lieu chuong Cau Truc Cay\Cay_Nhi_Phan\BaiTapXuLyCay\Debug\link.4396-cvtres.read.1.tlog
C:\Users\VietNamSon\OneDrive\Desktop\Tai lieu chuong Cau Truc Cay\Cay_Nhi_Phan\BaiTapXuLyCay\Debug\link.4396-cvtres.write.1.tlog
C:\Users\VietNamSon\OneDrive\Desktop\Tai lieu chuong Cau Truc Cay\Cay_Nhi_Phan\BaiTapXuLyCay\Debug\link.4396-rc.read.1.tlog
C:\Users\VietNamSon\OneDrive\Desktop\Tai lieu chuong Cau Truc Cay\Cay_Nhi_Phan\BaiTapXuLyCay\Debug\link.4396-rc.write.1.tlog
C:\Users\VietNamSon\OneDrive\Desktop\Tai lieu chuong Cau Truc Cay\Cay_Nhi_Phan\BaiTapXuLyCay\Debug\link.4396.read.1.tlog
C:\Users\VietNamSon\OneDrive\Desktop\Tai lieu chuong Cau Truc Cay\Cay_Nhi_Phan\BaiTapXuLyCay\Debug\link.4396.write.1.tlog
C:\Users\VietNamSon\OneDrive\Desktop\Tai lieu chuong Cau Truc Cay\Cay_Nhi_Phan\BaiTapXuLyCay\Debug\link.4432-cvtres.read.1.tlog
C:\Users\VietNamSon\OneDrive\Desktop\Tai lieu chuong Cau Truc Cay\Cay_Nhi_Phan\BaiTapXuLyCay\Debug\link.4432-cvtres.write.1.tlog
C:\Users\VietNamSon\OneDrive\Desktop\Tai lieu chuong Cau Truc Cay\Cay_Nhi_Phan\BaiTapXuLyCay\Debug\link.4432-rc.read.1.tlog
C:\Users\VietNamSon\OneDrive\Desktop\Tai lieu chuong Cau Truc Cay\Cay_Nhi_Phan\BaiTapXuLyCay\Debug\link.4432-rc.write.1.tlog
C:\Users\VietNamSon\OneDrive\Desktop\Tai lieu chuong Cau Truc Cay\Cay_Nhi_Phan\BaiTapXuLyCay\Debug\link.4432.read.1.tlog
C:\Users\VietNamSon\OneDrive\Desktop\Tai lieu chuong Cau Truc Cay\Cay_Nhi_Phan\BaiTapXuLyCay\Debug\link.4432.write.1.tlog
C:\Users\VietNamSon\OneDrive\Desktop\Tai lieu chuong Cau Truc Cay\Cay_Nhi_Phan\BaiTapXuLyCay\Debug\link.4520-cvtres.read.1.tlog
C:\Users\VietNamSon\OneDrive\Desktop\Tai lieu chuong Cau Truc Cay\Cay_Nhi_Phan\BaiTapXuLyCay\Debug\link.4520-cvtres.write.1.tlog
C:\Users\VietNamSon\OneDrive\Desktop\Tai lieu chuong Cau Truc Cay\Cay_Nhi_Phan\BaiTapXuLyCay\Debug\link.4520-rc.read.1.tlog
C:\Users\VietNamSon\OneDrive\Desktop\Tai lieu chuong Cau Truc Cay\Cay_Nhi_Phan\BaiTapXuLyCay\Debug\link.4520-rc.write.1.tlog
C:\Users\VietNamSon\OneDrive\Desktop\Tai lieu chuong Cau Truc Cay\Cay_Nhi_Phan\BaiTapXuLyCay\Debug\link.4520.read.1.tlog
C:\Users\VietNamSon\OneDrive\Desktop\Tai lieu chuong Cau Truc Cay\Cay_Nhi_Phan\BaiTapXuLyCay\Debug\link.4520.write.1.tlog
C:\Users\VietNamSon\OneDrive\Desktop\Tai lieu chuong Cau Truc Cay\Cay_Nhi_Phan\BaiTapXuLyCay\Debug\link.4604-cvtres.read.1.tlog
C:\Users\VietNamSon\OneDrive\Desktop\Tai lieu chuong Cau Truc Cay\Cay_Nhi_Phan\BaiTapXuLyCay\Debug\link.4604-cvtres.write.1.tlog
C:\Users\VietNamSon\OneDrive\Desktop\Tai lieu chuong Cau Truc Cay\Cay_Nhi_Phan\BaiTapXuLyCay\Debug\link.4604-rc.read.1.tlog
C:\Users\VietNamSon\OneDrive\Desktop\Tai lieu chuong Cau Truc Cay\Cay_Nhi_Phan\BaiTapXuLyCay\Debug\link.4604-rc.write.1.tlog
C:\Users\VietNamSon\OneDrive\Desktop\Tai lieu chuong Cau Truc Cay\Cay_Nhi_Phan\BaiTapXuLyCay\Debug\link.4604.read.1.tlog
C:\Users\VietNamSon\OneDrive\Desktop\Tai lieu chuong Cau Truc Cay\Cay_Nhi_Phan\BaiTapXuLyCay\Debug\link.4604.write.1.tlog
C:\Users\VietNamSon\OneDrive\Desktop\Tai lieu chuong Cau Truc Cay\Cay_Nhi_Phan\BaiTapXuLyCay\Debug\link.5160-cvtres.read.1.tlog
C:\Users\VietNamSon\OneDrive\Desktop\Tai lieu chuong Cau Truc Cay\Cay_Nhi_Phan\BaiTapXuLyCay\Debug\link.5160-cvtres.write.1.tlog
C:\Users\VietNamSon\OneDrive\Desktop\Tai lieu chuong Cau Truc Cay\Cay_Nhi_Phan\BaiTapXuLyCay\Debug\link.5160-rc.read.1.tlog
C:\Users\VietNamSon\OneDrive\Desktop\Tai lieu chuong Cau Truc Cay\Cay_Nhi_Phan\BaiTapXuLyCay\Debug\link.5160-rc.write.1.tlog
C:\Users\VietNamSon\OneDrive\Desktop\Tai lieu chuong Cau Truc Cay\Cay_Nhi_Phan\BaiTapXuLyCay\Debug\link.5160.read.1.tlog
C:\Users\VietNamSon\OneDrive\Desktop\Tai lieu chuong Cau Truc Cay\Cay_Nhi_Phan\BaiTapXuLyCay\Debug\link.5160.write.1.tlog
C:\Users\VietNamSon\OneDrive\Desktop\Tai lieu chuong Cau Truc Cay\Cay_Nhi_Phan\BaiTapXuLyCay\Debug\link.5176-cvtres.read.1.tlog
C:\Users\VietNamSon\OneDrive\Desktop\Tai lieu chuong Cau Truc Cay\Cay_Nhi_Phan\BaiTapXuLyCay\Debug\link.5176-cvtres.write.1.tlog
C:\Users\VietNamSon\OneDrive\Desktop\Tai lieu chuong Cau Truc Cay\Cay_Nhi_Phan\BaiTapXuLyCay\Debug\link.5176-rc.read.1.tlog
C:\Users\VietNamSon\OneDrive\Desktop\Tai lieu chuong Cau Truc Cay\Cay_Nhi_Phan\BaiTapXuLyCay\Debug\link.5176-rc.write.1.tlog
C:\Users\VietNamSon\OneDrive\Desktop\Tai lieu chuong Cau Truc Cay\Cay_Nhi_Phan\BaiTapXuLyCay\Debug\link.5176.read.1.tlog
C:\Users\VietNamSon\OneDrive\Desktop\Tai lieu chuong Cau Truc Cay\Cay_Nhi_Phan\BaiTapXuLyCay\Debug\link.5176.write.1.tlog
C:\Users\VietNamSon\OneDrive\Desktop\Tai lieu chuong Cau Truc Cay\Cay_Nhi_Phan\BaiTapXuLyCay\Debug\link.5232-cvtres.read.1.tlog
C:\Users\VietNamSon\OneDrive\Desktop\Tai lieu chuong Cau Truc Cay\Cay_Nhi_Phan\BaiTapXuLyCay\Debug\link.5232-cvtres.write.1.tlog
C:\Users\VietNamSon\OneDrive\Desktop\Tai lieu chuong Cau Truc Cay\Cay_Nhi_Phan\BaiTapXuLyCay\Debug\link.5232-rc.read.1.tlog
C:\Users\VietNamSon\OneDrive\Desktop\Tai lieu chuong Cau Truc Cay\Cay_Nhi_Phan\BaiTapXuLyCay\Debug\link.5232-rc.write.1.tlog
C:\Users\VietNamSon\OneDrive\Desktop\Tai lieu chuong Cau Truc Cay\Cay_Nhi_Phan\BaiTapXuLyCay\Debug\link.5232.read.1.tlog
C:\Users\VietNamSon\OneDrive\Desktop\Tai lieu chuong Cau Truc Cay\Cay_Nhi_Phan\BaiTapXuLyCay\Debug\link.5232.write.1.tlog
C:\Users\VietNamSon\OneDrive\Desktop\Tai lieu chuong Cau Truc Cay\Cay_Nhi_Phan\BaiTapXuLyCay\Debug\link.5584-cvtres.read.1.tlog
C:\Users\VietNamSon\OneDrive\Desktop\Tai lieu chuong Cau Truc Cay\Cay_Nhi_Phan\BaiTapXuLyCay\Debug\link.5584-cvtres.write.1.tlog
C:\Users\VietNamSon\OneDrive\Desktop\Tai lieu chuong Cau Truc Cay\Cay_Nhi_Phan\BaiTapXuLyCay\Debug\link.5584-rc.read.1.tlog
C:\Users\VietNamSon\OneDrive\Desktop\Tai lieu chuong Cau Truc Cay\Cay_Nhi_Phan\BaiTapXuLyCay\Debug\link.5584-rc.write.1.tlog
C:\Users\VietNamSon\OneDrive\Desktop\Tai lieu chuong Cau Truc Cay\Cay_Nhi_Phan\BaiTapXuLyCay\Debug\link.5584.read.1.tlog
C:\Users\VietNamSon\OneDrive\Desktop\Tai lieu chuong Cau Truc Cay\Cay_Nhi_Phan\BaiTapXuLyCay\Debug\link.5584.write.1.tlog
C:\Users\VietNamSon\OneDrive\Desktop\Tai lieu chuong Cau Truc Cay\Cay_Nhi_Phan\BaiTapXuLyCay\Debug\link.6000-cvtres.read.1.tlog
C:\Users\VietNamSon\OneDrive\Desktop\Tai lieu chuong Cau Truc Cay\Cay_Nhi_Phan\BaiTapXuLyCay\Debug\link.6000-cvtres.write.1.tlog
C:\Users\VietNamSon\OneDrive\Desktop\Tai lieu chuong Cau Truc Cay\Cay_Nhi_Phan\BaiTapXuLyCay\Debug\link.6000-rc.read.1.tlog
C:\Users\VietNamSon\OneDrive\Desktop\Tai lieu chuong Cau Truc Cay\Cay_Nhi_Phan\BaiTapXuLyCay\Debug\link.6000-rc.write.1.tlog
C:\Users\VietNamSon\OneDrive\Desktop\Tai lieu chuong Cau Truc Cay\Cay_Nhi_Phan\BaiTapXuLyCay\Debug\link.6000.read.1.tlog
C:\Users\VietNamSon\OneDrive\Desktop\Tai lieu chuong Cau Truc Cay\Cay_Nhi_Phan\BaiTapXuLyCay\Debug\link.6000.write.1.tlog
C:\Users\VietNamSon\OneDrive\Desktop\Tai lieu chuong Cau Truc Cay\Cay_Nhi_Phan\BaiTapXuLyCay\Debug\link.6572-cvtres.read.1.tlog
C:\Users\VietNamSon\OneDrive\Desktop\Tai lieu chuong Cau Truc Cay\Cay_Nhi_Phan\BaiTapXuLyCay\Debug\link.6572-cvtres.write.1.tlog
C:\Users\VietNamSon\OneDrive\Desktop\Tai lieu chuong Cau Truc Cay\Cay_Nhi_Phan\BaiTapXuLyCay\Debug\link.6572-rc.read.1.tlog
C:\Users\VietNamSon\OneDrive\Desktop\Tai lieu chuong Cau Truc Cay\Cay_Nhi_Phan\BaiTapXuLyCay\Debug\link.6572-rc.write.1.tlog
C:\Users\VietNamSon\OneDrive\Desktop\Tai lieu chuong Cau Truc Cay\Cay_Nhi_Phan\BaiTapXuLyCay\Debug\link.6572.read.1.tlog
C:\Users\VietNamSon\OneDrive\Desktop\Tai lieu chuong Cau Truc Cay\Cay_Nhi_Phan\BaiTapXuLyCay\Debug\link.6572.write.1.tlog
C:\Users\VietNamSon\OneDrive\Desktop\Tai lieu chuong Cau Truc Cay\Cay_Nhi_Phan\BaiTapXuLyCay\Debug\link.6580-cvtres.read.1.tlog
C:\Users\VietNamSon\OneDrive\Desktop\Tai lieu chuong Cau Truc Cay\Cay_Nhi_Phan\BaiTapXuLyCay\Debug\link.6580-cvtres.write.1.tlog
C:\Users\VietNamSon\OneDrive\Desktop\Tai lieu chuong Cau Truc Cay\Cay_Nhi_Phan\BaiTapXuLyCay\Debug\link.6580-rc.read.1.tlog
C:\Users\VietNamSon\OneDrive\Desktop\Tai lieu chuong Cau Truc Cay\Cay_Nhi_Phan\BaiTapXuLyCay\Debug\link.6580-rc.write.1.tlog
C:\Users\VietNamSon\OneDrive\Desktop\Tai lieu chuong Cau Truc Cay\Cay_Nhi_Phan\BaiTapXuLyCay\Debug\link.6580.read.1.tlog
C:\Users\VietNamSon\OneDrive\Desktop\Tai lieu chuong Cau Truc Cay\Cay_Nhi_Phan\BaiTapXuLyCay\Debug\link.6580.write.1.tlog
C:\Users\VietNamSon\OneDrive\Desktop\Tai lieu chuong Cau Truc Cay\Cay_Nhi_Phan\BaiTapXuLyCay\Debug\link.6592-cvtres.read.1.tlog
C:\Users\VietNamSon\OneDrive\Desktop\Tai lieu chuong Cau Truc Cay\Cay_Nhi_Phan\BaiTapXuLyCay\Debug\link.6592-cvtres.write.1.tlog
C:\Users\VietNamSon\OneDrive\Desktop\Tai lieu chuong Cau Truc Cay\Cay_Nhi_Phan\BaiTapXuLyCay\Debug\link.6592-rc.read.1.tlog
C:\Users\VietNamSon\OneDrive\Desktop\Tai lieu chuong Cau Truc Cay\Cay_Nhi_Phan\BaiTapXuLyCay\Debug\link.6592-rc.write.1.tlog
C:\Users\VietNamSon\OneDrive\Desktop\Tai lieu chuong Cau Truc Cay\Cay_Nhi_Phan\BaiTapXuLyCay\Debug\link.6592.read.1.tlog
C:\Users\VietNamSon\OneDrive\Desktop\Tai lieu chuong Cau Truc Cay\Cay_Nhi_Phan\BaiTapXuLyCay\Debug\link.6592.write.1.tlog
C:\Users\VietNamSon\OneDrive\Desktop\Tai lieu chuong Cau Truc Cay\Cay_Nhi_Phan\BaiTapXuLyCay\Debug\link.7020-cvtres.read.1.tlog
C:\Users\VietNamSon\OneDrive\Desktop\Tai lieu chuong Cau Truc Cay\Cay_Nhi_Phan\BaiTapXuLyCay\Debug\link.7020-cvtres.write.1.tlog
C:\Users\VietNamSon\OneDrive\Desktop\Tai lieu chuong Cau Truc Cay\Cay_Nhi_Phan\BaiTapXuLyCay\Debug\link.7020-rc.read.1.tlog
C:\Users\VietNamSon\OneDrive\Desktop\Tai lieu chuong Cau Truc Cay\Cay_Nhi_Phan\BaiTapXuLyCay\Debug\link.7020-rc.write.1.tlog
C:\Users\VietNamSon\OneDrive\Desktop\Tai lieu chuong Cau Truc Cay\Cay_Nhi_Phan\BaiTapXuLyCay\Debug\link.7020.read.1.tlog
C:\Users\VietNamSon\OneDrive\Desktop\Tai lieu chuong Cau Truc Cay\Cay_Nhi_Phan\BaiTapXuLyCay\Debug\link.7020.write.1.tlog
C:\Users\VietNamSon\OneDrive\Desktop\Tai lieu chuong Cau Truc Cay\Cay_Nhi_Phan\BaiTapXuLyCay\Debug\link.7160-cvtres.read.1.tlog
C:\Users\VietNamSon\OneDrive\Desktop\Tai lieu chuong Cau Truc Cay\Cay_Nhi_Phan\BaiTapXuLyCay\Debug\link.7160-cvtres.write.1.tlog
C:\Users\VietNamSon\OneDrive\Desktop\Tai lieu chuong Cau Truc Cay\Cay_Nhi_Phan\BaiTapXuLyCay\Debug\link.7160-rc.read.1.tlog
C:\Users\VietNamSon\OneDrive\Desktop\Tai lieu chuong Cau Truc Cay\Cay_Nhi_Phan\BaiTapXuLyCay\Debug\link.7160-rc.write.1.tlog
C:\Users\VietNamSon\OneDrive\Desktop\Tai lieu chuong Cau Truc Cay\Cay_Nhi_Phan\BaiTapXuLyCay\Debug\link.7160.read.1.tlog
C:\Users\VietNamSon\OneDrive\Desktop\Tai lieu chuong Cau Truc Cay\Cay_Nhi_Phan\BaiTapXuLyCay\Debug\link.7160.write.1.tlog
C:\Users\VietNamSon\OneDrive\Desktop\Tai lieu chuong Cau Truc Cay\Cay_Nhi_Phan\BaiTapXuLyCay\Debug\link.7412-cvtres.read.1.tlog
C:\Users\VietNamSon\OneDrive\Desktop\Tai lieu chuong Cau Truc Cay\Cay_Nhi_Phan\BaiTapXuLyCay\Debug\link.7412-cvtres.write.1.tlog
C:\Users\VietNamSon\OneDrive\Desktop\Tai lieu chuong Cau Truc Cay\Cay_Nhi_Phan\BaiTapXuLyCay\Debug\link.7412-rc.read.1.tlog
C:\Users\VietNamSon\OneDrive\Desktop\Tai lieu chuong Cau Truc Cay\Cay_Nhi_Phan\BaiTapXuLyCay\Debug\link.7412-rc.write.1.tlog
C:\Users\VietNamSon\OneDrive\Desktop\Tai lieu chuong Cau Truc Cay\Cay_Nhi_Phan\BaiTapXuLyCay\Debug\link.7412.read.1.tlog
C:\Users\VietNamSon\OneDrive\Desktop\Tai lieu chuong Cau Truc Cay\Cay_Nhi_Phan\BaiTapXuLyCay\Debug\link.7412.write.1.tlog
C:\Users\VietNamSon\OneDrive\Desktop\Tai lieu chuong Cau Truc Cay\Cay_Nhi_Phan\BaiTapXuLyCay\Debug\link.7556-cvtres.read.1.tlog
C:\Users\VietNamSon\OneDrive\Desktop\Tai lieu chuong Cau Truc Cay\Cay_Nhi_Phan\BaiTapXuLyCay\Debug\link.7556-cvtres.write.1.tlog
C:\Users\VietNamSon\OneDrive\Desktop\Tai lieu chuong Cau Truc Cay\Cay_Nhi_Phan\BaiTapXuLyCay\Debug\link.7556-rc.read.1.tlog
C:\Users\VietNamSon\OneDrive\Desktop\Tai lieu chuong Cau Truc Cay\Cay_Nhi_Phan\BaiTapXuLyCay\Debug\link.7556-rc.write.1.tlog
C:\Users\VietNamSon\OneDrive\Desktop\Tai lieu chuong Cau Truc Cay\Cay_Nhi_Phan\BaiTapXuLyCay\Debug\link.7556.read.1.tlog
C:\Users\VietNamSon\OneDrive\Desktop\Tai lieu chuong Cau Truc Cay\Cay_Nhi_Phan\BaiTapXuLyCay\Debug\link.7556.write.1.tlog
C:\Users\VietNamSon\OneDrive\Desktop\Tai lieu chuong Cau Truc Cay\Cay_Nhi_Phan\BaiTapXuLyCay\Debug\link.7744-cvtres.read.1.tlog
C:\Users\VietNamSon\OneDrive\Desktop\Tai lieu chuong Cau Truc Cay\Cay_Nhi_Phan\BaiTapXuLyCay\Debug\link.7744-cvtres.write.1.tlog
C:\Users\VietNamSon\OneDrive\Desktop\Tai lieu chuong Cau Truc Cay\Cay_Nhi_Phan\BaiTapXuLyCay\Debug\link.7744-rc.read.1.tlog
C:\Users\VietNamSon\OneDrive\Desktop\Tai lieu chuong Cau Truc Cay\Cay_Nhi_Phan\BaiTapXuLyCay\Debug\link.7744-rc.write.1.tlog
C:\Users\VietNamSon\OneDrive\Desktop\Tai lieu chuong Cau Truc Cay\Cay_Nhi_Phan\BaiTapXuLyCay\Debug\link.7744.read.1.tlog
C:\Users\VietNamSon\OneDrive\Desktop\Tai lieu chuong Cau Truc Cay\Cay_Nhi_Phan\BaiTapXuLyCay\Debug\link.7744.write.1.tlog
C:\Users\VietNamSon\OneDrive\Desktop\Tai lieu chuong Cau Truc Cay\Cay_Nhi_Phan\BaiTapXuLyCay\Debug\link.7904-cvtres.read.1.tlog
C:\Users\VietNamSon\OneDrive\Desktop\Tai lieu chuong Cau Truc Cay\Cay_Nhi_Phan\BaiTapXuLyCay\Debug\link.7904-cvtres.write.1.tlog
C:\Users\VietNamSon\OneDrive\Desktop\Tai lieu chuong Cau Truc Cay\Cay_Nhi_Phan\BaiTapXuLyCay\Debug\link.7904-rc.read.1.tlog
C:\Users\VietNamSon\OneDrive\Desktop\Tai lieu chuong Cau Truc Cay\Cay_Nhi_Phan\BaiTapXuLyCay\Debug\link.7904-rc.write.1.tlog
C:\Users\VietNamSon\OneDrive\Desktop\Tai lieu chuong Cau Truc Cay\Cay_Nhi_Phan\BaiTapXuLyCay\Debug\link.7904.read.1.tlog
C:\Users\VietNamSon\OneDrive\Desktop\Tai lieu chuong Cau Truc Cay\Cay_Nhi_Phan\BaiTapXuLyCay\Debug\link.7904.write.1.tlog
C:\Users\VietNamSon\OneDrive\Desktop\Tai lieu chuong Cau Truc Cay\Cay_Nhi_Phan\BaiTapXuLyCay\Debug\link.7908-cvtres.read.1.tlog
C:\Users\VietNamSon\OneDrive\Desktop\Tai lieu chuong Cau Truc Cay\Cay_Nhi_Phan\BaiTapXuLyCay\Debug\link.7908-cvtres.write.1.tlog
C:\Users\VietNamSon\OneDrive\Desktop\Tai lieu chuong Cau Truc Cay\Cay_Nhi_Phan\BaiTapXuLyCay\Debug\link.7908-rc.read.1.tlog
C:\Users\VietNamSon\OneDrive\Desktop\Tai lieu chuong Cau Truc Cay\Cay_Nhi_Phan\BaiTapXuLyCay\Debug\link.7908-rc.write.1.tlog
C:\Users\VietNamSon\OneDrive\Desktop\Tai lieu chuong Cau Truc Cay\Cay_Nhi_Phan\BaiTapXuLyCay\Debug\link.7908.read.1.tlog
C:\Users\VietNamSon\OneDrive\Desktop\Tai lieu chuong Cau Truc Cay\Cay_Nhi_Phan\BaiTapXuLyCay\Debug\link.7908.write.1.tlog
C:\Users\VietNamSon\OneDrive\Desktop\Tai lieu chuong Cau Truc Cay\Cay_Nhi_Phan\BaiTapXuLyCay\Debug\link.8172-cvtres.read.1.tlog
C:\Users\VietNamSon\OneDrive\Desktop\Tai lieu chuong Cau Truc Cay\Cay_Nhi_Phan\BaiTapXuLyCay\Debug\link.8172-cvtres.write.1.tlog
C:\Users\VietNamSon\OneDrive\Desktop\Tai lieu chuong Cau Truc Cay\Cay_Nhi_Phan\BaiTapXuLyCay\Debug\link.8172-rc.read.1.tlog
C:\Users\VietNamSon\OneDrive\Desktop\Tai lieu chuong Cau Truc Cay\Cay_Nhi_Phan\BaiTapXuLyCay\Debug\link.8172-rc.write.1.tlog
C:\Users\VietNamSon\OneDrive\Desktop\Tai lieu chuong Cau Truc Cay\Cay_Nhi_Phan\BaiTapXuLyCay\Debug\link.8172.read.1.tlog
C:\Users\VietNamSon\OneDrive\Desktop\Tai lieu chuong Cau Truc Cay\Cay_Nhi_Phan\BaiTapXuLyCay\Debug\link.8172.write.1.tlog
C:\Users\VietNamSon\OneDrive\Desktop\Tai lieu chuong Cau Truc Cay\Cay_Nhi_Phan\BaiTapXuLyCay\Debug\link.8532-cvtres.read.1.tlog
C:\Users\VietNamSon\OneDrive\Desktop\Tai lieu chuong Cau Truc Cay\Cay_Nhi_Phan\BaiTapXuLyCay\Debug\link.8532-cvtres.write.1.tlog
C:\Users\VietNamSon\OneDrive\Desktop\Tai lieu chuong Cau Truc Cay\Cay_Nhi_Phan\BaiTapXuLyCay\Debug\link.8532-rc.read.1.tlog
C:\Users\VietNamSon\OneDrive\Desktop\Tai lieu chuong Cau Truc Cay\Cay_Nhi_Phan\BaiTapXuLyCay\Debug\link.8532-rc.write.1.tlog
C:\Users\VietNamSon\OneDrive\Desktop\Tai lieu chuong Cau Truc Cay\Cay_Nhi_Phan\BaiTapXuLyCay\Debug\link.8532.read.1.tlog
C:\Users\VietNamSon\OneDrive\Desktop\Tai lieu chuong Cau Truc Cay\Cay_Nhi_Phan\BaiTapXuLyCay\Debug\link.8532.write.1.tlog
C:\Users\VietNamSon\OneDrive\Desktop\Tai lieu chuong Cau Truc Cay\Cay_Nhi_Phan\BaiTapXuLyCay\Debug\link.8616-cvtres.read.1.tlog
C:\Users\VietNamSon\OneDrive\Desktop\Tai lieu chuong Cau Truc Cay\Cay_Nhi_Phan\BaiTapXuLyCay\Debug\link.8616-cvtres.write.1.tlog
C:\Users\VietNamSon\OneDrive\Desktop\Tai lieu chuong Cau Truc Cay\Cay_Nhi_Phan\BaiTapXuLyCay\Debug\link.8616-rc.read.1.tlog
C:\Users\VietNamSon\OneDrive\Desktop\Tai lieu chuong Cau Truc Cay\Cay_Nhi_Phan\BaiTapXuLyCay\Debug\link.8616-rc.write.1.tlog
C:\Users\VietNamSon\OneDrive\Desktop\Tai lieu chuong Cau Truc Cay\Cay_Nhi_Phan\BaiTapXuLyCay\Debug\link.8616.read.1.tlog
C:\Users\VietNamSon\OneDrive\Desktop\Tai lieu chuong Cau Truc Cay\Cay_Nhi_Phan\BaiTapXuLyCay\Debug\link.8616.write.1.tlog
C:\Users\VietNamSon\OneDrive\Desktop\Tai lieu chuong Cau Truc Cay\Cay_Nhi_Phan\BaiTapXuLyCay\Debug\link.8904-cvtres.read.1.tlog
C:\Users\VietNamSon\OneDrive\Desktop\Tai lieu chuong Cau Truc Cay\Cay_Nhi_Phan\BaiTapXuLyCay\Debug\link.8904-cvtres.write.1.tlog
C:\Users\VietNamSon\OneDrive\Desktop\Tai lieu chuong Cau Truc Cay\Cay_Nhi_Phan\BaiTapXuLyCay\Debug\link.8904-rc.read.1.tlog
C:\Users\VietNamSon\OneDrive\Desktop\Tai lieu chuong Cau Truc Cay\Cay_Nhi_Phan\BaiTapXuLyCay\Debug\link.8904-rc.write.1.tlog
C:\Users\VietNamSon\OneDrive\Desktop\Tai lieu chuong Cau Truc Cay\Cay_Nhi_Phan\BaiTapXuLyCay\Debug\link.8904.read.1.tlog
C:\Users\VietNamSon\OneDrive\Desktop\Tai lieu chuong Cau Truc Cay\Cay_Nhi_Phan\BaiTapXuLyCay\Debug\link.8904.write.1.tlog
C:\Users\VietNamSon\OneDrive\Desktop\Tai lieu chuong Cau Truc Cay\Cay_Nhi_Phan\BaiTapXuLyCay\Debug\link.8952-cvtres.read.1.tlog
C:\Users\VietNamSon\OneDrive\Desktop\Tai lieu chuong Cau Truc Cay\Cay_Nhi_Phan\BaiTapXuLyCay\Debug\link.8952-cvtres.write.1.tlog
C:\Users\VietNamSon\OneDrive\Desktop\Tai lieu chuong Cau Truc Cay\Cay_Nhi_Phan\BaiTapXuLyCay\Debug\link.8952-rc.read.1.tlog
C:\Users\VietNamSon\OneDrive\Desktop\Tai lieu chuong Cau Truc Cay\Cay_Nhi_Phan\BaiTapXuLyCay\Debug\link.8952-rc.write.1.tlog
C:\Users\VietNamSon\OneDrive\Desktop\Tai lieu chuong Cau Truc Cay\Cay_Nhi_Phan\BaiTapXuLyCay\Debug\link.8952.read.1.tlog
C:\Users\VietNamSon\OneDrive\Desktop\Tai lieu chuong Cau Truc Cay\Cay_Nhi_Phan\BaiTapXuLyCay\Debug\link.8952.write.1.tlog
C:\Users\VietNamSon\OneDrive\Desktop\Tai lieu chuong Cau Truc Cay\Cay_Nhi_Phan\BaiTapXuLyCay\Debug\link.9160-cvtres.read.1.tlog
C:\Users\VietNamSon\OneDrive\Desktop\Tai lieu chuong Cau Truc Cay\Cay_Nhi_Phan\BaiTapXuLyCay\Debug\link.9160-cvtres.write.1.tlog
C:\Users\VietNamSon\OneDrive\Desktop\Tai lieu chuong Cau Truc Cay\Cay_Nhi_Phan\BaiTapXuLyCay\Debug\link.9160-rc.read.1.tlog
C:\Users\VietNamSon\OneDrive\Desktop\Tai lieu chuong Cau Truc Cay\Cay_Nhi_Phan\BaiTapXuLyCay\Debug\link.9160-rc.write.1.tlog
C:\Users\VietNamSon\OneDrive\Desktop\Tai lieu chuong Cau Truc Cay\Cay_Nhi_Phan\BaiTapXuLyCay\Debug\link.9160.read.1.tlog
C:\Users\VietNamSon\OneDrive\Desktop\Tai lieu chuong Cau Truc Cay\Cay_Nhi_Phan\BaiTapXuLyCay\Debug\link.9160.write.1.tlog
C:\Users\VietNamSon\OneDrive\Desktop\Tai lieu chuong Cau Truc Cay\Cay_Nhi_Phan\BaiTapXuLyCay\Debug\link.9196-cvtres.read.1.tlog
C:\Users\VietNamSon\OneDrive\Desktop\Tai lieu chuong Cau Truc Cay\Cay_Nhi_Phan\BaiTapXuLyCay\Debug\link.9196-cvtres.write.1.tlog
C:\Users\VietNamSon\OneDrive\Desktop\Tai lieu chuong Cau Truc Cay\Cay_Nhi_Phan\BaiTapXuLyCay\Debug\link.9196-rc.read.1.tlog
C:\Users\VietNamSon\OneDrive\Desktop\Tai lieu chuong Cau Truc Cay\Cay_Nhi_Phan\BaiTapXuLyCay\Debug\link.9196-rc.write.1.tlog
C:\Users\VietNamSon\OneDrive\Desktop\Tai lieu chuong Cau Truc Cay\Cay_Nhi_Phan\BaiTapXuLyCay\Debug\link.9196.read.1.tlog
C:\Users\VietNamSon\OneDrive\Desktop\Tai lieu chuong Cau Truc Cay\Cay_Nhi_Phan\BaiTapXuLyCay\Debug\link.9196.write.1.tlog
C:\Users\VietNamSon\OneDrive\Desktop\Tai lieu chuong Cau Truc Cay\Cay_Nhi_Phan\BaiTapXuLyCay\Debug\link.9720-cvtres.read.1.tlog
C:\Users\VietNamSon\OneDrive\Desktop\Tai lieu chuong Cau Truc Cay\Cay_Nhi_Phan\BaiTapXuLyCay\Debug\link.9720-cvtres.write.1.tlog
C:\Users\VietNamSon\OneDrive\Desktop\Tai lieu chuong Cau Truc Cay\Cay_Nhi_Phan\BaiTapXuLyCay\Debug\link.9720-rc.read.1.tlog
C:\Users\VietNamSon\OneDrive\Desktop\Tai lieu chuong Cau Truc Cay\Cay_Nhi_Phan\BaiTapXuLyCay\Debug\link.9720-rc.write.1.tlog
C:\Users\VietNamSon\OneDrive\Desktop\Tai lieu chuong Cau Truc Cay\Cay_Nhi_Phan\BaiTapXuLyCay\Debug\link.9720.read.1.tlog
C:\Users\VietNamSon\OneDrive\Desktop\Tai lieu chuong Cau Truc Cay\Cay_Nhi_Phan\BaiTapXuLyCay\Debug\link.9720.write.1.tlog
C:\Users\VietNamSon\OneDrive\Desktop\Tai lieu chuong Cau Truc Cay\Cay_Nhi_Phan\BaiTapXuLyCay\Debug\link.9736-cvtres.read.1.tlog
C:\Users\VietNamSon\OneDrive\Desktop\Tai lieu chuong Cau Truc Cay\Cay_Nhi_Phan\BaiTapXuLyCay\Debug\link.9736-cvtres.write.1.tlog
C:\Users\VietNamSon\OneDrive\Desktop\Tai lieu chuong Cau Truc Cay\Cay_Nhi_Phan\BaiTapXuLyCay\Debug\link.9736-rc.read.1.tlog
C:\Users\VietNamSon\OneDrive\Desktop\Tai lieu chuong Cau Truc Cay\Cay_Nhi_Phan\BaiTapXuLyCay\Debug\link.9736-rc.write.1.tlog
C:\Users\VietNamSon\OneDrive\Desktop\Tai lieu chuong Cau Truc Cay\Cay_Nhi_Phan\BaiTapXuLyCay\Debug\link.9736.read.1.tlog
C:\Users\VietNamSon\OneDrive\Desktop\Tai lieu chuong Cau Truc Cay\Cay_Nhi_Phan\BaiTapXuLyCay\Debug\link.9736.write.1.tlog
C:\Users\VietNamSon\OneDrive\Desktop\Tai lieu chuong Cau Truc Cay\Cay_Nhi_Phan\BaiTapXuLyCay\Debug\link.9840-cvtres.read.1.tlog
C:\Users\VietNamSon\OneDrive\Desktop\Tai lieu chuong Cau Truc Cay\Cay_Nhi_Phan\BaiTapXuLyCay\Debug\link.9840-cvtres.write.1.tlog
C:\Users\VietNamSon\OneDrive\Desktop\Tai lieu chuong Cau Truc Cay\Cay_Nhi_Phan\BaiTapXuLyCay\Debug\link.9840-rc.read.1.tlog
C:\Users\VietNamSon\OneDrive\Desktop\Tai lieu chuong Cau Truc Cay\Cay_Nhi_Phan\BaiTapXuLyCay\Debug\link.9840-rc.write.1.tlog
C:\Users\VietNamSon\OneDrive\Desktop\Tai lieu chuong Cau Truc Cay\Cay_Nhi_Phan\BaiTapXuLyCay\Debug\link.9840.read.1.tlog
C:\Users\VietNamSon\OneDrive\Desktop\Tai lieu chuong Cau Truc Cay\Cay_Nhi_Phan\BaiTapXuLyCay\Debug\link.9840.write.1.tlog
C:\Users\VietNamSon\OneDrive\Desktop\Tai lieu chuong Cau Truc Cay\Cay_Nhi_Phan\BaiTapXuLyCay\Debug\link.command.1.tlog
C:\Users\VietNamSon\OneDrive\Desktop\Tai lieu chuong Cau Truc Cay\Cay_Nhi_Phan\BaiTapXuLyCay\Debug\link.read.1.tlog
C:\Users\VietNamSon\OneDrive\Desktop\Tai lieu chuong Cau Truc Cay\Cay_Nhi_Phan\BaiTapXuLyCay\Debug\link.write.1.tlog
C:\Users\VietNamSon\OneDrive\Desktop\Tai lieu chuong Cau Truc Cay\Cay_Nhi_Phan\BaiTapXuLyCay\Debug\vc110.idb
C:\Users\VietNamSon\OneDrive\Desktop\Tai lieu chuong Cau Truc Cay\Cay_Nhi_Phan\BaiTapXuLyCay\Debug\vc110.pdb
C:\Users\VietNamSon\OneDrive\Desktop\Tai lieu chuong Cau Truc Cay\Cay_Nhi_Phan\Debug\BaiTapXuLyCay.pdb
C:\Users\VietNamSon\OneDrive\Desktop\Tai lieu chuong Cau Truc Cay\Cay_Nhi_Phan\Debug\BaiTapXuLyCay.exe
C:\Users\VietNamSon\OneDrive\Desktop\Tai lieu chuong Cau Truc Cay\Cay_Nhi_Phan\Debug\BaiTapXuLyCay.ilk
