C:\USERS\VIETNAMSON\ONEDRIVE\DESKTOP\CAY_NHI_PHAN\BIEUDIENCAYBANGCAUTRUCLIENKET\DEBUG\SOURCE.OBJ
C:\USERS\VIETNAMSON\ONEDRIVE\DESKTOP\CAY_NHI_PHAN\BIEUDIENCAYBANGCAUTRUCLIENKET\DEBUG\VC110.PDB
C:\USERS\VIETNAMSON\ONEDRIVE\DESKTOP\CAY_NHI_PHAN\DEBUG\BIEUDIENCAYBANGCAUTRUCLIENKET.ILK
C:\USERS\VIETNAMSON\ONEDRIVE\DESKTOP\CAY_NHI_PHAN\DEBUG\BIEUDIENCAYBANGCAUTRUCLIENKET.EXE
C:\USERS\VIETNAMSON\ONEDRIVE\DESKTOP\CAY_NHI_PHAN\DEBUG\BIEUDIENCAYBANGCAUTRUCLIENKET.PDB
C:\Users\VietNamSon\OneDrive\Desktop\Tai lieu chuong Cau Truc Cay\Cay_Nhi_Phan\BieuDienCayBangCauTrucLienKet\Debug\Source.obj
C:\Users\VietNamSon\OneDrive\Desktop\Tai lieu chuong Cau Truc Cay\Cay_Nhi_Phan\BieuDienCayBangCauTrucLienKet\Debug\cl.command.1.tlog
C:\Users\VietNamSon\OneDrive\Desktop\Tai lieu chuong Cau Truc Cay\Cay_Nhi_Phan\BieuDienCayBangCauTrucLienKet\Debug\CL.read.1.tlog
C:\Users\VietNamSon\OneDrive\Desktop\Tai lieu chuong Cau Truc Cay\Cay_Nhi_Phan\BieuDienCayBangCauTrucLienKet\Debug\CL.write.1.tlog
C:\Users\VietNamSon\OneDrive\Desktop\Tai lieu chuong Cau Truc Cay\Cay_Nhi_Phan\BieuDienCayBangCauTrucLienKet\Debug\link-cvtres.read.1.tlog
C:\Users\VietNamSon\OneDrive\Desktop\Tai lieu chuong Cau Truc Cay\Cay_Nhi_Phan\BieuDienCayBangCauTrucLienKet\Debug\link-cvtres.write.1.tlog
C:\Users\VietNamSon\OneDrive\Desktop\Tai lieu chuong Cau Truc Cay\Cay_Nhi_Phan\BieuDienCayBangCauTrucLienKet\Debug\link-rc.read.1.tlog
C:\Users\VietNamSon\OneDrive\Desktop\Tai lieu chuong Cau Truc Cay\Cay_Nhi_Phan\BieuDienCayBangCauTrucLienKet\Debug\link-rc.write.1.tlog
C:\Users\VietNamSon\OneDrive\Desktop\Tai lieu chuong Cau Truc Cay\Cay_Nhi_Phan\BieuDienCayBangCauTrucLienKet\Debug\link.10484-cvtres.read.1.tlog
C:\Users\VietNamSon\OneDrive\Desktop\Tai lieu chuong Cau Truc Cay\Cay_Nhi_Phan\BieuDienCayBangCauTrucLienKet\Debug\link.10484-cvtres.write.1.tlog
C:\Users\VietNamSon\OneDrive\Desktop\Tai lieu chuong Cau Truc Cay\Cay_Nhi_Phan\BieuDienCayBangCauTrucLienKet\Debug\link.10484-rc.read.1.tlog
C:\Users\VietNamSon\OneDrive\Desktop\Tai lieu chuong Cau Truc Cay\Cay_Nhi_Phan\BieuDienCayBangCauTrucLienKet\Debug\link.10484-rc.write.1.tlog
C:\Users\VietNamSon\OneDrive\Desktop\Tai lieu chuong Cau Truc Cay\Cay_Nhi_Phan\BieuDienCayBangCauTrucLienKet\Debug\link.10484.read.1.tlog
C:\Users\VietNamSon\OneDrive\Desktop\Tai lieu chuong Cau Truc Cay\Cay_Nhi_Phan\BieuDienCayBangCauTrucLienKet\Debug\link.10484.write.1.tlog
C:\Users\VietNamSon\OneDrive\Desktop\Tai lieu chuong Cau Truc Cay\Cay_Nhi_Phan\BieuDienCayBangCauTrucLienKet\Debug\link.10872-cvtres.read.1.tlog
C:\Users\VietNamSon\OneDrive\Desktop\Tai lieu chuong Cau Truc Cay\Cay_Nhi_Phan\BieuDienCayBangCauTrucLienKet\Debug\link.10872-cvtres.write.1.tlog
C:\Users\VietNamSon\OneDrive\Desktop\Tai lieu chuong Cau Truc Cay\Cay_Nhi_Phan\BieuDienCayBangCauTrucLienKet\Debug\link.10872-rc.read.1.tlog
C:\Users\VietNamSon\OneDrive\Desktop\Tai lieu chuong Cau Truc Cay\Cay_Nhi_Phan\BieuDienCayBangCauTrucLienKet\Debug\link.10872-rc.write.1.tlog
C:\Users\VietNamSon\OneDrive\Desktop\Tai lieu chuong Cau Truc Cay\Cay_Nhi_Phan\BieuDienCayBangCauTrucLienKet\Debug\link.10872.read.1.tlog
C:\Users\VietNamSon\OneDrive\Desktop\Tai lieu chuong Cau Truc Cay\Cay_Nhi_Phan\BieuDienCayBangCauTrucLienKet\Debug\link.10872.write.1.tlog
C:\Users\VietNamSon\OneDrive\Desktop\Tai lieu chuong Cau Truc Cay\Cay_Nhi_Phan\BieuDienCayBangCauTrucLienKet\Debug\link.10880-cvtres.read.1.tlog
C:\Users\VietNamSon\OneDrive\Desktop\Tai lieu chuong Cau Truc Cay\Cay_Nhi_Phan\BieuDienCayBangCauTrucLienKet\Debug\link.10880-cvtres.write.1.tlog
C:\Users\VietNamSon\OneDrive\Desktop\Tai lieu chuong Cau Truc Cay\Cay_Nhi_Phan\BieuDienCayBangCauTrucLienKet\Debug\link.10880-rc.read.1.tlog
C:\Users\VietNamSon\OneDrive\Desktop\Tai lieu chuong Cau Truc Cay\Cay_Nhi_Phan\BieuDienCayBangCauTrucLienKet\Debug\link.10880-rc.write.1.tlog
C:\Users\VietNamSon\OneDrive\Desktop\Tai lieu chuong Cau Truc Cay\Cay_Nhi_Phan\BieuDienCayBangCauTrucLienKet\Debug\link.10880.read.1.tlog
C:\Users\VietNamSon\OneDrive\Desktop\Tai lieu chuong Cau Truc Cay\Cay_Nhi_Phan\BieuDienCayBangCauTrucLienKet\Debug\link.10880.write.1.tlog
C:\Users\VietNamSon\OneDrive\Desktop\Tai lieu chuong Cau Truc Cay\Cay_Nhi_Phan\BieuDienCayBangCauTrucLienKet\Debug\link.11456-cvtres.read.1.tlog
C:\Users\VietNamSon\OneDrive\Desktop\Tai lieu chuong Cau Truc Cay\Cay_Nhi_Phan\BieuDienCayBangCauTrucLienKet\Debug\link.11456-cvtres.write.1.tlog
C:\Users\VietNamSon\OneDrive\Desktop\Tai lieu chuong Cau Truc Cay\Cay_Nhi_Phan\BieuDienCayBangCauTrucLienKet\Debug\link.11456-rc.read.1.tlog
C:\Users\VietNamSon\OneDrive\Desktop\Tai lieu chuong Cau Truc Cay\Cay_Nhi_Phan\BieuDienCayBangCauTrucLienKet\Debug\link.11456-rc.write.1.tlog
C:\Users\VietNamSon\OneDrive\Desktop\Tai lieu chuong Cau Truc Cay\Cay_Nhi_Phan\BieuDienCayBangCauTrucLienKet\Debug\link.11456.read.1.tlog
C:\Users\VietNamSon\OneDrive\Desktop\Tai lieu chuong Cau Truc Cay\Cay_Nhi_Phan\BieuDienCayBangCauTrucLienKet\Debug\link.11456.write.1.tlog
C:\Users\VietNamSon\OneDrive\Desktop\Tai lieu chuong Cau Truc Cay\Cay_Nhi_Phan\BieuDienCayBangCauTrucLienKet\Debug\link.11844-cvtres.read.1.tlog
C:\Users\VietNamSon\OneDrive\Desktop\Tai lieu chuong Cau Truc Cay\Cay_Nhi_Phan\BieuDienCayBangCauTrucLienKet\Debug\link.11844-cvtres.write.1.tlog
C:\Users\VietNamSon\OneDrive\Desktop\Tai lieu chuong Cau Truc Cay\Cay_Nhi_Phan\BieuDienCayBangCauTrucLienKet\Debug\link.11844-rc.read.1.tlog
C:\Users\VietNamSon\OneDrive\Desktop\Tai lieu chuong Cau Truc Cay\Cay_Nhi_Phan\BieuDienCayBangCauTrucLienKet\Debug\link.11844-rc.write.1.tlog
C:\Users\VietNamSon\OneDrive\Desktop\Tai lieu chuong Cau Truc Cay\Cay_Nhi_Phan\BieuDienCayBangCauTrucLienKet\Debug\link.11844.read.1.tlog
C:\Users\VietNamSon\OneDrive\Desktop\Tai lieu chuong Cau Truc Cay\Cay_Nhi_Phan\BieuDienCayBangCauTrucLienKet\Debug\link.11844.write.1.tlog
C:\Users\VietNamSon\OneDrive\Desktop\Tai lieu chuong Cau Truc Cay\Cay_Nhi_Phan\BieuDienCayBangCauTrucLienKet\Debug\link.14124-cvtres.read.1.tlog
C:\Users\VietNamSon\OneDrive\Desktop\Tai lieu chuong Cau Truc Cay\Cay_Nhi_Phan\BieuDienCayBangCauTrucLienKet\Debug\link.14124-cvtres.write.1.tlog
C:\Users\VietNamSon\OneDrive\Desktop\Tai lieu chuong Cau Truc Cay\Cay_Nhi_Phan\BieuDienCayBangCauTrucLienKet\Debug\link.14124-rc.read.1.tlog
C:\Users\VietNamSon\OneDrive\Desktop\Tai lieu chuong Cau Truc Cay\Cay_Nhi_Phan\BieuDienCayBangCauTrucLienKet\Debug\link.14124-rc.write.1.tlog
C:\Users\VietNamSon\OneDrive\Desktop\Tai lieu chuong Cau Truc Cay\Cay_Nhi_Phan\BieuDienCayBangCauTrucLienKet\Debug\link.14124.read.1.tlog
C:\Users\VietNamSon\OneDrive\Desktop\Tai lieu chuong Cau Truc Cay\Cay_Nhi_Phan\BieuDienCayBangCauTrucLienKet\Debug\link.14124.write.1.tlog
C:\Users\VietNamSon\OneDrive\Desktop\Tai lieu chuong Cau Truc Cay\Cay_Nhi_Phan\BieuDienCayBangCauTrucLienKet\Debug\link.14988-cvtres.read.1.tlog
C:\Users\VietNamSon\OneDrive\Desktop\Tai lieu chuong Cau Truc Cay\Cay_Nhi_Phan\BieuDienCayBangCauTrucLienKet\Debug\link.14988-cvtres.write.1.tlog
C:\Users\VietNamSon\OneDrive\Desktop\Tai lieu chuong Cau Truc Cay\Cay_Nhi_Phan\BieuDienCayBangCauTrucLienKet\Debug\link.14988-rc.read.1.tlog
C:\Users\VietNamSon\OneDrive\Desktop\Tai lieu chuong Cau Truc Cay\Cay_Nhi_Phan\BieuDienCayBangCauTrucLienKet\Debug\link.14988-rc.write.1.tlog
C:\Users\VietNamSon\OneDrive\Desktop\Tai lieu chuong Cau Truc Cay\Cay_Nhi_Phan\BieuDienCayBangCauTrucLienKet\Debug\link.14988.read.1.tlog
C:\Users\VietNamSon\OneDrive\Desktop\Tai lieu chuong Cau Truc Cay\Cay_Nhi_Phan\BieuDienCayBangCauTrucLienKet\Debug\link.14988.write.1.tlog
C:\Users\VietNamSon\OneDrive\Desktop\Tai lieu chuong Cau Truc Cay\Cay_Nhi_Phan\BieuDienCayBangCauTrucLienKet\Debug\link.3856-cvtres.read.1.tlog
C:\Users\VietNamSon\OneDrive\Desktop\Tai lieu chuong Cau Truc Cay\Cay_Nhi_Phan\BieuDienCayBangCauTrucLienKet\Debug\link.3856-cvtres.write.1.tlog
C:\Users\VietNamSon\OneDrive\Desktop\Tai lieu chuong Cau Truc Cay\Cay_Nhi_Phan\BieuDienCayBangCauTrucLienKet\Debug\link.3856-rc.read.1.tlog
C:\Users\VietNamSon\OneDrive\Desktop\Tai lieu chuong Cau Truc Cay\Cay_Nhi_Phan\BieuDienCayBangCauTrucLienKet\Debug\link.3856-rc.write.1.tlog
C:\Users\VietNamSon\OneDrive\Desktop\Tai lieu chuong Cau Truc Cay\Cay_Nhi_Phan\BieuDienCayBangCauTrucLienKet\Debug\link.3856.read.1.tlog
C:\Users\VietNamSon\OneDrive\Desktop\Tai lieu chuong Cau Truc Cay\Cay_Nhi_Phan\BieuDienCayBangCauTrucLienKet\Debug\link.3856.write.1.tlog
C:\Users\VietNamSon\OneDrive\Desktop\Tai lieu chuong Cau Truc Cay\Cay_Nhi_Phan\BieuDienCayBangCauTrucLienKet\Debug\link.6940-cvtres.read.1.tlog
C:\Users\VietNamSon\OneDrive\Desktop\Tai lieu chuong Cau Truc Cay\Cay_Nhi_Phan\BieuDienCayBangCauTrucLienKet\Debug\link.6940-cvtres.write.1.tlog
C:\Users\VietNamSon\OneDrive\Desktop\Tai lieu chuong Cau Truc Cay\Cay_Nhi_Phan\BieuDienCayBangCauTrucLienKet\Debug\link.6940-rc.read.1.tlog
C:\Users\VietNamSon\OneDrive\Desktop\Tai lieu chuong Cau Truc Cay\Cay_Nhi_Phan\BieuDienCayBangCauTrucLienKet\Debug\link.6940-rc.write.1.tlog
C:\Users\VietNamSon\OneDrive\Desktop\Tai lieu chuong Cau Truc Cay\Cay_Nhi_Phan\BieuDienCayBangCauTrucLienKet\Debug\link.6940.read.1.tlog
C:\Users\VietNamSon\OneDrive\Desktop\Tai lieu chuong Cau Truc Cay\Cay_Nhi_Phan\BieuDienCayBangCauTrucLienKet\Debug\link.6940.write.1.tlog
C:\Users\VietNamSon\OneDrive\Desktop\Tai lieu chuong Cau Truc Cay\Cay_Nhi_Phan\BieuDienCayBangCauTrucLienKet\Debug\link.796-cvtres.read.1.tlog
C:\Users\VietNamSon\OneDrive\Desktop\Tai lieu chuong Cau Truc Cay\Cay_Nhi_Phan\BieuDienCayBangCauTrucLienKet\Debug\link.796-cvtres.write.1.tlog
C:\Users\VietNamSon\OneDrive\Desktop\Tai lieu chuong Cau Truc Cay\Cay_Nhi_Phan\BieuDienCayBangCauTrucLienKet\Debug\link.796-rc.read.1.tlog
C:\Users\VietNamSon\OneDrive\Desktop\Tai lieu chuong Cau Truc Cay\Cay_Nhi_Phan\BieuDienCayBangCauTrucLienKet\Debug\link.796-rc.write.1.tlog
C:\Users\VietNamSon\OneDrive\Desktop\Tai lieu chuong Cau Truc Cay\Cay_Nhi_Phan\BieuDienCayBangCauTrucLienKet\Debug\link.796.read.1.tlog
C:\Users\VietNamSon\OneDrive\Desktop\Tai lieu chuong Cau Truc Cay\Cay_Nhi_Phan\BieuDienCayBangCauTrucLienKet\Debug\link.796.write.1.tlog
C:\Users\VietNamSon\OneDrive\Desktop\Tai lieu chuong Cau Truc Cay\Cay_Nhi_Phan\BieuDienCayBangCauTrucLienKet\Debug\link.8260-cvtres.read.1.tlog
C:\Users\VietNamSon\OneDrive\Desktop\Tai lieu chuong Cau Truc Cay\Cay_Nhi_Phan\BieuDienCayBangCauTrucLienKet\Debug\link.8260-cvtres.write.1.tlog
C:\Users\VietNamSon\OneDrive\Desktop\Tai lieu chuong Cau Truc Cay\Cay_Nhi_Phan\BieuDienCayBangCauTrucLienKet\Debug\link.8260-rc.read.1.tlog
C:\Users\VietNamSon\OneDrive\Desktop\Tai lieu chuong Cau Truc Cay\Cay_Nhi_Phan\BieuDienCayBangCauTrucLienKet\Debug\link.8260-rc.write.1.tlog
C:\Users\VietNamSon\OneDrive\Desktop\Tai lieu chuong Cau Truc Cay\Cay_Nhi_Phan\BieuDienCayBangCauTrucLienKet\Debug\link.8260.read.1.tlog
C:\Users\VietNamSon\OneDrive\Desktop\Tai lieu chuong Cau Truc Cay\Cay_Nhi_Phan\BieuDienCayBangCauTrucLienKet\Debug\link.8260.write.1.tlog
C:\Users\VietNamSon\OneDrive\Desktop\Tai lieu chuong Cau Truc Cay\Cay_Nhi_Phan\BieuDienCayBangCauTrucLienKet\Debug\link.8772-cvtres.read.1.tlog
C:\Users\VietNamSon\OneDrive\Desktop\Tai lieu chuong Cau Truc Cay\Cay_Nhi_Phan\BieuDienCayBangCauTrucLienKet\Debug\link.8772-cvtres.write.1.tlog
C:\Users\VietNamSon\OneDrive\Desktop\Tai lieu chuong Cau Truc Cay\Cay_Nhi_Phan\BieuDienCayBangCauTrucLienKet\Debug\link.8772-rc.read.1.tlog
C:\Users\VietNamSon\OneDrive\Desktop\Tai lieu chuong Cau Truc Cay\Cay_Nhi_Phan\BieuDienCayBangCauTrucLienKet\Debug\link.8772-rc.write.1.tlog
C:\Users\VietNamSon\OneDrive\Desktop\Tai lieu chuong Cau Truc Cay\Cay_Nhi_Phan\BieuDienCayBangCauTrucLienKet\Debug\link.8772.read.1.tlog
C:\Users\VietNamSon\OneDrive\Desktop\Tai lieu chuong Cau Truc Cay\Cay_Nhi_Phan\BieuDienCayBangCauTrucLienKet\Debug\link.8772.write.1.tlog
C:\Users\VietNamSon\OneDrive\Desktop\Tai lieu chuong Cau Truc Cay\Cay_Nhi_Phan\BieuDienCayBangCauTrucLienKet\Debug\link.command.1.tlog
C:\Users\VietNamSon\OneDrive\Desktop\Tai lieu chuong Cau Truc Cay\Cay_Nhi_Phan\BieuDienCayBangCauTrucLienKet\Debug\link.read.1.tlog
C:\Users\VietNamSon\OneDrive\Desktop\Tai lieu chuong Cau Truc Cay\Cay_Nhi_Phan\BieuDienCayBangCauTrucLienKet\Debug\link.write.1.tlog
C:\Users\VietNamSon\OneDrive\Desktop\Tai lieu chuong Cau Truc Cay\Cay_Nhi_Phan\BieuDienCayBangCauTrucLienKet\Debug\vc110.idb
C:\Users\VietNamSon\OneDrive\Desktop\Tai lieu chuong Cau Truc Cay\Cay_Nhi_Phan\BieuDienCayBangCauTrucLienKet\Debug\vc110.pdb
