C:\USERS\VIETNAMSON\ONEDRIVE\DESKTOP\CAY_NHI_PHAN\BIEUDIENCAYBANGMANG1CHIEU\DEBUG\SOURCE.OBJ
C:\USERS\VIETNAMSON\ONEDRIVE\DESKTOP\CAY_NHI_PHAN\BIEUDIENCAYBANGMANG1CHIEU\DEBUG\VC110.PDB
C:\USERS\VIETNAMSON\ONEDRIVE\DESKTOP\CAY_NHI_PHAN\DEBUG\BIEUDIENCAYBANGMANG1CHIEU.ILK
C:\USERS\VIETNAMSON\ONEDRIVE\DESKTOP\CAY_NHI_PHAN\DEBUG\BIEUDIENCAYBANGMANG1CHIEU.EXE
C:\USERS\VIETNAMSON\ONEDRIVE\DESKTOP\CAY_NHI_PHAN\DEBUG\BIEUDIENCAYBANGMANG1CHIEU.PDB
C:\Users\VietNamSon\OneDrive\Desktop\Tai lieu chuong Cau Truc Cay\Cay_Nhi_Phan\BieuDienCayBangMang1Chieu\Debug\Source.obj
C:\Users\VietNamSon\OneDrive\Desktop\Tai lieu chuong Cau Truc Cay\Cay_Nhi_Phan\BieuDienCayBangMang1Chieu\Debug\cl.command.1.tlog
C:\Users\VietNamSon\OneDrive\Desktop\Tai lieu chuong Cau Truc Cay\Cay_Nhi_Phan\BieuDienCayBangMang1Chieu\Debug\CL.read.1.tlog
C:\Users\VietNamSon\OneDrive\Desktop\Tai lieu chuong Cau Truc Cay\Cay_Nhi_Phan\BieuDienCayBangMang1Chieu\Debug\CL.write.1.tlog
C:\Users\VietNamSon\OneDrive\Desktop\Tai lieu chuong Cau Truc Cay\Cay_Nhi_Phan\BieuDienCayBangMang1Chieu\Debug\link-cvtres.read.1.tlog
C:\Users\VietNamSon\OneDrive\Desktop\Tai lieu chuong Cau Truc Cay\Cay_Nhi_Phan\BieuDienCayBangMang1Chieu\Debug\link-cvtres.write.1.tlog
C:\Users\VietNamSon\OneDrive\Desktop\Tai lieu chuong Cau Truc Cay\Cay_Nhi_Phan\BieuDienCayBangMang1Chieu\Debug\link-rc.read.1.tlog
C:\Users\VietNamSon\OneDrive\Desktop\Tai lieu chuong Cau Truc Cay\Cay_Nhi_Phan\BieuDienCayBangMang1Chieu\Debug\link-rc.write.1.tlog
C:\Users\VietNamSon\OneDrive\Desktop\Tai lieu chuong Cau Truc Cay\Cay_Nhi_Phan\BieuDienCayBangMang1Chieu\Debug\link.12560-cvtres.read.1.tlog
C:\Users\VietNamSon\OneDrive\Desktop\Tai lieu chuong Cau Truc Cay\Cay_Nhi_Phan\BieuDienCayBangMang1Chieu\Debug\link.12560-cvtres.write.1.tlog
C:\Users\VietNamSon\OneDrive\Desktop\Tai lieu chuong Cau Truc Cay\Cay_Nhi_Phan\BieuDienCayBangMang1Chieu\Debug\link.12560-rc.read.1.tlog
C:\Users\VietNamSon\OneDrive\Desktop\Tai lieu chuong Cau Truc Cay\Cay_Nhi_Phan\BieuDienCayBangMang1Chieu\Debug\link.12560-rc.write.1.tlog
C:\Users\VietNamSon\OneDrive\Desktop\Tai lieu chuong Cau Truc Cay\Cay_Nhi_Phan\BieuDienCayBangMang1Chieu\Debug\link.12560.read.1.tlog
C:\Users\VietNamSon\OneDrive\Desktop\Tai lieu chuong Cau Truc Cay\Cay_Nhi_Phan\BieuDienCayBangMang1Chieu\Debug\link.12560.write.1.tlog
C:\Users\VietNamSon\OneDrive\Desktop\Tai lieu chuong Cau Truc Cay\Cay_Nhi_Phan\BieuDienCayBangMang1Chieu\Debug\link.13344-cvtres.read.1.tlog
C:\Users\VietNamSon\OneDrive\Desktop\Tai lieu chuong Cau Truc Cay\Cay_Nhi_Phan\BieuDienCayBangMang1Chieu\Debug\link.13344-cvtres.write.1.tlog
C:\Users\VietNamSon\OneDrive\Desktop\Tai lieu chuong Cau Truc Cay\Cay_Nhi_Phan\BieuDienCayBangMang1Chieu\Debug\link.13344-rc.read.1.tlog
C:\Users\VietNamSon\OneDrive\Desktop\Tai lieu chuong Cau Truc Cay\Cay_Nhi_Phan\BieuDienCayBangMang1Chieu\Debug\link.13344-rc.write.1.tlog
C:\Users\VietNamSon\OneDrive\Desktop\Tai lieu chuong Cau Truc Cay\Cay_Nhi_Phan\BieuDienCayBangMang1Chieu\Debug\link.13344.read.1.tlog
C:\Users\VietNamSon\OneDrive\Desktop\Tai lieu chuong Cau Truc Cay\Cay_Nhi_Phan\BieuDienCayBangMang1Chieu\Debug\link.13344.write.1.tlog
C:\Users\VietNamSon\OneDrive\Desktop\Tai lieu chuong Cau Truc Cay\Cay_Nhi_Phan\BieuDienCayBangMang1Chieu\Debug\link.13752-cvtres.read.1.tlog
C:\Users\VietNamSon\OneDrive\Desktop\Tai lieu chuong Cau Truc Cay\Cay_Nhi_Phan\BieuDienCayBangMang1Chieu\Debug\link.13752-cvtres.write.1.tlog
C:\Users\VietNamSon\OneDrive\Desktop\Tai lieu chuong Cau Truc Cay\Cay_Nhi_Phan\BieuDienCayBangMang1Chieu\Debug\link.13752-rc.read.1.tlog
C:\Users\VietNamSon\OneDrive\Desktop\Tai lieu chuong Cau Truc Cay\Cay_Nhi_Phan\BieuDienCayBangMang1Chieu\Debug\link.13752-rc.write.1.tlog
C:\Users\VietNamSon\OneDrive\Desktop\Tai lieu chuong Cau Truc Cay\Cay_Nhi_Phan\BieuDienCayBangMang1Chieu\Debug\link.13752.read.1.tlog
C:\Users\VietNamSon\OneDrive\Desktop\Tai lieu chuong Cau Truc Cay\Cay_Nhi_Phan\BieuDienCayBangMang1Chieu\Debug\link.13752.write.1.tlog
C:\Users\VietNamSon\OneDrive\Desktop\Tai lieu chuong Cau Truc Cay\Cay_Nhi_Phan\BieuDienCayBangMang1Chieu\Debug\link.14236-cvtres.read.1.tlog
C:\Users\VietNamSon\OneDrive\Desktop\Tai lieu chuong Cau Truc Cay\Cay_Nhi_Phan\BieuDienCayBangMang1Chieu\Debug\link.14236-cvtres.write.1.tlog
C:\Users\VietNamSon\OneDrive\Desktop\Tai lieu chuong Cau Truc Cay\Cay_Nhi_Phan\BieuDienCayBangMang1Chieu\Debug\link.14236-rc.read.1.tlog
C:\Users\VietNamSon\OneDrive\Desktop\Tai lieu chuong Cau Truc Cay\Cay_Nhi_Phan\BieuDienCayBangMang1Chieu\Debug\link.14236-rc.write.1.tlog
C:\Users\VietNamSon\OneDrive\Desktop\Tai lieu chuong Cau Truc Cay\Cay_Nhi_Phan\BieuDienCayBangMang1Chieu\Debug\link.14236.read.1.tlog
C:\Users\VietNamSon\OneDrive\Desktop\Tai lieu chuong Cau Truc Cay\Cay_Nhi_Phan\BieuDienCayBangMang1Chieu\Debug\link.14236.write.1.tlog
C:\Users\VietNamSon\OneDrive\Desktop\Tai lieu chuong Cau Truc Cay\Cay_Nhi_Phan\BieuDienCayBangMang1Chieu\Debug\link.5692-cvtres.read.1.tlog
C:\Users\VietNamSon\OneDrive\Desktop\Tai lieu chuong Cau Truc Cay\Cay_Nhi_Phan\BieuDienCayBangMang1Chieu\Debug\link.5692-cvtres.write.1.tlog
C:\Users\VietNamSon\OneDrive\Desktop\Tai lieu chuong Cau Truc Cay\Cay_Nhi_Phan\BieuDienCayBangMang1Chieu\Debug\link.5692-rc.read.1.tlog
C:\Users\VietNamSon\OneDrive\Desktop\Tai lieu chuong Cau Truc Cay\Cay_Nhi_Phan\BieuDienCayBangMang1Chieu\Debug\link.5692-rc.write.1.tlog
C:\Users\VietNamSon\OneDrive\Desktop\Tai lieu chuong Cau Truc Cay\Cay_Nhi_Phan\BieuDienCayBangMang1Chieu\Debug\link.5692.read.1.tlog
C:\Users\VietNamSon\OneDrive\Desktop\Tai lieu chuong Cau Truc Cay\Cay_Nhi_Phan\BieuDienCayBangMang1Chieu\Debug\link.5692.write.1.tlog
C:\Users\VietNamSon\OneDrive\Desktop\Tai lieu chuong Cau Truc Cay\Cay_Nhi_Phan\BieuDienCayBangMang1Chieu\Debug\link.9588-cvtres.read.1.tlog
C:\Users\VietNamSon\OneDrive\Desktop\Tai lieu chuong Cau Truc Cay\Cay_Nhi_Phan\BieuDienCayBangMang1Chieu\Debug\link.9588-cvtres.write.1.tlog
C:\Users\VietNamSon\OneDrive\Desktop\Tai lieu chuong Cau Truc Cay\Cay_Nhi_Phan\BieuDienCayBangMang1Chieu\Debug\link.9588-rc.read.1.tlog
C:\Users\VietNamSon\OneDrive\Desktop\Tai lieu chuong Cau Truc Cay\Cay_Nhi_Phan\BieuDienCayBangMang1Chieu\Debug\link.9588-rc.write.1.tlog
C:\Users\VietNamSon\OneDrive\Desktop\Tai lieu chuong Cau Truc Cay\Cay_Nhi_Phan\BieuDienCayBangMang1Chieu\Debug\link.9588.read.1.tlog
C:\Users\VietNamSon\OneDrive\Desktop\Tai lieu chuong Cau Truc Cay\Cay_Nhi_Phan\BieuDienCayBangMang1Chieu\Debug\link.9588.write.1.tlog
C:\Users\VietNamSon\OneDrive\Desktop\Tai lieu chuong Cau Truc Cay\Cay_Nhi_Phan\BieuDienCayBangMang1Chieu\Debug\link.9772-cvtres.read.1.tlog
C:\Users\VietNamSon\OneDrive\Desktop\Tai lieu chuong Cau Truc Cay\Cay_Nhi_Phan\BieuDienCayBangMang1Chieu\Debug\link.9772-cvtres.write.1.tlog
C:\Users\VietNamSon\OneDrive\Desktop\Tai lieu chuong Cau Truc Cay\Cay_Nhi_Phan\BieuDienCayBangMang1Chieu\Debug\link.9772-rc.read.1.tlog
C:\Users\VietNamSon\OneDrive\Desktop\Tai lieu chuong Cau Truc Cay\Cay_Nhi_Phan\BieuDienCayBangMang1Chieu\Debug\link.9772-rc.write.1.tlog
C:\Users\VietNamSon\OneDrive\Desktop\Tai lieu chuong Cau Truc Cay\Cay_Nhi_Phan\BieuDienCayBangMang1Chieu\Debug\link.9772.read.1.tlog
C:\Users\VietNamSon\OneDrive\Desktop\Tai lieu chuong Cau Truc Cay\Cay_Nhi_Phan\BieuDienCayBangMang1Chieu\Debug\link.9772.write.1.tlog
C:\Users\VietNamSon\OneDrive\Desktop\Tai lieu chuong Cau Truc Cay\Cay_Nhi_Phan\BieuDienCayBangMang1Chieu\Debug\link.command.1.tlog
C:\Users\VietNamSon\OneDrive\Desktop\Tai lieu chuong Cau Truc Cay\Cay_Nhi_Phan\BieuDienCayBangMang1Chieu\Debug\link.read.1.tlog
C:\Users\VietNamSon\OneDrive\Desktop\Tai lieu chuong Cau Truc Cay\Cay_Nhi_Phan\BieuDienCayBangMang1Chieu\Debug\link.write.1.tlog
C:\Users\VietNamSon\OneDrive\Desktop\Tai lieu chuong Cau Truc Cay\Cay_Nhi_Phan\BieuDienCayBangMang1Chieu\Debug\vc110.idb
C:\Users\VietNamSon\OneDrive\Desktop\Tai lieu chuong Cau Truc Cay\Cay_Nhi_Phan\BieuDienCayBangMang1Chieu\Debug\vc110.pdb
