C:\USERS\VIETNAMSON\ONEDRIVE\DESKTOP\TAI LIEU CHUONG CAU TRUC CAY\CAY_NHI_PHAN_TIM_KIEM\DEMO_TAOVAXULYCAY\DEBUG\SOURCE.OBJ
C:\USERS\VIETNAMSON\ONEDRIVE\DESKTOP\TAI LIEU CHUONG CAU TRUC CAY\CAY_NHI_PHAN_TIM_KIEM\DEMO_TAOVAXULYCAY\DEBUG\VC110.PDB
C:\USERS\VIETNAMSON\ONEDRIVE\DESKTOP\TAI LIEU CHUONG CAU TRUC CAY\CAY_NHI_PHAN_TIM_KIEM\DEBUG\DEMO_TAOVAXULYCAY.ILK
C:\USERS\VIETNAMSON\ONEDRIVE\DESKTOP\TAI LIEU CHUONG CAU TRUC CAY\CAY_NHI_PHAN_TIM_KIEM\DEBUG\DEMO_TAOVAXULYCAY.EXE
C:\USERS\VIETNAMSON\ONEDRIVE\DESKTOP\TAI LIEU CHUONG CAU TRUC CAY\CAY_NHI_PHAN_TIM_KIEM\DEBUG\DEMO_TAOVAXULYCAY.PDB
C:\Users\VietNamSon\OneDrive\Desktop\Tai lieu chuong Cau Truc Cay\Cay_Nhi_Phan_Tim_Kiem\Demo_TaoVaXuLyCay\Debug\Source.obj
C:\Users\VietNamSon\OneDrive\Desktop\Tai lieu chuong Cau Truc Cay\Cay_Nhi_Phan_Tim_Kiem\Demo_TaoVaXuLyCay\Debug\cl.command.1.tlog
C:\Users\VietNamSon\OneDrive\Desktop\Tai lieu chuong Cau Truc Cay\Cay_Nhi_Phan_Tim_Kiem\Demo_TaoVaXuLyCay\Debug\CL.read.1.tlog
C:\Users\VietNamSon\OneDrive\Desktop\Tai lieu chuong Cau Truc Cay\Cay_Nhi_Phan_Tim_Kiem\Demo_TaoVaXuLyCay\Debug\CL.write.1.tlog
C:\Users\VietNamSon\OneDrive\Desktop\Tai lieu chuong Cau Truc Cay\Cay_Nhi_Phan_Tim_Kiem\Demo_TaoVaXuLyCay\Debug\link-cvtres.read.1.tlog
C:\Users\VietNamSon\OneDrive\Desktop\Tai lieu chuong Cau Truc Cay\Cay_Nhi_Phan_Tim_Kiem\Demo_TaoVaXuLyCay\Debug\link-cvtres.write.1.tlog
C:\Users\VietNamSon\OneDrive\Desktop\Tai lieu chuong Cau Truc Cay\Cay_Nhi_Phan_Tim_Kiem\Demo_TaoVaXuLyCay\Debug\link-rc.read.1.tlog
C:\Users\VietNamSon\OneDrive\Desktop\Tai lieu chuong Cau Truc Cay\Cay_Nhi_Phan_Tim_Kiem\Demo_TaoVaXuLyCay\Debug\link-rc.write.1.tlog
C:\Users\VietNamSon\OneDrive\Desktop\Tai lieu chuong Cau Truc Cay\Cay_Nhi_Phan_Tim_Kiem\Demo_TaoVaXuLyCay\Debug\link.10368-cvtres.read.1.tlog
C:\Users\VietNamSon\OneDrive\Desktop\Tai lieu chuong Cau Truc Cay\Cay_Nhi_Phan_Tim_Kiem\Demo_TaoVaXuLyCay\Debug\link.10368-cvtres.write.1.tlog
C:\Users\VietNamSon\OneDrive\Desktop\Tai lieu chuong Cau Truc Cay\Cay_Nhi_Phan_Tim_Kiem\Demo_TaoVaXuLyCay\Debug\link.10368-rc.read.1.tlog
C:\Users\VietNamSon\OneDrive\Desktop\Tai lieu chuong Cau Truc Cay\Cay_Nhi_Phan_Tim_Kiem\Demo_TaoVaXuLyCay\Debug\link.10368-rc.write.1.tlog
C:\Users\VietNamSon\OneDrive\Desktop\Tai lieu chuong Cau Truc Cay\Cay_Nhi_Phan_Tim_Kiem\Demo_TaoVaXuLyCay\Debug\link.10368.read.1.tlog
C:\Users\VietNamSon\OneDrive\Desktop\Tai lieu chuong Cau Truc Cay\Cay_Nhi_Phan_Tim_Kiem\Demo_TaoVaXuLyCay\Debug\link.10368.write.1.tlog
C:\Users\VietNamSon\OneDrive\Desktop\Tai lieu chuong Cau Truc Cay\Cay_Nhi_Phan_Tim_Kiem\Demo_TaoVaXuLyCay\Debug\link.10480-cvtres.read.1.tlog
C:\Users\VietNamSon\OneDrive\Desktop\Tai lieu chuong Cau Truc Cay\Cay_Nhi_Phan_Tim_Kiem\Demo_TaoVaXuLyCay\Debug\link.10480-cvtres.write.1.tlog
C:\Users\VietNamSon\OneDrive\Desktop\Tai lieu chuong Cau Truc Cay\Cay_Nhi_Phan_Tim_Kiem\Demo_TaoVaXuLyCay\Debug\link.10480-rc.read.1.tlog
C:\Users\VietNamSon\OneDrive\Desktop\Tai lieu chuong Cau Truc Cay\Cay_Nhi_Phan_Tim_Kiem\Demo_TaoVaXuLyCay\Debug\link.10480-rc.write.1.tlog
C:\Users\VietNamSon\OneDrive\Desktop\Tai lieu chuong Cau Truc Cay\Cay_Nhi_Phan_Tim_Kiem\Demo_TaoVaXuLyCay\Debug\link.10480.read.1.tlog
C:\Users\VietNamSon\OneDrive\Desktop\Tai lieu chuong Cau Truc Cay\Cay_Nhi_Phan_Tim_Kiem\Demo_TaoVaXuLyCay\Debug\link.10480.write.1.tlog
C:\Users\VietNamSon\OneDrive\Desktop\Tai lieu chuong Cau Truc Cay\Cay_Nhi_Phan_Tim_Kiem\Demo_TaoVaXuLyCay\Debug\link.10976.read.1.tlog
C:\Users\VietNamSon\OneDrive\Desktop\Tai lieu chuong Cau Truc Cay\Cay_Nhi_Phan_Tim_Kiem\Demo_TaoVaXuLyCay\Debug\link.10976.write.1.tlog
C:\Users\VietNamSon\OneDrive\Desktop\Tai lieu chuong Cau Truc Cay\Cay_Nhi_Phan_Tim_Kiem\Demo_TaoVaXuLyCay\Debug\link.11188-cvtres.read.1.tlog
C:\Users\VietNamSon\OneDrive\Desktop\Tai lieu chuong Cau Truc Cay\Cay_Nhi_Phan_Tim_Kiem\Demo_TaoVaXuLyCay\Debug\link.11188-cvtres.write.1.tlog
C:\Users\VietNamSon\OneDrive\Desktop\Tai lieu chuong Cau Truc Cay\Cay_Nhi_Phan_Tim_Kiem\Demo_TaoVaXuLyCay\Debug\link.11188-rc.read.1.tlog
C:\Users\VietNamSon\OneDrive\Desktop\Tai lieu chuong Cau Truc Cay\Cay_Nhi_Phan_Tim_Kiem\Demo_TaoVaXuLyCay\Debug\link.11188-rc.write.1.tlog
C:\Users\VietNamSon\OneDrive\Desktop\Tai lieu chuong Cau Truc Cay\Cay_Nhi_Phan_Tim_Kiem\Demo_TaoVaXuLyCay\Debug\link.11188.read.1.tlog
C:\Users\VietNamSon\OneDrive\Desktop\Tai lieu chuong Cau Truc Cay\Cay_Nhi_Phan_Tim_Kiem\Demo_TaoVaXuLyCay\Debug\link.11188.write.1.tlog
C:\Users\VietNamSon\OneDrive\Desktop\Tai lieu chuong Cau Truc Cay\Cay_Nhi_Phan_Tim_Kiem\Demo_TaoVaXuLyCay\Debug\link.11296-cvtres.read.1.tlog
C:\Users\VietNamSon\OneDrive\Desktop\Tai lieu chuong Cau Truc Cay\Cay_Nhi_Phan_Tim_Kiem\Demo_TaoVaXuLyCay\Debug\link.11296-cvtres.write.1.tlog
C:\Users\VietNamSon\OneDrive\Desktop\Tai lieu chuong Cau Truc Cay\Cay_Nhi_Phan_Tim_Kiem\Demo_TaoVaXuLyCay\Debug\link.11296-rc.read.1.tlog
C:\Users\VietNamSon\OneDrive\Desktop\Tai lieu chuong Cau Truc Cay\Cay_Nhi_Phan_Tim_Kiem\Demo_TaoVaXuLyCay\Debug\link.11296-rc.write.1.tlog
C:\Users\VietNamSon\OneDrive\Desktop\Tai lieu chuong Cau Truc Cay\Cay_Nhi_Phan_Tim_Kiem\Demo_TaoVaXuLyCay\Debug\link.11296.read.1.tlog
C:\Users\VietNamSon\OneDrive\Desktop\Tai lieu chuong Cau Truc Cay\Cay_Nhi_Phan_Tim_Kiem\Demo_TaoVaXuLyCay\Debug\link.11296.write.1.tlog
C:\Users\VietNamSon\OneDrive\Desktop\Tai lieu chuong Cau Truc Cay\Cay_Nhi_Phan_Tim_Kiem\Demo_TaoVaXuLyCay\Debug\link.11800-cvtres.read.1.tlog
C:\Users\VietNamSon\OneDrive\Desktop\Tai lieu chuong Cau Truc Cay\Cay_Nhi_Phan_Tim_Kiem\Demo_TaoVaXuLyCay\Debug\link.11800-cvtres.write.1.tlog
C:\Users\VietNamSon\OneDrive\Desktop\Tai lieu chuong Cau Truc Cay\Cay_Nhi_Phan_Tim_Kiem\Demo_TaoVaXuLyCay\Debug\link.11800-rc.read.1.tlog
C:\Users\VietNamSon\OneDrive\Desktop\Tai lieu chuong Cau Truc Cay\Cay_Nhi_Phan_Tim_Kiem\Demo_TaoVaXuLyCay\Debug\link.11800-rc.write.1.tlog
C:\Users\VietNamSon\OneDrive\Desktop\Tai lieu chuong Cau Truc Cay\Cay_Nhi_Phan_Tim_Kiem\Demo_TaoVaXuLyCay\Debug\link.11800.read.1.tlog
C:\Users\VietNamSon\OneDrive\Desktop\Tai lieu chuong Cau Truc Cay\Cay_Nhi_Phan_Tim_Kiem\Demo_TaoVaXuLyCay\Debug\link.11800.write.1.tlog
C:\Users\VietNamSon\OneDrive\Desktop\Tai lieu chuong Cau Truc Cay\Cay_Nhi_Phan_Tim_Kiem\Demo_TaoVaXuLyCay\Debug\link.11836-cvtres.read.1.tlog
C:\Users\VietNamSon\OneDrive\Desktop\Tai lieu chuong Cau Truc Cay\Cay_Nhi_Phan_Tim_Kiem\Demo_TaoVaXuLyCay\Debug\link.11836-cvtres.write.1.tlog
C:\Users\VietNamSon\OneDrive\Desktop\Tai lieu chuong Cau Truc Cay\Cay_Nhi_Phan_Tim_Kiem\Demo_TaoVaXuLyCay\Debug\link.11836-rc.read.1.tlog
C:\Users\VietNamSon\OneDrive\Desktop\Tai lieu chuong Cau Truc Cay\Cay_Nhi_Phan_Tim_Kiem\Demo_TaoVaXuLyCay\Debug\link.11836-rc.write.1.tlog
C:\Users\VietNamSon\OneDrive\Desktop\Tai lieu chuong Cau Truc Cay\Cay_Nhi_Phan_Tim_Kiem\Demo_TaoVaXuLyCay\Debug\link.11836.read.1.tlog
C:\Users\VietNamSon\OneDrive\Desktop\Tai lieu chuong Cau Truc Cay\Cay_Nhi_Phan_Tim_Kiem\Demo_TaoVaXuLyCay\Debug\link.11836.write.1.tlog
C:\Users\VietNamSon\OneDrive\Desktop\Tai lieu chuong Cau Truc Cay\Cay_Nhi_Phan_Tim_Kiem\Demo_TaoVaXuLyCay\Debug\link.120-cvtres.read.1.tlog
C:\Users\VietNamSon\OneDrive\Desktop\Tai lieu chuong Cau Truc Cay\Cay_Nhi_Phan_Tim_Kiem\Demo_TaoVaXuLyCay\Debug\link.120-cvtres.write.1.tlog
C:\Users\VietNamSon\OneDrive\Desktop\Tai lieu chuong Cau Truc Cay\Cay_Nhi_Phan_Tim_Kiem\Demo_TaoVaXuLyCay\Debug\link.120-rc.read.1.tlog
C:\Users\VietNamSon\OneDrive\Desktop\Tai lieu chuong Cau Truc Cay\Cay_Nhi_Phan_Tim_Kiem\Demo_TaoVaXuLyCay\Debug\link.120-rc.write.1.tlog
C:\Users\VietNamSon\OneDrive\Desktop\Tai lieu chuong Cau Truc Cay\Cay_Nhi_Phan_Tim_Kiem\Demo_TaoVaXuLyCay\Debug\link.120.read.1.tlog
C:\Users\VietNamSon\OneDrive\Desktop\Tai lieu chuong Cau Truc Cay\Cay_Nhi_Phan_Tim_Kiem\Demo_TaoVaXuLyCay\Debug\link.120.write.1.tlog
C:\Users\VietNamSon\OneDrive\Desktop\Tai lieu chuong Cau Truc Cay\Cay_Nhi_Phan_Tim_Kiem\Demo_TaoVaXuLyCay\Debug\link.12100-cvtres.read.1.tlog
C:\Users\VietNamSon\OneDrive\Desktop\Tai lieu chuong Cau Truc Cay\Cay_Nhi_Phan_Tim_Kiem\Demo_TaoVaXuLyCay\Debug\link.12100-cvtres.write.1.tlog
C:\Users\VietNamSon\OneDrive\Desktop\Tai lieu chuong Cau Truc Cay\Cay_Nhi_Phan_Tim_Kiem\Demo_TaoVaXuLyCay\Debug\link.12100-rc.read.1.tlog
C:\Users\VietNamSon\OneDrive\Desktop\Tai lieu chuong Cau Truc Cay\Cay_Nhi_Phan_Tim_Kiem\Demo_TaoVaXuLyCay\Debug\link.12100-rc.write.1.tlog
C:\Users\VietNamSon\OneDrive\Desktop\Tai lieu chuong Cau Truc Cay\Cay_Nhi_Phan_Tim_Kiem\Demo_TaoVaXuLyCay\Debug\link.12100.read.1.tlog
C:\Users\VietNamSon\OneDrive\Desktop\Tai lieu chuong Cau Truc Cay\Cay_Nhi_Phan_Tim_Kiem\Demo_TaoVaXuLyCay\Debug\link.12100.write.1.tlog
C:\Users\VietNamSon\OneDrive\Desktop\Tai lieu chuong Cau Truc Cay\Cay_Nhi_Phan_Tim_Kiem\Demo_TaoVaXuLyCay\Debug\link.1264-cvtres.read.1.tlog
C:\Users\VietNamSon\OneDrive\Desktop\Tai lieu chuong Cau Truc Cay\Cay_Nhi_Phan_Tim_Kiem\Demo_TaoVaXuLyCay\Debug\link.1264-cvtres.write.1.tlog
C:\Users\VietNamSon\OneDrive\Desktop\Tai lieu chuong Cau Truc Cay\Cay_Nhi_Phan_Tim_Kiem\Demo_TaoVaXuLyCay\Debug\link.1264-rc.read.1.tlog
C:\Users\VietNamSon\OneDrive\Desktop\Tai lieu chuong Cau Truc Cay\Cay_Nhi_Phan_Tim_Kiem\Demo_TaoVaXuLyCay\Debug\link.1264-rc.write.1.tlog
C:\Users\VietNamSon\OneDrive\Desktop\Tai lieu chuong Cau Truc Cay\Cay_Nhi_Phan_Tim_Kiem\Demo_TaoVaXuLyCay\Debug\link.1264.read.1.tlog
C:\Users\VietNamSon\OneDrive\Desktop\Tai lieu chuong Cau Truc Cay\Cay_Nhi_Phan_Tim_Kiem\Demo_TaoVaXuLyCay\Debug\link.1264.write.1.tlog
C:\Users\VietNamSon\OneDrive\Desktop\Tai lieu chuong Cau Truc Cay\Cay_Nhi_Phan_Tim_Kiem\Demo_TaoVaXuLyCay\Debug\link.12944-cvtres.read.1.tlog
C:\Users\VietNamSon\OneDrive\Desktop\Tai lieu chuong Cau Truc Cay\Cay_Nhi_Phan_Tim_Kiem\Demo_TaoVaXuLyCay\Debug\link.12944-cvtres.write.1.tlog
C:\Users\VietNamSon\OneDrive\Desktop\Tai lieu chuong Cau Truc Cay\Cay_Nhi_Phan_Tim_Kiem\Demo_TaoVaXuLyCay\Debug\link.12944-rc.read.1.tlog
C:\Users\VietNamSon\OneDrive\Desktop\Tai lieu chuong Cau Truc Cay\Cay_Nhi_Phan_Tim_Kiem\Demo_TaoVaXuLyCay\Debug\link.12944-rc.write.1.tlog
C:\Users\VietNamSon\OneDrive\Desktop\Tai lieu chuong Cau Truc Cay\Cay_Nhi_Phan_Tim_Kiem\Demo_TaoVaXuLyCay\Debug\link.12944.read.1.tlog
C:\Users\VietNamSon\OneDrive\Desktop\Tai lieu chuong Cau Truc Cay\Cay_Nhi_Phan_Tim_Kiem\Demo_TaoVaXuLyCay\Debug\link.12944.write.1.tlog
C:\Users\VietNamSon\OneDrive\Desktop\Tai lieu chuong Cau Truc Cay\Cay_Nhi_Phan_Tim_Kiem\Demo_TaoVaXuLyCay\Debug\link.1352-cvtres.read.1.tlog
C:\Users\VietNamSon\OneDrive\Desktop\Tai lieu chuong Cau Truc Cay\Cay_Nhi_Phan_Tim_Kiem\Demo_TaoVaXuLyCay\Debug\link.1352-cvtres.write.1.tlog
C:\Users\VietNamSon\OneDrive\Desktop\Tai lieu chuong Cau Truc Cay\Cay_Nhi_Phan_Tim_Kiem\Demo_TaoVaXuLyCay\Debug\link.1352-rc.read.1.tlog
C:\Users\VietNamSon\OneDrive\Desktop\Tai lieu chuong Cau Truc Cay\Cay_Nhi_Phan_Tim_Kiem\Demo_TaoVaXuLyCay\Debug\link.1352-rc.write.1.tlog
C:\Users\VietNamSon\OneDrive\Desktop\Tai lieu chuong Cau Truc Cay\Cay_Nhi_Phan_Tim_Kiem\Demo_TaoVaXuLyCay\Debug\link.1352.read.1.tlog
C:\Users\VietNamSon\OneDrive\Desktop\Tai lieu chuong Cau Truc Cay\Cay_Nhi_Phan_Tim_Kiem\Demo_TaoVaXuLyCay\Debug\link.1352.write.1.tlog
C:\Users\VietNamSon\OneDrive\Desktop\Tai lieu chuong Cau Truc Cay\Cay_Nhi_Phan_Tim_Kiem\Demo_TaoVaXuLyCay\Debug\link.13788-cvtres.read.1.tlog
C:\Users\VietNamSon\OneDrive\Desktop\Tai lieu chuong Cau Truc Cay\Cay_Nhi_Phan_Tim_Kiem\Demo_TaoVaXuLyCay\Debug\link.13788-cvtres.write.1.tlog
C:\Users\VietNamSon\OneDrive\Desktop\Tai lieu chuong Cau Truc Cay\Cay_Nhi_Phan_Tim_Kiem\Demo_TaoVaXuLyCay\Debug\link.13788-rc.read.1.tlog
C:\Users\VietNamSon\OneDrive\Desktop\Tai lieu chuong Cau Truc Cay\Cay_Nhi_Phan_Tim_Kiem\Demo_TaoVaXuLyCay\Debug\link.13788-rc.write.1.tlog
C:\Users\VietNamSon\OneDrive\Desktop\Tai lieu chuong Cau Truc Cay\Cay_Nhi_Phan_Tim_Kiem\Demo_TaoVaXuLyCay\Debug\link.13788.read.1.tlog
C:\Users\VietNamSon\OneDrive\Desktop\Tai lieu chuong Cau Truc Cay\Cay_Nhi_Phan_Tim_Kiem\Demo_TaoVaXuLyCay\Debug\link.13788.write.1.tlog
C:\Users\VietNamSon\OneDrive\Desktop\Tai lieu chuong Cau Truc Cay\Cay_Nhi_Phan_Tim_Kiem\Demo_TaoVaXuLyCay\Debug\link.13956-cvtres.read.1.tlog
C:\Users\VietNamSon\OneDrive\Desktop\Tai lieu chuong Cau Truc Cay\Cay_Nhi_Phan_Tim_Kiem\Demo_TaoVaXuLyCay\Debug\link.13956-cvtres.write.1.tlog
C:\Users\VietNamSon\OneDrive\Desktop\Tai lieu chuong Cau Truc Cay\Cay_Nhi_Phan_Tim_Kiem\Demo_TaoVaXuLyCay\Debug\link.13956-rc.read.1.tlog
C:\Users\VietNamSon\OneDrive\Desktop\Tai lieu chuong Cau Truc Cay\Cay_Nhi_Phan_Tim_Kiem\Demo_TaoVaXuLyCay\Debug\link.13956-rc.write.1.tlog
C:\Users\VietNamSon\OneDrive\Desktop\Tai lieu chuong Cau Truc Cay\Cay_Nhi_Phan_Tim_Kiem\Demo_TaoVaXuLyCay\Debug\link.13956.read.1.tlog
C:\Users\VietNamSon\OneDrive\Desktop\Tai lieu chuong Cau Truc Cay\Cay_Nhi_Phan_Tim_Kiem\Demo_TaoVaXuLyCay\Debug\link.13956.write.1.tlog
C:\Users\VietNamSon\OneDrive\Desktop\Tai lieu chuong Cau Truc Cay\Cay_Nhi_Phan_Tim_Kiem\Demo_TaoVaXuLyCay\Debug\link.14004-cvtres.read.1.tlog
C:\Users\VietNamSon\OneDrive\Desktop\Tai lieu chuong Cau Truc Cay\Cay_Nhi_Phan_Tim_Kiem\Demo_TaoVaXuLyCay\Debug\link.14004-cvtres.write.1.tlog
C:\Users\VietNamSon\OneDrive\Desktop\Tai lieu chuong Cau Truc Cay\Cay_Nhi_Phan_Tim_Kiem\Demo_TaoVaXuLyCay\Debug\link.14004-rc.read.1.tlog
C:\Users\VietNamSon\OneDrive\Desktop\Tai lieu chuong Cau Truc Cay\Cay_Nhi_Phan_Tim_Kiem\Demo_TaoVaXuLyCay\Debug\link.14004-rc.write.1.tlog
C:\Users\VietNamSon\OneDrive\Desktop\Tai lieu chuong Cau Truc Cay\Cay_Nhi_Phan_Tim_Kiem\Demo_TaoVaXuLyCay\Debug\link.14004.read.1.tlog
C:\Users\VietNamSon\OneDrive\Desktop\Tai lieu chuong Cau Truc Cay\Cay_Nhi_Phan_Tim_Kiem\Demo_TaoVaXuLyCay\Debug\link.14004.write.1.tlog
C:\Users\VietNamSon\OneDrive\Desktop\Tai lieu chuong Cau Truc Cay\Cay_Nhi_Phan_Tim_Kiem\Demo_TaoVaXuLyCay\Debug\link.14148-cvtres.read.1.tlog
C:\Users\VietNamSon\OneDrive\Desktop\Tai lieu chuong Cau Truc Cay\Cay_Nhi_Phan_Tim_Kiem\Demo_TaoVaXuLyCay\Debug\link.14148-cvtres.write.1.tlog
C:\Users\VietNamSon\OneDrive\Desktop\Tai lieu chuong Cau Truc Cay\Cay_Nhi_Phan_Tim_Kiem\Demo_TaoVaXuLyCay\Debug\link.14148-rc.read.1.tlog
C:\Users\VietNamSon\OneDrive\Desktop\Tai lieu chuong Cau Truc Cay\Cay_Nhi_Phan_Tim_Kiem\Demo_TaoVaXuLyCay\Debug\link.14148-rc.write.1.tlog
C:\Users\VietNamSon\OneDrive\Desktop\Tai lieu chuong Cau Truc Cay\Cay_Nhi_Phan_Tim_Kiem\Demo_TaoVaXuLyCay\Debug\link.14148.read.1.tlog
C:\Users\VietNamSon\OneDrive\Desktop\Tai lieu chuong Cau Truc Cay\Cay_Nhi_Phan_Tim_Kiem\Demo_TaoVaXuLyCay\Debug\link.14148.write.1.tlog
C:\Users\VietNamSon\OneDrive\Desktop\Tai lieu chuong Cau Truc Cay\Cay_Nhi_Phan_Tim_Kiem\Demo_TaoVaXuLyCay\Debug\link.14456-cvtres.read.1.tlog
C:\Users\VietNamSon\OneDrive\Desktop\Tai lieu chuong Cau Truc Cay\Cay_Nhi_Phan_Tim_Kiem\Demo_TaoVaXuLyCay\Debug\link.14456-cvtres.write.1.tlog
C:\Users\VietNamSon\OneDrive\Desktop\Tai lieu chuong Cau Truc Cay\Cay_Nhi_Phan_Tim_Kiem\Demo_TaoVaXuLyCay\Debug\link.14456-rc.read.1.tlog
C:\Users\VietNamSon\OneDrive\Desktop\Tai lieu chuong Cau Truc Cay\Cay_Nhi_Phan_Tim_Kiem\Demo_TaoVaXuLyCay\Debug\link.14456-rc.write.1.tlog
C:\Users\VietNamSon\OneDrive\Desktop\Tai lieu chuong Cau Truc Cay\Cay_Nhi_Phan_Tim_Kiem\Demo_TaoVaXuLyCay\Debug\link.14456.read.1.tlog
C:\Users\VietNamSon\OneDrive\Desktop\Tai lieu chuong Cau Truc Cay\Cay_Nhi_Phan_Tim_Kiem\Demo_TaoVaXuLyCay\Debug\link.14456.write.1.tlog
C:\Users\VietNamSon\OneDrive\Desktop\Tai lieu chuong Cau Truc Cay\Cay_Nhi_Phan_Tim_Kiem\Demo_TaoVaXuLyCay\Debug\link.15832-cvtres.read.1.tlog
C:\Users\VietNamSon\OneDrive\Desktop\Tai lieu chuong Cau Truc Cay\Cay_Nhi_Phan_Tim_Kiem\Demo_TaoVaXuLyCay\Debug\link.15832-cvtres.write.1.tlog
C:\Users\VietNamSon\OneDrive\Desktop\Tai lieu chuong Cau Truc Cay\Cay_Nhi_Phan_Tim_Kiem\Demo_TaoVaXuLyCay\Debug\link.15832-rc.read.1.tlog
C:\Users\VietNamSon\OneDrive\Desktop\Tai lieu chuong Cau Truc Cay\Cay_Nhi_Phan_Tim_Kiem\Demo_TaoVaXuLyCay\Debug\link.15832-rc.write.1.tlog
C:\Users\VietNamSon\OneDrive\Desktop\Tai lieu chuong Cau Truc Cay\Cay_Nhi_Phan_Tim_Kiem\Demo_TaoVaXuLyCay\Debug\link.15832.read.1.tlog
C:\Users\VietNamSon\OneDrive\Desktop\Tai lieu chuong Cau Truc Cay\Cay_Nhi_Phan_Tim_Kiem\Demo_TaoVaXuLyCay\Debug\link.15832.write.1.tlog
C:\Users\VietNamSon\OneDrive\Desktop\Tai lieu chuong Cau Truc Cay\Cay_Nhi_Phan_Tim_Kiem\Demo_TaoVaXuLyCay\Debug\link.15940-cvtres.read.1.tlog
C:\Users\VietNamSon\OneDrive\Desktop\Tai lieu chuong Cau Truc Cay\Cay_Nhi_Phan_Tim_Kiem\Demo_TaoVaXuLyCay\Debug\link.15940-cvtres.write.1.tlog
C:\Users\VietNamSon\OneDrive\Desktop\Tai lieu chuong Cau Truc Cay\Cay_Nhi_Phan_Tim_Kiem\Demo_TaoVaXuLyCay\Debug\link.15940-rc.read.1.tlog
C:\Users\VietNamSon\OneDrive\Desktop\Tai lieu chuong Cau Truc Cay\Cay_Nhi_Phan_Tim_Kiem\Demo_TaoVaXuLyCay\Debug\link.15940-rc.write.1.tlog
C:\Users\VietNamSon\OneDrive\Desktop\Tai lieu chuong Cau Truc Cay\Cay_Nhi_Phan_Tim_Kiem\Demo_TaoVaXuLyCay\Debug\link.15940.read.1.tlog
C:\Users\VietNamSon\OneDrive\Desktop\Tai lieu chuong Cau Truc Cay\Cay_Nhi_Phan_Tim_Kiem\Demo_TaoVaXuLyCay\Debug\link.15940.write.1.tlog
C:\Users\VietNamSon\OneDrive\Desktop\Tai lieu chuong Cau Truc Cay\Cay_Nhi_Phan_Tim_Kiem\Demo_TaoVaXuLyCay\Debug\link.16168-cvtres.read.1.tlog
C:\Users\VietNamSon\OneDrive\Desktop\Tai lieu chuong Cau Truc Cay\Cay_Nhi_Phan_Tim_Kiem\Demo_TaoVaXuLyCay\Debug\link.16168-cvtres.write.1.tlog
C:\Users\VietNamSon\OneDrive\Desktop\Tai lieu chuong Cau Truc Cay\Cay_Nhi_Phan_Tim_Kiem\Demo_TaoVaXuLyCay\Debug\link.16168-rc.read.1.tlog
C:\Users\VietNamSon\OneDrive\Desktop\Tai lieu chuong Cau Truc Cay\Cay_Nhi_Phan_Tim_Kiem\Demo_TaoVaXuLyCay\Debug\link.16168-rc.write.1.tlog
C:\Users\VietNamSon\OneDrive\Desktop\Tai lieu chuong Cau Truc Cay\Cay_Nhi_Phan_Tim_Kiem\Demo_TaoVaXuLyCay\Debug\link.16168.read.1.tlog
C:\Users\VietNamSon\OneDrive\Desktop\Tai lieu chuong Cau Truc Cay\Cay_Nhi_Phan_Tim_Kiem\Demo_TaoVaXuLyCay\Debug\link.16168.write.1.tlog
C:\Users\VietNamSon\OneDrive\Desktop\Tai lieu chuong Cau Truc Cay\Cay_Nhi_Phan_Tim_Kiem\Demo_TaoVaXuLyCay\Debug\link.16424-cvtres.read.1.tlog
C:\Users\VietNamSon\OneDrive\Desktop\Tai lieu chuong Cau Truc Cay\Cay_Nhi_Phan_Tim_Kiem\Demo_TaoVaXuLyCay\Debug\link.16424-cvtres.write.1.tlog
C:\Users\VietNamSon\OneDrive\Desktop\Tai lieu chuong Cau Truc Cay\Cay_Nhi_Phan_Tim_Kiem\Demo_TaoVaXuLyCay\Debug\link.16424-rc.read.1.tlog
C:\Users\VietNamSon\OneDrive\Desktop\Tai lieu chuong Cau Truc Cay\Cay_Nhi_Phan_Tim_Kiem\Demo_TaoVaXuLyCay\Debug\link.16424-rc.write.1.tlog
C:\Users\VietNamSon\OneDrive\Desktop\Tai lieu chuong Cau Truc Cay\Cay_Nhi_Phan_Tim_Kiem\Demo_TaoVaXuLyCay\Debug\link.16424.read.1.tlog
C:\Users\VietNamSon\OneDrive\Desktop\Tai lieu chuong Cau Truc Cay\Cay_Nhi_Phan_Tim_Kiem\Demo_TaoVaXuLyCay\Debug\link.16424.write.1.tlog
C:\Users\VietNamSon\OneDrive\Desktop\Tai lieu chuong Cau Truc Cay\Cay_Nhi_Phan_Tim_Kiem\Demo_TaoVaXuLyCay\Debug\link.16648-cvtres.read.1.tlog
C:\Users\VietNamSon\OneDrive\Desktop\Tai lieu chuong Cau Truc Cay\Cay_Nhi_Phan_Tim_Kiem\Demo_TaoVaXuLyCay\Debug\link.16648-cvtres.write.1.tlog
C:\Users\VietNamSon\OneDrive\Desktop\Tai lieu chuong Cau Truc Cay\Cay_Nhi_Phan_Tim_Kiem\Demo_TaoVaXuLyCay\Debug\link.16648-rc.read.1.tlog
C:\Users\VietNamSon\OneDrive\Desktop\Tai lieu chuong Cau Truc Cay\Cay_Nhi_Phan_Tim_Kiem\Demo_TaoVaXuLyCay\Debug\link.16648-rc.write.1.tlog
C:\Users\VietNamSon\OneDrive\Desktop\Tai lieu chuong Cau Truc Cay\Cay_Nhi_Phan_Tim_Kiem\Demo_TaoVaXuLyCay\Debug\link.16648.read.1.tlog
C:\Users\VietNamSon\OneDrive\Desktop\Tai lieu chuong Cau Truc Cay\Cay_Nhi_Phan_Tim_Kiem\Demo_TaoVaXuLyCay\Debug\link.16648.write.1.tlog
C:\Users\VietNamSon\OneDrive\Desktop\Tai lieu chuong Cau Truc Cay\Cay_Nhi_Phan_Tim_Kiem\Demo_TaoVaXuLyCay\Debug\link.17148-cvtres.read.1.tlog
C:\Users\VietNamSon\OneDrive\Desktop\Tai lieu chuong Cau Truc Cay\Cay_Nhi_Phan_Tim_Kiem\Demo_TaoVaXuLyCay\Debug\link.17148-cvtres.write.1.tlog
C:\Users\VietNamSon\OneDrive\Desktop\Tai lieu chuong Cau Truc Cay\Cay_Nhi_Phan_Tim_Kiem\Demo_TaoVaXuLyCay\Debug\link.17148-rc.read.1.tlog
C:\Users\VietNamSon\OneDrive\Desktop\Tai lieu chuong Cau Truc Cay\Cay_Nhi_Phan_Tim_Kiem\Demo_TaoVaXuLyCay\Debug\link.17148-rc.write.1.tlog
C:\Users\VietNamSon\OneDrive\Desktop\Tai lieu chuong Cau Truc Cay\Cay_Nhi_Phan_Tim_Kiem\Demo_TaoVaXuLyCay\Debug\link.17148.read.1.tlog
C:\Users\VietNamSon\OneDrive\Desktop\Tai lieu chuong Cau Truc Cay\Cay_Nhi_Phan_Tim_Kiem\Demo_TaoVaXuLyCay\Debug\link.17148.write.1.tlog
C:\Users\VietNamSon\OneDrive\Desktop\Tai lieu chuong Cau Truc Cay\Cay_Nhi_Phan_Tim_Kiem\Demo_TaoVaXuLyCay\Debug\link.17172-cvtres.read.1.tlog
C:\Users\VietNamSon\OneDrive\Desktop\Tai lieu chuong Cau Truc Cay\Cay_Nhi_Phan_Tim_Kiem\Demo_TaoVaXuLyCay\Debug\link.17172-cvtres.write.1.tlog
C:\Users\VietNamSon\OneDrive\Desktop\Tai lieu chuong Cau Truc Cay\Cay_Nhi_Phan_Tim_Kiem\Demo_TaoVaXuLyCay\Debug\link.17172-rc.read.1.tlog
C:\Users\VietNamSon\OneDrive\Desktop\Tai lieu chuong Cau Truc Cay\Cay_Nhi_Phan_Tim_Kiem\Demo_TaoVaXuLyCay\Debug\link.17172-rc.write.1.tlog
C:\Users\VietNamSon\OneDrive\Desktop\Tai lieu chuong Cau Truc Cay\Cay_Nhi_Phan_Tim_Kiem\Demo_TaoVaXuLyCay\Debug\link.17172.read.1.tlog
C:\Users\VietNamSon\OneDrive\Desktop\Tai lieu chuong Cau Truc Cay\Cay_Nhi_Phan_Tim_Kiem\Demo_TaoVaXuLyCay\Debug\link.17172.write.1.tlog
C:\Users\VietNamSon\OneDrive\Desktop\Tai lieu chuong Cau Truc Cay\Cay_Nhi_Phan_Tim_Kiem\Demo_TaoVaXuLyCay\Debug\link.17296-cvtres.read.1.tlog
C:\Users\VietNamSon\OneDrive\Desktop\Tai lieu chuong Cau Truc Cay\Cay_Nhi_Phan_Tim_Kiem\Demo_TaoVaXuLyCay\Debug\link.17296-cvtres.write.1.tlog
C:\Users\VietNamSon\OneDrive\Desktop\Tai lieu chuong Cau Truc Cay\Cay_Nhi_Phan_Tim_Kiem\Demo_TaoVaXuLyCay\Debug\link.17296-rc.read.1.tlog
C:\Users\VietNamSon\OneDrive\Desktop\Tai lieu chuong Cau Truc Cay\Cay_Nhi_Phan_Tim_Kiem\Demo_TaoVaXuLyCay\Debug\link.17296-rc.write.1.tlog
C:\Users\VietNamSon\OneDrive\Desktop\Tai lieu chuong Cau Truc Cay\Cay_Nhi_Phan_Tim_Kiem\Demo_TaoVaXuLyCay\Debug\link.17296.read.1.tlog
C:\Users\VietNamSon\OneDrive\Desktop\Tai lieu chuong Cau Truc Cay\Cay_Nhi_Phan_Tim_Kiem\Demo_TaoVaXuLyCay\Debug\link.17296.write.1.tlog
C:\Users\VietNamSon\OneDrive\Desktop\Tai lieu chuong Cau Truc Cay\Cay_Nhi_Phan_Tim_Kiem\Demo_TaoVaXuLyCay\Debug\link.17352-cvtres.read.1.tlog
C:\Users\VietNamSon\OneDrive\Desktop\Tai lieu chuong Cau Truc Cay\Cay_Nhi_Phan_Tim_Kiem\Demo_TaoVaXuLyCay\Debug\link.17352-cvtres.write.1.tlog
C:\Users\VietNamSon\OneDrive\Desktop\Tai lieu chuong Cau Truc Cay\Cay_Nhi_Phan_Tim_Kiem\Demo_TaoVaXuLyCay\Debug\link.17352-rc.read.1.tlog
C:\Users\VietNamSon\OneDrive\Desktop\Tai lieu chuong Cau Truc Cay\Cay_Nhi_Phan_Tim_Kiem\Demo_TaoVaXuLyCay\Debug\link.17352-rc.write.1.tlog
C:\Users\VietNamSon\OneDrive\Desktop\Tai lieu chuong Cau Truc Cay\Cay_Nhi_Phan_Tim_Kiem\Demo_TaoVaXuLyCay\Debug\link.17352.read.1.tlog
C:\Users\VietNamSon\OneDrive\Desktop\Tai lieu chuong Cau Truc Cay\Cay_Nhi_Phan_Tim_Kiem\Demo_TaoVaXuLyCay\Debug\link.17352.write.1.tlog
C:\Users\VietNamSon\OneDrive\Desktop\Tai lieu chuong Cau Truc Cay\Cay_Nhi_Phan_Tim_Kiem\Demo_TaoVaXuLyCay\Debug\link.17380-cvtres.read.1.tlog
C:\Users\VietNamSon\OneDrive\Desktop\Tai lieu chuong Cau Truc Cay\Cay_Nhi_Phan_Tim_Kiem\Demo_TaoVaXuLyCay\Debug\link.17380-cvtres.write.1.tlog
C:\Users\VietNamSon\OneDrive\Desktop\Tai lieu chuong Cau Truc Cay\Cay_Nhi_Phan_Tim_Kiem\Demo_TaoVaXuLyCay\Debug\link.17380-rc.read.1.tlog
C:\Users\VietNamSon\OneDrive\Desktop\Tai lieu chuong Cau Truc Cay\Cay_Nhi_Phan_Tim_Kiem\Demo_TaoVaXuLyCay\Debug\link.17380-rc.write.1.tlog
C:\Users\VietNamSon\OneDrive\Desktop\Tai lieu chuong Cau Truc Cay\Cay_Nhi_Phan_Tim_Kiem\Demo_TaoVaXuLyCay\Debug\link.17380.read.1.tlog
C:\Users\VietNamSon\OneDrive\Desktop\Tai lieu chuong Cau Truc Cay\Cay_Nhi_Phan_Tim_Kiem\Demo_TaoVaXuLyCay\Debug\link.17380.write.1.tlog
C:\Users\VietNamSon\OneDrive\Desktop\Tai lieu chuong Cau Truc Cay\Cay_Nhi_Phan_Tim_Kiem\Demo_TaoVaXuLyCay\Debug\link.18088-cvtres.read.1.tlog
C:\Users\VietNamSon\OneDrive\Desktop\Tai lieu chuong Cau Truc Cay\Cay_Nhi_Phan_Tim_Kiem\Demo_TaoVaXuLyCay\Debug\link.18088-cvtres.write.1.tlog
C:\Users\VietNamSon\OneDrive\Desktop\Tai lieu chuong Cau Truc Cay\Cay_Nhi_Phan_Tim_Kiem\Demo_TaoVaXuLyCay\Debug\link.18088-rc.read.1.tlog
C:\Users\VietNamSon\OneDrive\Desktop\Tai lieu chuong Cau Truc Cay\Cay_Nhi_Phan_Tim_Kiem\Demo_TaoVaXuLyCay\Debug\link.18088-rc.write.1.tlog
C:\Users\VietNamSon\OneDrive\Desktop\Tai lieu chuong Cau Truc Cay\Cay_Nhi_Phan_Tim_Kiem\Demo_TaoVaXuLyCay\Debug\link.18088.read.1.tlog
C:\Users\VietNamSon\OneDrive\Desktop\Tai lieu chuong Cau Truc Cay\Cay_Nhi_Phan_Tim_Kiem\Demo_TaoVaXuLyCay\Debug\link.18088.write.1.tlog
C:\Users\VietNamSon\OneDrive\Desktop\Tai lieu chuong Cau Truc Cay\Cay_Nhi_Phan_Tim_Kiem\Demo_TaoVaXuLyCay\Debug\link.18120-cvtres.read.1.tlog
C:\Users\VietNamSon\OneDrive\Desktop\Tai lieu chuong Cau Truc Cay\Cay_Nhi_Phan_Tim_Kiem\Demo_TaoVaXuLyCay\Debug\link.18120-cvtres.write.1.tlog
C:\Users\VietNamSon\OneDrive\Desktop\Tai lieu chuong Cau Truc Cay\Cay_Nhi_Phan_Tim_Kiem\Demo_TaoVaXuLyCay\Debug\link.18120-rc.read.1.tlog
C:\Users\VietNamSon\OneDrive\Desktop\Tai lieu chuong Cau Truc Cay\Cay_Nhi_Phan_Tim_Kiem\Demo_TaoVaXuLyCay\Debug\link.18120-rc.write.1.tlog
C:\Users\VietNamSon\OneDrive\Desktop\Tai lieu chuong Cau Truc Cay\Cay_Nhi_Phan_Tim_Kiem\Demo_TaoVaXuLyCay\Debug\link.18120.read.1.tlog
C:\Users\VietNamSon\OneDrive\Desktop\Tai lieu chuong Cau Truc Cay\Cay_Nhi_Phan_Tim_Kiem\Demo_TaoVaXuLyCay\Debug\link.18120.write.1.tlog
C:\Users\VietNamSon\OneDrive\Desktop\Tai lieu chuong Cau Truc Cay\Cay_Nhi_Phan_Tim_Kiem\Demo_TaoVaXuLyCay\Debug\link.18124-cvtres.read.1.tlog
C:\Users\VietNamSon\OneDrive\Desktop\Tai lieu chuong Cau Truc Cay\Cay_Nhi_Phan_Tim_Kiem\Demo_TaoVaXuLyCay\Debug\link.18124-cvtres.write.1.tlog
C:\Users\VietNamSon\OneDrive\Desktop\Tai lieu chuong Cau Truc Cay\Cay_Nhi_Phan_Tim_Kiem\Demo_TaoVaXuLyCay\Debug\link.18124-rc.read.1.tlog
C:\Users\VietNamSon\OneDrive\Desktop\Tai lieu chuong Cau Truc Cay\Cay_Nhi_Phan_Tim_Kiem\Demo_TaoVaXuLyCay\Debug\link.18124-rc.write.1.tlog
C:\Users\VietNamSon\OneDrive\Desktop\Tai lieu chuong Cau Truc Cay\Cay_Nhi_Phan_Tim_Kiem\Demo_TaoVaXuLyCay\Debug\link.18124.read.1.tlog
C:\Users\VietNamSon\OneDrive\Desktop\Tai lieu chuong Cau Truc Cay\Cay_Nhi_Phan_Tim_Kiem\Demo_TaoVaXuLyCay\Debug\link.18124.write.1.tlog
C:\Users\VietNamSon\OneDrive\Desktop\Tai lieu chuong Cau Truc Cay\Cay_Nhi_Phan_Tim_Kiem\Demo_TaoVaXuLyCay\Debug\link.18356-cvtres.read.1.tlog
C:\Users\VietNamSon\OneDrive\Desktop\Tai lieu chuong Cau Truc Cay\Cay_Nhi_Phan_Tim_Kiem\Demo_TaoVaXuLyCay\Debug\link.18356-cvtres.write.1.tlog
C:\Users\VietNamSon\OneDrive\Desktop\Tai lieu chuong Cau Truc Cay\Cay_Nhi_Phan_Tim_Kiem\Demo_TaoVaXuLyCay\Debug\link.18356-rc.read.1.tlog
C:\Users\VietNamSon\OneDrive\Desktop\Tai lieu chuong Cau Truc Cay\Cay_Nhi_Phan_Tim_Kiem\Demo_TaoVaXuLyCay\Debug\link.18356-rc.write.1.tlog
C:\Users\VietNamSon\OneDrive\Desktop\Tai lieu chuong Cau Truc Cay\Cay_Nhi_Phan_Tim_Kiem\Demo_TaoVaXuLyCay\Debug\link.18356.read.1.tlog
C:\Users\VietNamSon\OneDrive\Desktop\Tai lieu chuong Cau Truc Cay\Cay_Nhi_Phan_Tim_Kiem\Demo_TaoVaXuLyCay\Debug\link.18356.write.1.tlog
C:\Users\VietNamSon\OneDrive\Desktop\Tai lieu chuong Cau Truc Cay\Cay_Nhi_Phan_Tim_Kiem\Demo_TaoVaXuLyCay\Debug\link.2032-cvtres.read.1.tlog
C:\Users\VietNamSon\OneDrive\Desktop\Tai lieu chuong Cau Truc Cay\Cay_Nhi_Phan_Tim_Kiem\Demo_TaoVaXuLyCay\Debug\link.2032-cvtres.write.1.tlog
C:\Users\VietNamSon\OneDrive\Desktop\Tai lieu chuong Cau Truc Cay\Cay_Nhi_Phan_Tim_Kiem\Demo_TaoVaXuLyCay\Debug\link.2032-rc.read.1.tlog
C:\Users\VietNamSon\OneDrive\Desktop\Tai lieu chuong Cau Truc Cay\Cay_Nhi_Phan_Tim_Kiem\Demo_TaoVaXuLyCay\Debug\link.2032-rc.write.1.tlog
C:\Users\VietNamSon\OneDrive\Desktop\Tai lieu chuong Cau Truc Cay\Cay_Nhi_Phan_Tim_Kiem\Demo_TaoVaXuLyCay\Debug\link.2032.read.1.tlog
C:\Users\VietNamSon\OneDrive\Desktop\Tai lieu chuong Cau Truc Cay\Cay_Nhi_Phan_Tim_Kiem\Demo_TaoVaXuLyCay\Debug\link.2032.write.1.tlog
C:\Users\VietNamSon\OneDrive\Desktop\Tai lieu chuong Cau Truc Cay\Cay_Nhi_Phan_Tim_Kiem\Demo_TaoVaXuLyCay\Debug\link.2052-cvtres.read.1.tlog
C:\Users\VietNamSon\OneDrive\Desktop\Tai lieu chuong Cau Truc Cay\Cay_Nhi_Phan_Tim_Kiem\Demo_TaoVaXuLyCay\Debug\link.2052-cvtres.write.1.tlog
C:\Users\VietNamSon\OneDrive\Desktop\Tai lieu chuong Cau Truc Cay\Cay_Nhi_Phan_Tim_Kiem\Demo_TaoVaXuLyCay\Debug\link.2052-rc.read.1.tlog
C:\Users\VietNamSon\OneDrive\Desktop\Tai lieu chuong Cau Truc Cay\Cay_Nhi_Phan_Tim_Kiem\Demo_TaoVaXuLyCay\Debug\link.2052-rc.write.1.tlog
C:\Users\VietNamSon\OneDrive\Desktop\Tai lieu chuong Cau Truc Cay\Cay_Nhi_Phan_Tim_Kiem\Demo_TaoVaXuLyCay\Debug\link.2052.read.1.tlog
C:\Users\VietNamSon\OneDrive\Desktop\Tai lieu chuong Cau Truc Cay\Cay_Nhi_Phan_Tim_Kiem\Demo_TaoVaXuLyCay\Debug\link.2052.write.1.tlog
C:\Users\VietNamSon\OneDrive\Desktop\Tai lieu chuong Cau Truc Cay\Cay_Nhi_Phan_Tim_Kiem\Demo_TaoVaXuLyCay\Debug\link.2212-cvtres.read.1.tlog
C:\Users\VietNamSon\OneDrive\Desktop\Tai lieu chuong Cau Truc Cay\Cay_Nhi_Phan_Tim_Kiem\Demo_TaoVaXuLyCay\Debug\link.2212-cvtres.write.1.tlog
C:\Users\VietNamSon\OneDrive\Desktop\Tai lieu chuong Cau Truc Cay\Cay_Nhi_Phan_Tim_Kiem\Demo_TaoVaXuLyCay\Debug\link.2212-rc.read.1.tlog
C:\Users\VietNamSon\OneDrive\Desktop\Tai lieu chuong Cau Truc Cay\Cay_Nhi_Phan_Tim_Kiem\Demo_TaoVaXuLyCay\Debug\link.2212-rc.write.1.tlog
C:\Users\VietNamSon\OneDrive\Desktop\Tai lieu chuong Cau Truc Cay\Cay_Nhi_Phan_Tim_Kiem\Demo_TaoVaXuLyCay\Debug\link.2212.read.1.tlog
C:\Users\VietNamSon\OneDrive\Desktop\Tai lieu chuong Cau Truc Cay\Cay_Nhi_Phan_Tim_Kiem\Demo_TaoVaXuLyCay\Debug\link.2212.write.1.tlog
C:\Users\VietNamSon\OneDrive\Desktop\Tai lieu chuong Cau Truc Cay\Cay_Nhi_Phan_Tim_Kiem\Demo_TaoVaXuLyCay\Debug\link.22600-cvtres.read.1.tlog
C:\Users\VietNamSon\OneDrive\Desktop\Tai lieu chuong Cau Truc Cay\Cay_Nhi_Phan_Tim_Kiem\Demo_TaoVaXuLyCay\Debug\link.22600-cvtres.write.1.tlog
C:\Users\VietNamSon\OneDrive\Desktop\Tai lieu chuong Cau Truc Cay\Cay_Nhi_Phan_Tim_Kiem\Demo_TaoVaXuLyCay\Debug\link.22600-rc.read.1.tlog
C:\Users\VietNamSon\OneDrive\Desktop\Tai lieu chuong Cau Truc Cay\Cay_Nhi_Phan_Tim_Kiem\Demo_TaoVaXuLyCay\Debug\link.22600-rc.write.1.tlog
C:\Users\VietNamSon\OneDrive\Desktop\Tai lieu chuong Cau Truc Cay\Cay_Nhi_Phan_Tim_Kiem\Demo_TaoVaXuLyCay\Debug\link.22600.read.1.tlog
C:\Users\VietNamSon\OneDrive\Desktop\Tai lieu chuong Cau Truc Cay\Cay_Nhi_Phan_Tim_Kiem\Demo_TaoVaXuLyCay\Debug\link.22600.write.1.tlog
C:\Users\VietNamSon\OneDrive\Desktop\Tai lieu chuong Cau Truc Cay\Cay_Nhi_Phan_Tim_Kiem\Demo_TaoVaXuLyCay\Debug\link.2396-cvtres.read.1.tlog
C:\Users\VietNamSon\OneDrive\Desktop\Tai lieu chuong Cau Truc Cay\Cay_Nhi_Phan_Tim_Kiem\Demo_TaoVaXuLyCay\Debug\link.2396-cvtres.write.1.tlog
C:\Users\VietNamSon\OneDrive\Desktop\Tai lieu chuong Cau Truc Cay\Cay_Nhi_Phan_Tim_Kiem\Demo_TaoVaXuLyCay\Debug\link.2396-rc.read.1.tlog
C:\Users\VietNamSon\OneDrive\Desktop\Tai lieu chuong Cau Truc Cay\Cay_Nhi_Phan_Tim_Kiem\Demo_TaoVaXuLyCay\Debug\link.2396-rc.write.1.tlog
C:\Users\VietNamSon\OneDrive\Desktop\Tai lieu chuong Cau Truc Cay\Cay_Nhi_Phan_Tim_Kiem\Demo_TaoVaXuLyCay\Debug\link.2396.read.1.tlog
C:\Users\VietNamSon\OneDrive\Desktop\Tai lieu chuong Cau Truc Cay\Cay_Nhi_Phan_Tim_Kiem\Demo_TaoVaXuLyCay\Debug\link.2396.write.1.tlog
C:\Users\VietNamSon\OneDrive\Desktop\Tai lieu chuong Cau Truc Cay\Cay_Nhi_Phan_Tim_Kiem\Demo_TaoVaXuLyCay\Debug\link.26752-cvtres.read.1.tlog
C:\Users\VietNamSon\OneDrive\Desktop\Tai lieu chuong Cau Truc Cay\Cay_Nhi_Phan_Tim_Kiem\Demo_TaoVaXuLyCay\Debug\link.26752-cvtres.write.1.tlog
C:\Users\VietNamSon\OneDrive\Desktop\Tai lieu chuong Cau Truc Cay\Cay_Nhi_Phan_Tim_Kiem\Demo_TaoVaXuLyCay\Debug\link.26752-rc.read.1.tlog
C:\Users\VietNamSon\OneDrive\Desktop\Tai lieu chuong Cau Truc Cay\Cay_Nhi_Phan_Tim_Kiem\Demo_TaoVaXuLyCay\Debug\link.26752-rc.write.1.tlog
C:\Users\VietNamSon\OneDrive\Desktop\Tai lieu chuong Cau Truc Cay\Cay_Nhi_Phan_Tim_Kiem\Demo_TaoVaXuLyCay\Debug\link.26752.read.1.tlog
C:\Users\VietNamSon\OneDrive\Desktop\Tai lieu chuong Cau Truc Cay\Cay_Nhi_Phan_Tim_Kiem\Demo_TaoVaXuLyCay\Debug\link.26752.write.1.tlog
C:\Users\VietNamSon\OneDrive\Desktop\Tai lieu chuong Cau Truc Cay\Cay_Nhi_Phan_Tim_Kiem\Demo_TaoVaXuLyCay\Debug\link.2792-cvtres.read.1.tlog
C:\Users\VietNamSon\OneDrive\Desktop\Tai lieu chuong Cau Truc Cay\Cay_Nhi_Phan_Tim_Kiem\Demo_TaoVaXuLyCay\Debug\link.2792-cvtres.write.1.tlog
C:\Users\VietNamSon\OneDrive\Desktop\Tai lieu chuong Cau Truc Cay\Cay_Nhi_Phan_Tim_Kiem\Demo_TaoVaXuLyCay\Debug\link.2792-rc.read.1.tlog
C:\Users\VietNamSon\OneDrive\Desktop\Tai lieu chuong Cau Truc Cay\Cay_Nhi_Phan_Tim_Kiem\Demo_TaoVaXuLyCay\Debug\link.2792-rc.write.1.tlog
C:\Users\VietNamSon\OneDrive\Desktop\Tai lieu chuong Cau Truc Cay\Cay_Nhi_Phan_Tim_Kiem\Demo_TaoVaXuLyCay\Debug\link.2792.read.1.tlog
C:\Users\VietNamSon\OneDrive\Desktop\Tai lieu chuong Cau Truc Cay\Cay_Nhi_Phan_Tim_Kiem\Demo_TaoVaXuLyCay\Debug\link.2792.write.1.tlog
C:\Users\VietNamSon\OneDrive\Desktop\Tai lieu chuong Cau Truc Cay\Cay_Nhi_Phan_Tim_Kiem\Demo_TaoVaXuLyCay\Debug\link.3460-cvtres.read.1.tlog
C:\Users\VietNamSon\OneDrive\Desktop\Tai lieu chuong Cau Truc Cay\Cay_Nhi_Phan_Tim_Kiem\Demo_TaoVaXuLyCay\Debug\link.3460-cvtres.write.1.tlog
C:\Users\VietNamSon\OneDrive\Desktop\Tai lieu chuong Cau Truc Cay\Cay_Nhi_Phan_Tim_Kiem\Demo_TaoVaXuLyCay\Debug\link.3460-rc.read.1.tlog
C:\Users\VietNamSon\OneDrive\Desktop\Tai lieu chuong Cau Truc Cay\Cay_Nhi_Phan_Tim_Kiem\Demo_TaoVaXuLyCay\Debug\link.3460-rc.write.1.tlog
C:\Users\VietNamSon\OneDrive\Desktop\Tai lieu chuong Cau Truc Cay\Cay_Nhi_Phan_Tim_Kiem\Demo_TaoVaXuLyCay\Debug\link.3460.read.1.tlog
C:\Users\VietNamSon\OneDrive\Desktop\Tai lieu chuong Cau Truc Cay\Cay_Nhi_Phan_Tim_Kiem\Demo_TaoVaXuLyCay\Debug\link.3460.write.1.tlog
C:\Users\VietNamSon\OneDrive\Desktop\Tai lieu chuong Cau Truc Cay\Cay_Nhi_Phan_Tim_Kiem\Demo_TaoVaXuLyCay\Debug\link.3604-cvtres.read.1.tlog
C:\Users\VietNamSon\OneDrive\Desktop\Tai lieu chuong Cau Truc Cay\Cay_Nhi_Phan_Tim_Kiem\Demo_TaoVaXuLyCay\Debug\link.3604-cvtres.write.1.tlog
C:\Users\VietNamSon\OneDrive\Desktop\Tai lieu chuong Cau Truc Cay\Cay_Nhi_Phan_Tim_Kiem\Demo_TaoVaXuLyCay\Debug\link.3604-rc.read.1.tlog
C:\Users\VietNamSon\OneDrive\Desktop\Tai lieu chuong Cau Truc Cay\Cay_Nhi_Phan_Tim_Kiem\Demo_TaoVaXuLyCay\Debug\link.3604-rc.write.1.tlog
C:\Users\VietNamSon\OneDrive\Desktop\Tai lieu chuong Cau Truc Cay\Cay_Nhi_Phan_Tim_Kiem\Demo_TaoVaXuLyCay\Debug\link.3604.read.1.tlog
C:\Users\VietNamSon\OneDrive\Desktop\Tai lieu chuong Cau Truc Cay\Cay_Nhi_Phan_Tim_Kiem\Demo_TaoVaXuLyCay\Debug\link.3604.write.1.tlog
C:\Users\VietNamSon\OneDrive\Desktop\Tai lieu chuong Cau Truc Cay\Cay_Nhi_Phan_Tim_Kiem\Demo_TaoVaXuLyCay\Debug\link.3804-cvtres.read.1.tlog
C:\Users\VietNamSon\OneDrive\Desktop\Tai lieu chuong Cau Truc Cay\Cay_Nhi_Phan_Tim_Kiem\Demo_TaoVaXuLyCay\Debug\link.3804-cvtres.write.1.tlog
C:\Users\VietNamSon\OneDrive\Desktop\Tai lieu chuong Cau Truc Cay\Cay_Nhi_Phan_Tim_Kiem\Demo_TaoVaXuLyCay\Debug\link.3804-rc.read.1.tlog
C:\Users\VietNamSon\OneDrive\Desktop\Tai lieu chuong Cau Truc Cay\Cay_Nhi_Phan_Tim_Kiem\Demo_TaoVaXuLyCay\Debug\link.3804-rc.write.1.tlog
C:\Users\VietNamSon\OneDrive\Desktop\Tai lieu chuong Cau Truc Cay\Cay_Nhi_Phan_Tim_Kiem\Demo_TaoVaXuLyCay\Debug\link.3804.read.1.tlog
C:\Users\VietNamSon\OneDrive\Desktop\Tai lieu chuong Cau Truc Cay\Cay_Nhi_Phan_Tim_Kiem\Demo_TaoVaXuLyCay\Debug\link.3804.write.1.tlog
C:\Users\VietNamSon\OneDrive\Desktop\Tai lieu chuong Cau Truc Cay\Cay_Nhi_Phan_Tim_Kiem\Demo_TaoVaXuLyCay\Debug\link.4252-cvtres.read.1.tlog
C:\Users\VietNamSon\OneDrive\Desktop\Tai lieu chuong Cau Truc Cay\Cay_Nhi_Phan_Tim_Kiem\Demo_TaoVaXuLyCay\Debug\link.4252-cvtres.write.1.tlog
C:\Users\VietNamSon\OneDrive\Desktop\Tai lieu chuong Cau Truc Cay\Cay_Nhi_Phan_Tim_Kiem\Demo_TaoVaXuLyCay\Debug\link.4252-rc.read.1.tlog
C:\Users\VietNamSon\OneDrive\Desktop\Tai lieu chuong Cau Truc Cay\Cay_Nhi_Phan_Tim_Kiem\Demo_TaoVaXuLyCay\Debug\link.4252-rc.write.1.tlog
C:\Users\VietNamSon\OneDrive\Desktop\Tai lieu chuong Cau Truc Cay\Cay_Nhi_Phan_Tim_Kiem\Demo_TaoVaXuLyCay\Debug\link.4252.read.1.tlog
C:\Users\VietNamSon\OneDrive\Desktop\Tai lieu chuong Cau Truc Cay\Cay_Nhi_Phan_Tim_Kiem\Demo_TaoVaXuLyCay\Debug\link.4252.write.1.tlog
C:\Users\VietNamSon\OneDrive\Desktop\Tai lieu chuong Cau Truc Cay\Cay_Nhi_Phan_Tim_Kiem\Demo_TaoVaXuLyCay\Debug\link.476-cvtres.read.1.tlog
C:\Users\VietNamSon\OneDrive\Desktop\Tai lieu chuong Cau Truc Cay\Cay_Nhi_Phan_Tim_Kiem\Demo_TaoVaXuLyCay\Debug\link.476-cvtres.write.1.tlog
C:\Users\VietNamSon\OneDrive\Desktop\Tai lieu chuong Cau Truc Cay\Cay_Nhi_Phan_Tim_Kiem\Demo_TaoVaXuLyCay\Debug\link.476-rc.read.1.tlog
C:\Users\VietNamSon\OneDrive\Desktop\Tai lieu chuong Cau Truc Cay\Cay_Nhi_Phan_Tim_Kiem\Demo_TaoVaXuLyCay\Debug\link.476-rc.write.1.tlog
C:\Users\VietNamSon\OneDrive\Desktop\Tai lieu chuong Cau Truc Cay\Cay_Nhi_Phan_Tim_Kiem\Demo_TaoVaXuLyCay\Debug\link.476.read.1.tlog
C:\Users\VietNamSon\OneDrive\Desktop\Tai lieu chuong Cau Truc Cay\Cay_Nhi_Phan_Tim_Kiem\Demo_TaoVaXuLyCay\Debug\link.476.write.1.tlog
C:\Users\VietNamSon\OneDrive\Desktop\Tai lieu chuong Cau Truc Cay\Cay_Nhi_Phan_Tim_Kiem\Demo_TaoVaXuLyCay\Debug\link.4932-cvtres.read.1.tlog
C:\Users\VietNamSon\OneDrive\Desktop\Tai lieu chuong Cau Truc Cay\Cay_Nhi_Phan_Tim_Kiem\Demo_TaoVaXuLyCay\Debug\link.4932-cvtres.write.1.tlog
C:\Users\VietNamSon\OneDrive\Desktop\Tai lieu chuong Cau Truc Cay\Cay_Nhi_Phan_Tim_Kiem\Demo_TaoVaXuLyCay\Debug\link.4932-rc.read.1.tlog
C:\Users\VietNamSon\OneDrive\Desktop\Tai lieu chuong Cau Truc Cay\Cay_Nhi_Phan_Tim_Kiem\Demo_TaoVaXuLyCay\Debug\link.4932-rc.write.1.tlog
C:\Users\VietNamSon\OneDrive\Desktop\Tai lieu chuong Cau Truc Cay\Cay_Nhi_Phan_Tim_Kiem\Demo_TaoVaXuLyCay\Debug\link.4932.read.1.tlog
C:\Users\VietNamSon\OneDrive\Desktop\Tai lieu chuong Cau Truc Cay\Cay_Nhi_Phan_Tim_Kiem\Demo_TaoVaXuLyCay\Debug\link.4932.write.1.tlog
C:\Users\VietNamSon\OneDrive\Desktop\Tai lieu chuong Cau Truc Cay\Cay_Nhi_Phan_Tim_Kiem\Demo_TaoVaXuLyCay\Debug\link.5196-cvtres.read.1.tlog
C:\Users\VietNamSon\OneDrive\Desktop\Tai lieu chuong Cau Truc Cay\Cay_Nhi_Phan_Tim_Kiem\Demo_TaoVaXuLyCay\Debug\link.5196-cvtres.write.1.tlog
C:\Users\VietNamSon\OneDrive\Desktop\Tai lieu chuong Cau Truc Cay\Cay_Nhi_Phan_Tim_Kiem\Demo_TaoVaXuLyCay\Debug\link.5196-rc.read.1.tlog
C:\Users\VietNamSon\OneDrive\Desktop\Tai lieu chuong Cau Truc Cay\Cay_Nhi_Phan_Tim_Kiem\Demo_TaoVaXuLyCay\Debug\link.5196-rc.write.1.tlog
C:\Users\VietNamSon\OneDrive\Desktop\Tai lieu chuong Cau Truc Cay\Cay_Nhi_Phan_Tim_Kiem\Demo_TaoVaXuLyCay\Debug\link.5196.read.1.tlog
C:\Users\VietNamSon\OneDrive\Desktop\Tai lieu chuong Cau Truc Cay\Cay_Nhi_Phan_Tim_Kiem\Demo_TaoVaXuLyCay\Debug\link.5196.write.1.tlog
C:\Users\VietNamSon\OneDrive\Desktop\Tai lieu chuong Cau Truc Cay\Cay_Nhi_Phan_Tim_Kiem\Demo_TaoVaXuLyCay\Debug\link.6148-cvtres.read.1.tlog
C:\Users\VietNamSon\OneDrive\Desktop\Tai lieu chuong Cau Truc Cay\Cay_Nhi_Phan_Tim_Kiem\Demo_TaoVaXuLyCay\Debug\link.6148-cvtres.write.1.tlog
C:\Users\VietNamSon\OneDrive\Desktop\Tai lieu chuong Cau Truc Cay\Cay_Nhi_Phan_Tim_Kiem\Demo_TaoVaXuLyCay\Debug\link.6148-rc.read.1.tlog
C:\Users\VietNamSon\OneDrive\Desktop\Tai lieu chuong Cau Truc Cay\Cay_Nhi_Phan_Tim_Kiem\Demo_TaoVaXuLyCay\Debug\link.6148-rc.write.1.tlog
C:\Users\VietNamSon\OneDrive\Desktop\Tai lieu chuong Cau Truc Cay\Cay_Nhi_Phan_Tim_Kiem\Demo_TaoVaXuLyCay\Debug\link.6148.read.1.tlog
C:\Users\VietNamSon\OneDrive\Desktop\Tai lieu chuong Cau Truc Cay\Cay_Nhi_Phan_Tim_Kiem\Demo_TaoVaXuLyCay\Debug\link.6148.write.1.tlog
C:\Users\VietNamSon\OneDrive\Desktop\Tai lieu chuong Cau Truc Cay\Cay_Nhi_Phan_Tim_Kiem\Demo_TaoVaXuLyCay\Debug\link.7344-cvtres.read.1.tlog
C:\Users\VietNamSon\OneDrive\Desktop\Tai lieu chuong Cau Truc Cay\Cay_Nhi_Phan_Tim_Kiem\Demo_TaoVaXuLyCay\Debug\link.7344-cvtres.write.1.tlog
C:\Users\VietNamSon\OneDrive\Desktop\Tai lieu chuong Cau Truc Cay\Cay_Nhi_Phan_Tim_Kiem\Demo_TaoVaXuLyCay\Debug\link.7344-rc.read.1.tlog
C:\Users\VietNamSon\OneDrive\Desktop\Tai lieu chuong Cau Truc Cay\Cay_Nhi_Phan_Tim_Kiem\Demo_TaoVaXuLyCay\Debug\link.7344-rc.write.1.tlog
C:\Users\VietNamSon\OneDrive\Desktop\Tai lieu chuong Cau Truc Cay\Cay_Nhi_Phan_Tim_Kiem\Demo_TaoVaXuLyCay\Debug\link.7344.read.1.tlog
C:\Users\VietNamSon\OneDrive\Desktop\Tai lieu chuong Cau Truc Cay\Cay_Nhi_Phan_Tim_Kiem\Demo_TaoVaXuLyCay\Debug\link.7344.write.1.tlog
C:\Users\VietNamSon\OneDrive\Desktop\Tai lieu chuong Cau Truc Cay\Cay_Nhi_Phan_Tim_Kiem\Demo_TaoVaXuLyCay\Debug\link.7532-cvtres.read.1.tlog
C:\Users\VietNamSon\OneDrive\Desktop\Tai lieu chuong Cau Truc Cay\Cay_Nhi_Phan_Tim_Kiem\Demo_TaoVaXuLyCay\Debug\link.7532-cvtres.write.1.tlog
C:\Users\VietNamSon\OneDrive\Desktop\Tai lieu chuong Cau Truc Cay\Cay_Nhi_Phan_Tim_Kiem\Demo_TaoVaXuLyCay\Debug\link.7532-rc.read.1.tlog
C:\Users\VietNamSon\OneDrive\Desktop\Tai lieu chuong Cau Truc Cay\Cay_Nhi_Phan_Tim_Kiem\Demo_TaoVaXuLyCay\Debug\link.7532-rc.write.1.tlog
C:\Users\VietNamSon\OneDrive\Desktop\Tai lieu chuong Cau Truc Cay\Cay_Nhi_Phan_Tim_Kiem\Demo_TaoVaXuLyCay\Debug\link.7532.read.1.tlog
C:\Users\VietNamSon\OneDrive\Desktop\Tai lieu chuong Cau Truc Cay\Cay_Nhi_Phan_Tim_Kiem\Demo_TaoVaXuLyCay\Debug\link.7532.write.1.tlog
C:\Users\VietNamSon\OneDrive\Desktop\Tai lieu chuong Cau Truc Cay\Cay_Nhi_Phan_Tim_Kiem\Demo_TaoVaXuLyCay\Debug\link.7776-cvtres.read.1.tlog
C:\Users\VietNamSon\OneDrive\Desktop\Tai lieu chuong Cau Truc Cay\Cay_Nhi_Phan_Tim_Kiem\Demo_TaoVaXuLyCay\Debug\link.7776-cvtres.write.1.tlog
C:\Users\VietNamSon\OneDrive\Desktop\Tai lieu chuong Cau Truc Cay\Cay_Nhi_Phan_Tim_Kiem\Demo_TaoVaXuLyCay\Debug\link.7776-rc.read.1.tlog
C:\Users\VietNamSon\OneDrive\Desktop\Tai lieu chuong Cau Truc Cay\Cay_Nhi_Phan_Tim_Kiem\Demo_TaoVaXuLyCay\Debug\link.7776-rc.write.1.tlog
C:\Users\VietNamSon\OneDrive\Desktop\Tai lieu chuong Cau Truc Cay\Cay_Nhi_Phan_Tim_Kiem\Demo_TaoVaXuLyCay\Debug\link.7776.read.1.tlog
C:\Users\VietNamSon\OneDrive\Desktop\Tai lieu chuong Cau Truc Cay\Cay_Nhi_Phan_Tim_Kiem\Demo_TaoVaXuLyCay\Debug\link.7776.write.1.tlog
C:\Users\VietNamSon\OneDrive\Desktop\Tai lieu chuong Cau Truc Cay\Cay_Nhi_Phan_Tim_Kiem\Demo_TaoVaXuLyCay\Debug\link.8188-cvtres.read.1.tlog
C:\Users\VietNamSon\OneDrive\Desktop\Tai lieu chuong Cau Truc Cay\Cay_Nhi_Phan_Tim_Kiem\Demo_TaoVaXuLyCay\Debug\link.8188-cvtres.write.1.tlog
C:\Users\VietNamSon\OneDrive\Desktop\Tai lieu chuong Cau Truc Cay\Cay_Nhi_Phan_Tim_Kiem\Demo_TaoVaXuLyCay\Debug\link.8188-rc.read.1.tlog
C:\Users\VietNamSon\OneDrive\Desktop\Tai lieu chuong Cau Truc Cay\Cay_Nhi_Phan_Tim_Kiem\Demo_TaoVaXuLyCay\Debug\link.8188-rc.write.1.tlog
C:\Users\VietNamSon\OneDrive\Desktop\Tai lieu chuong Cau Truc Cay\Cay_Nhi_Phan_Tim_Kiem\Demo_TaoVaXuLyCay\Debug\link.8188.read.1.tlog
C:\Users\VietNamSon\OneDrive\Desktop\Tai lieu chuong Cau Truc Cay\Cay_Nhi_Phan_Tim_Kiem\Demo_TaoVaXuLyCay\Debug\link.8188.write.1.tlog
C:\Users\VietNamSon\OneDrive\Desktop\Tai lieu chuong Cau Truc Cay\Cay_Nhi_Phan_Tim_Kiem\Demo_TaoVaXuLyCay\Debug\link.8500-cvtres.read.1.tlog
C:\Users\VietNamSon\OneDrive\Desktop\Tai lieu chuong Cau Truc Cay\Cay_Nhi_Phan_Tim_Kiem\Demo_TaoVaXuLyCay\Debug\link.8500-cvtres.write.1.tlog
C:\Users\VietNamSon\OneDrive\Desktop\Tai lieu chuong Cau Truc Cay\Cay_Nhi_Phan_Tim_Kiem\Demo_TaoVaXuLyCay\Debug\link.8500-rc.read.1.tlog
C:\Users\VietNamSon\OneDrive\Desktop\Tai lieu chuong Cau Truc Cay\Cay_Nhi_Phan_Tim_Kiem\Demo_TaoVaXuLyCay\Debug\link.8500-rc.write.1.tlog
C:\Users\VietNamSon\OneDrive\Desktop\Tai lieu chuong Cau Truc Cay\Cay_Nhi_Phan_Tim_Kiem\Demo_TaoVaXuLyCay\Debug\link.8500.read.1.tlog
C:\Users\VietNamSon\OneDrive\Desktop\Tai lieu chuong Cau Truc Cay\Cay_Nhi_Phan_Tim_Kiem\Demo_TaoVaXuLyCay\Debug\link.8500.write.1.tlog
C:\Users\VietNamSon\OneDrive\Desktop\Tai lieu chuong Cau Truc Cay\Cay_Nhi_Phan_Tim_Kiem\Demo_TaoVaXuLyCay\Debug\link.896-cvtres.read.1.tlog
C:\Users\VietNamSon\OneDrive\Desktop\Tai lieu chuong Cau Truc Cay\Cay_Nhi_Phan_Tim_Kiem\Demo_TaoVaXuLyCay\Debug\link.896-cvtres.write.1.tlog
C:\Users\VietNamSon\OneDrive\Desktop\Tai lieu chuong Cau Truc Cay\Cay_Nhi_Phan_Tim_Kiem\Demo_TaoVaXuLyCay\Debug\link.896-rc.read.1.tlog
C:\Users\VietNamSon\OneDrive\Desktop\Tai lieu chuong Cau Truc Cay\Cay_Nhi_Phan_Tim_Kiem\Demo_TaoVaXuLyCay\Debug\link.896-rc.write.1.tlog
C:\Users\VietNamSon\OneDrive\Desktop\Tai lieu chuong Cau Truc Cay\Cay_Nhi_Phan_Tim_Kiem\Demo_TaoVaXuLyCay\Debug\link.896.read.1.tlog
C:\Users\VietNamSon\OneDrive\Desktop\Tai lieu chuong Cau Truc Cay\Cay_Nhi_Phan_Tim_Kiem\Demo_TaoVaXuLyCay\Debug\link.896.write.1.tlog
C:\Users\VietNamSon\OneDrive\Desktop\Tai lieu chuong Cau Truc Cay\Cay_Nhi_Phan_Tim_Kiem\Demo_TaoVaXuLyCay\Debug\link.9000-cvtres.read.1.tlog
C:\Users\VietNamSon\OneDrive\Desktop\Tai lieu chuong Cau Truc Cay\Cay_Nhi_Phan_Tim_Kiem\Demo_TaoVaXuLyCay\Debug\link.9000-cvtres.write.1.tlog
C:\Users\VietNamSon\OneDrive\Desktop\Tai lieu chuong Cau Truc Cay\Cay_Nhi_Phan_Tim_Kiem\Demo_TaoVaXuLyCay\Debug\link.9000-rc.read.1.tlog
C:\Users\VietNamSon\OneDrive\Desktop\Tai lieu chuong Cau Truc Cay\Cay_Nhi_Phan_Tim_Kiem\Demo_TaoVaXuLyCay\Debug\link.9000-rc.write.1.tlog
C:\Users\VietNamSon\OneDrive\Desktop\Tai lieu chuong Cau Truc Cay\Cay_Nhi_Phan_Tim_Kiem\Demo_TaoVaXuLyCay\Debug\link.9000.read.1.tlog
C:\Users\VietNamSon\OneDrive\Desktop\Tai lieu chuong Cau Truc Cay\Cay_Nhi_Phan_Tim_Kiem\Demo_TaoVaXuLyCay\Debug\link.9000.write.1.tlog
C:\Users\VietNamSon\OneDrive\Desktop\Tai lieu chuong Cau Truc Cay\Cay_Nhi_Phan_Tim_Kiem\Demo_TaoVaXuLyCay\Debug\link.9320-cvtres.read.1.tlog
C:\Users\VietNamSon\OneDrive\Desktop\Tai lieu chuong Cau Truc Cay\Cay_Nhi_Phan_Tim_Kiem\Demo_TaoVaXuLyCay\Debug\link.9320-cvtres.write.1.tlog
C:\Users\VietNamSon\OneDrive\Desktop\Tai lieu chuong Cau Truc Cay\Cay_Nhi_Phan_Tim_Kiem\Demo_TaoVaXuLyCay\Debug\link.9320-rc.read.1.tlog
C:\Users\VietNamSon\OneDrive\Desktop\Tai lieu chuong Cau Truc Cay\Cay_Nhi_Phan_Tim_Kiem\Demo_TaoVaXuLyCay\Debug\link.9320-rc.write.1.tlog
C:\Users\VietNamSon\OneDrive\Desktop\Tai lieu chuong Cau Truc Cay\Cay_Nhi_Phan_Tim_Kiem\Demo_TaoVaXuLyCay\Debug\link.9320.read.1.tlog
C:\Users\VietNamSon\OneDrive\Desktop\Tai lieu chuong Cau Truc Cay\Cay_Nhi_Phan_Tim_Kiem\Demo_TaoVaXuLyCay\Debug\link.9320.write.1.tlog
C:\Users\VietNamSon\OneDrive\Desktop\Tai lieu chuong Cau Truc Cay\Cay_Nhi_Phan_Tim_Kiem\Demo_TaoVaXuLyCay\Debug\link.9420-cvtres.read.1.tlog
C:\Users\VietNamSon\OneDrive\Desktop\Tai lieu chuong Cau Truc Cay\Cay_Nhi_Phan_Tim_Kiem\Demo_TaoVaXuLyCay\Debug\link.9420-cvtres.write.1.tlog
C:\Users\VietNamSon\OneDrive\Desktop\Tai lieu chuong Cau Truc Cay\Cay_Nhi_Phan_Tim_Kiem\Demo_TaoVaXuLyCay\Debug\link.9420-rc.read.1.tlog
C:\Users\VietNamSon\OneDrive\Desktop\Tai lieu chuong Cau Truc Cay\Cay_Nhi_Phan_Tim_Kiem\Demo_TaoVaXuLyCay\Debug\link.9420-rc.write.1.tlog
C:\Users\VietNamSon\OneDrive\Desktop\Tai lieu chuong Cau Truc Cay\Cay_Nhi_Phan_Tim_Kiem\Demo_TaoVaXuLyCay\Debug\link.9420.read.1.tlog
C:\Users\VietNamSon\OneDrive\Desktop\Tai lieu chuong Cau Truc Cay\Cay_Nhi_Phan_Tim_Kiem\Demo_TaoVaXuLyCay\Debug\link.9420.write.1.tlog
C:\Users\VietNamSon\OneDrive\Desktop\Tai lieu chuong Cau Truc Cay\Cay_Nhi_Phan_Tim_Kiem\Demo_TaoVaXuLyCay\Debug\link.command.1.tlog
C:\Users\VietNamSon\OneDrive\Desktop\Tai lieu chuong Cau Truc Cay\Cay_Nhi_Phan_Tim_Kiem\Demo_TaoVaXuLyCay\Debug\link.read.1.tlog
C:\Users\VietNamSon\OneDrive\Desktop\Tai lieu chuong Cau Truc Cay\Cay_Nhi_Phan_Tim_Kiem\Demo_TaoVaXuLyCay\Debug\link.write.1.tlog
C:\Users\VietNamSon\OneDrive\Desktop\Tai lieu chuong Cau Truc Cay\Cay_Nhi_Phan_Tim_Kiem\Demo_TaoVaXuLyCay\Debug\vc110.idb
C:\Users\VietNamSon\OneDrive\Desktop\Tai lieu chuong Cau Truc Cay\Cay_Nhi_Phan_Tim_Kiem\Demo_TaoVaXuLyCay\Debug\vc110.pdb
