C:\USERS\VIETNAMSON\ONEDRIVE\DESKTOP\TAI LIEU CHUONG CAU TRUC CAY\CAY_NHI_PHAN_TIM_KIEM\QUANLYTUDIENANHVIET\DEBUG\SOURCE.OBJ
C:\USERS\VIETNAMSON\ONEDRIVE\DESKTOP\TAI LIEU CHUONG CAU TRUC CAY\CAY_NHI_PHAN_TIM_KIEM\QUANLYTUDIENANHVIET\DEBUG\VC110.PDB
C:\USERS\VIETNAMSON\ONEDRIVE\DESKTOP\TAI LIEU CHUONG CAU TRUC CAY\CAY_NHI_PHAN_TIM_KIEM\DEBUG\QUANLYTUDIENANHVIET.ILK
C:\USERS\VIETNAMSON\ONEDRIVE\DESKTOP\TAI LIEU CHUONG CAU TRUC CAY\CAY_NHI_PHAN_TIM_KIEM\DEBUG\QUANLYTUDIENANHVIET.EXE
C:\USERS\VIETNAMSON\ONEDRIVE\DESKTOP\TAI LIEU CHUONG CAU TRUC CAY\CAY_NHI_PHAN_TIM_KIEM\DEBUG\QUANLYTUDIENANHVIET.PDB
C:\Users\VietNamSon\OneDrive\Desktop\Tai lieu chuong Cau Truc Cay\Cay_Nhi_Phan_Tim_Kiem\QuanLyTuDienAnhViet\Debug\cl.command.1.tlog
C:\Users\VietNamSon\OneDrive\Desktop\Tai lieu chuong Cau Truc Cay\Cay_Nhi_Phan_Tim_Kiem\QuanLyTuDienAnhViet\Debug\CL.read.1.tlog
C:\Users\VietNamSon\OneDrive\Desktop\Tai lieu chuong Cau Truc Cay\Cay_Nhi_Phan_Tim_Kiem\QuanLyTuDienAnhViet\Debug\CL.write.1.tlog
C:\Users\VietNamSon\OneDrive\Desktop\Tai lieu chuong Cau Truc Cay\Cay_Nhi_Phan_Tim_Kiem\QuanLyTuDienAnhViet\Debug\link-cvtres.read.1.tlog
C:\Users\VietNamSon\OneDrive\Desktop\Tai lieu chuong Cau Truc Cay\Cay_Nhi_Phan_Tim_Kiem\QuanLyTuDienAnhViet\Debug\link-cvtres.write.1.tlog
C:\Users\VietNamSon\OneDrive\Desktop\Tai lieu chuong Cau Truc Cay\Cay_Nhi_Phan_Tim_Kiem\QuanLyTuDienAnhViet\Debug\link-rc.read.1.tlog
C:\Users\VietNamSon\OneDrive\Desktop\Tai lieu chuong Cau Truc Cay\Cay_Nhi_Phan_Tim_Kiem\QuanLyTuDienAnhViet\Debug\link-rc.write.1.tlog
C:\Users\VietNamSon\OneDrive\Desktop\Tai lieu chuong Cau Truc Cay\Cay_Nhi_Phan_Tim_Kiem\QuanLyTuDienAnhViet\Debug\link.11464-cvtres.read.1.tlog
C:\Users\VietNamSon\OneDrive\Desktop\Tai lieu chuong Cau Truc Cay\Cay_Nhi_Phan_Tim_Kiem\QuanLyTuDienAnhViet\Debug\link.11464-cvtres.write.1.tlog
C:\Users\VietNamSon\OneDrive\Desktop\Tai lieu chuong Cau Truc Cay\Cay_Nhi_Phan_Tim_Kiem\QuanLyTuDienAnhViet\Debug\link.11464-rc.read.1.tlog
C:\Users\VietNamSon\OneDrive\Desktop\Tai lieu chuong Cau Truc Cay\Cay_Nhi_Phan_Tim_Kiem\QuanLyTuDienAnhViet\Debug\link.11464-rc.write.1.tlog
C:\Users\VietNamSon\OneDrive\Desktop\Tai lieu chuong Cau Truc Cay\Cay_Nhi_Phan_Tim_Kiem\QuanLyTuDienAnhViet\Debug\link.11464.read.1.tlog
C:\Users\VietNamSon\OneDrive\Desktop\Tai lieu chuong Cau Truc Cay\Cay_Nhi_Phan_Tim_Kiem\QuanLyTuDienAnhViet\Debug\link.11464.write.1.tlog
C:\Users\VietNamSon\OneDrive\Desktop\Tai lieu chuong Cau Truc Cay\Cay_Nhi_Phan_Tim_Kiem\QuanLyTuDienAnhViet\Debug\link.12304-cvtres.read.1.tlog
C:\Users\VietNamSon\OneDrive\Desktop\Tai lieu chuong Cau Truc Cay\Cay_Nhi_Phan_Tim_Kiem\QuanLyTuDienAnhViet\Debug\link.12304-cvtres.write.1.tlog
C:\Users\VietNamSon\OneDrive\Desktop\Tai lieu chuong Cau Truc Cay\Cay_Nhi_Phan_Tim_Kiem\QuanLyTuDienAnhViet\Debug\link.12304-rc.read.1.tlog
C:\Users\VietNamSon\OneDrive\Desktop\Tai lieu chuong Cau Truc Cay\Cay_Nhi_Phan_Tim_Kiem\QuanLyTuDienAnhViet\Debug\link.12304-rc.write.1.tlog
C:\Users\VietNamSon\OneDrive\Desktop\Tai lieu chuong Cau Truc Cay\Cay_Nhi_Phan_Tim_Kiem\QuanLyTuDienAnhViet\Debug\link.12304.read.1.tlog
C:\Users\VietNamSon\OneDrive\Desktop\Tai lieu chuong Cau Truc Cay\Cay_Nhi_Phan_Tim_Kiem\QuanLyTuDienAnhViet\Debug\link.12304.write.1.tlog
C:\Users\VietNamSon\OneDrive\Desktop\Tai lieu chuong Cau Truc Cay\Cay_Nhi_Phan_Tim_Kiem\QuanLyTuDienAnhViet\Debug\link.command.1.tlog
C:\Users\VietNamSon\OneDrive\Desktop\Tai lieu chuong Cau Truc Cay\Cay_Nhi_Phan_Tim_Kiem\QuanLyTuDienAnhViet\Debug\link.read.1.tlog
C:\Users\VietNamSon\OneDrive\Desktop\Tai lieu chuong Cau Truc Cay\Cay_Nhi_Phan_Tim_Kiem\QuanLyTuDienAnhViet\Debug\link.write.1.tlog
C:\Users\VietNamSon\OneDrive\Desktop\Tai lieu chuong Cau Truc Cay\Cay_Nhi_Phan_Tim_Kiem\QuanLyTuDienAnhViet\Debug\vc110.idb
C:\Users\VietNamSon\OneDrive\Desktop\Tai lieu chuong Cau Truc Cay\Cay_Nhi_Phan_Tim_Kiem\QuanLyTuDienAnhViet\Debug\vc110.pdb
C:\Users\VietNamSon\OneDrive\Desktop\Tai lieu chuong Cau Truc Cay\Cay_Nhi_Phan_Tim_Kiem\Debug\QuanLyTuDienAnhViet.pdb
C:\Users\VietNamSon\OneDrive\Desktop\Tai lieu chuong Cau Truc Cay\Cay_Nhi_Phan_Tim_Kiem\Debug\QuanLyTuDienAnhViet.exe
C:\Users\VietNamSon\OneDrive\Desktop\Tai lieu chuong Cau Truc Cay\Cay_Nhi_Phan_Tim_Kiem\Debug\QuanLyTuDienAnhViet.ilk
